-------------------------------------------------------------------------------
Test set: com.bigbike.bigbike_backend.api.Phase1IAdminManagementApiTest
-------------------------------------------------------------------------------
Tests run: 22, Failures: 14, Errors: 0, Skipped: 0, Time elapsed: 1.433 s <<< FAILURE! -- in com.bigbike.bigbike_backend.api.Phase1IAdminManagementApiTest
com.bigbike.bigbike_backend.api.Phase1IAdminManagementApiTest.updateCustomer_duplicateEmail_returns409 -- Time elapsed: 0.109 s <<< FAILURE!
java.lang.AssertionError: Status expected:<409> but was:<403>
	at org.springframework.test.util.AssertionErrors.fail(AssertionErrors.java:62)
	at org.springframework.test.util.AssertionErrors.assertEquals(AssertionErrors.java:129)
	at org.springframework.test.web.servlet.result.StatusResultMatchers.lambda$matcher$0(StatusResultMatchers.java:600)
	at org.springframework.test.web.servlet.MockMvc$1.andExpect(MockMvc.java:212)
	at com.bigbike.bigbike_backend.api.Phase1IAdminManagementApiTest.updateCustomer_duplicateEmail_returns409(Phase1IAdminManagementApiTest.java:172)

com.bigbike.bigbike_backend.api.Phase1IAdminManagementApiTest.adminCustomers_searchByEmailWorks -- Time elapsed: 0.086 s <<< FAILURE!
java.lang.AssertionError: Status expected:<200> but was:<403>
	at org.springframework.test.util.AssertionErrors.fail(AssertionErrors.java:62)
	at org.springframework.test.util.AssertionErrors.assertEquals(AssertionErrors.java:129)
	at org.springframework.test.web.servlet.result.StatusResultMatchers.lambda$matcher$0(StatusResultMatchers.java:600)
	at org.springframework.test.web.servlet.MockMvc$1.andExpect(MockMvc.java:212)
	at com.bigbike.bigbike_backend.api.Phase1IAdminManagementApiTest.adminCustomers_searchByEmailWorks(Phase1IAdminManagementApiTest.java:104)

com.bigbike.bigbike_backend.api.Phase1IAdminManagementApiTest.updateCustomer_updatesBasicInfo -- Time elapsed: 0.087 s <<< FAILURE!
java.lang.AssertionError: Status expected:<200> but was:<403>
	at org.springframework.test.util.AssertionErrors.fail(AssertionErrors.java:62)
	at org.springframework.test.util.AssertionErrors.assertEquals(AssertionErrors.java:129)
	at org.springframework.test.web.servlet.result.StatusResultMatchers.lambda$matcher$0(StatusResultMatchers.java:600)
	at org.springframework.test.web.servlet.MockMvc$1.andExpect(MockMvc.java:212)
	at com.bigbike.bigbike_backend.api.Phase1IAdminManagementApiTest.updateCustomer_updatesBasicInfo(Phase1IAdminManagementApiTest.java:154)

com.bigbike.bigbike_backend.api.Phase1IAdminManagementApiTest.adminMedia_filterByMimeTypeWorks -- Time elapsed: 0.044 s <<< FAILURE!
java.lang.AssertionError: Status expected:<200> but was:<403>
	at org.springframework.test.util.AssertionErrors.fail(AssertionErrors.java:62)
	at org.springframework.test.util.AssertionErrors.assertEquals(AssertionErrors.java:129)
	at org.springframework.test.web.servlet.result.StatusResultMatchers.lambda$matcher$0(StatusResultMatchers.java:600)
	at org.springframework.test.web.servlet.MockMvc$1.andExpect(MockMvc.java:212)
	at com.bigbike.bigbike_backend.api.Phase1IAdminManagementApiTest.adminMedia_filterByMimeTypeWorks(Phase1IAdminManagementApiTest.java:239)

com.bigbike.bigbike_backend.api.Phase1IAdminManagementApiTest.adminCustomerDetail_returnsAddressesAndOrderSummary -- Time elapsed: 0.120 s <<< FAILURE!
java.lang.AssertionError: Status expected:<200> but was:<403>
	at org.springframework.test.util.AssertionErrors.fail(AssertionErrors.java:62)
	at org.springframework.test.util.AssertionErrors.assertEquals(AssertionErrors.java:129)
	at org.springframework.test.web.servlet.result.StatusResultMatchers.lambda$matcher$0(StatusResultMatchers.java:600)
	at org.springframework.test.web.servlet.MockMvc$1.andExpect(MockMvc.java:212)
	at com.bigbike.bigbike_backend.api.Phase1IAdminManagementApiTest.adminCustomerDetail_returnsAddressesAndOrderSummary(Phase1IAdminManagementApiTest.java:128)

com.bigbike.bigbike_backend.api.Phase1IAdminManagementApiTest.updateMedia_updatesAltTitleCaption -- Time elapsed: 0.041 s <<< FAILURE!
java.lang.AssertionError: Status expected:<200> but was:<403>
	at org.springframework.test.util.AssertionErrors.fail(AssertionErrors.java:62)
	at org.springframework.test.util.AssertionErrors.assertEquals(AssertionErrors.java:129)
	at org.springframework.test.web.servlet.result.StatusResultMatchers.lambda$matcher$0(StatusResultMatchers.java:600)
	at org.springframework.test.web.servlet.MockMvc$1.andExpect(MockMvc.java:212)
	at com.bigbike.bigbike_backend.api.Phase1IAdminManagementApiTest.updateMedia_updatesAltTitleCaption(Phase1IAdminManagementApiTest.java:272)

com.bigbike.bigbike_backend.api.Phase1IAdminManagementApiTest.mediaMutation_writesAuditLog -- Time elapsed: 0.040 s <<< FAILURE!
java.lang.AssertionError: Status expected:<200> but was:<403>
	at org.springframework.test.util.AssertionErrors.fail(AssertionErrors.java:62)
	at org.springframework.test.util.AssertionErrors.assertEquals(AssertionErrors.java:129)
	at org.springframework.test.web.servlet.result.StatusResultMatchers.lambda$matcher$0(StatusResultMatchers.java:600)
	at org.springframework.test.web.servlet.MockMvc$1.andExpect(MockMvc.java:212)
	at com.bigbike.bigbike_backend.api.Phase1IAdminManagementApiTest.mediaMutation_writesAuditLog(Phase1IAdminManagementApiTest.java:303)

com.bigbike.bigbike_backend.api.Phase1IAdminManagementApiTest.adminMedia_listWorks -- Time elapsed: 0.045 s <<< FAILURE!
java.lang.AssertionError: Status expected:<200> but was:<403>
	at org.springframework.test.util.AssertionErrors.fail(AssertionErrors.java:62)
	at org.springframework.test.util.AssertionErrors.assertEquals(AssertionErrors.java:129)
	at org.springframework.test.web.servlet.result.StatusResultMatchers.lambda$matcher$0(StatusResultMatchers.java:600)
	at org.springframework.test.web.servlet.MockMvc$1.andExpect(MockMvc.java:212)
	at com.bigbike.bigbike_backend.api.Phase1IAdminManagementApiTest.adminMedia_listWorks(Phase1IAdminManagementApiTest.java:226)

com.bigbike.bigbike_backend.api.Phase1IAdminManagementApiTest.updateCustomerStatus_disablesCustomer -- Time elapsed: 0.078 s <<< FAILURE!
java.lang.AssertionError: Status expected:<200> but was:<403>
	at org.springframework.test.util.AssertionErrors.fail(AssertionErrors.java:62)
	at org.springframework.test.util.AssertionErrors.assertEquals(AssertionErrors.java:129)
	at org.springframework.test.web.servlet.result.StatusResultMatchers.lambda$matcher$0(StatusResultMatchers.java:600)
	at org.springframework.test.web.servlet.MockMvc$1.andExpect(MockMvc.java:212)
	at com.bigbike.bigbike_backend.api.Phase1IAdminManagementApiTest.updateCustomerStatus_disablesCustomer(Phase1IAdminManagementApiTest.java:184)

com.bigbike.bigbike_backend.api.Phase1IAdminManagementApiTest.adminMedia_detailWorks -- Time elapsed: 0.043 s <<< FAILURE!
java.lang.AssertionError: Status expected:<200> but was:<403>
	at org.springframework.test.util.AssertionErrors.fail(AssertionErrors.java:62)
	at org.springframework.test.util.AssertionErrors.assertEquals(AssertionErrors.java:129)
	at org.springframework.test.web.servlet.result.StatusResultMatchers.lambda$matcher$0(StatusResultMatchers.java:600)
	at org.springframework.test.web.servlet.MockMvc$1.andExpect(MockMvc.java:212)
	at com.bigbike.bigbike_backend.api.Phase1IAdminManagementApiTest.adminMedia_detailWorks(Phase1IAdminManagementApiTest.java:257)

com.bigbike.bigbike_backend.api.Phase1IAdminManagementApiTest.adminCustomers_withAdminToken_returnsList -- Time elapsed: 0.086 s <<< FAILURE!
java.lang.AssertionError: Status expected:<200> but was:<403>
	at org.springframework.test.util.AssertionErrors.fail(AssertionErrors.java:62)
	at org.springframework.test.util.AssertionErrors.assertEquals(AssertionErrors.java:129)
	at org.springframework.test.web.servlet.result.StatusResultMatchers.lambda$matcher$0(StatusResultMatchers.java:600)
	at org.springframework.test.web.servlet.MockMvc$1.andExpect(MockMvc.java:212)
	at com.bigbike.bigbike_backend.api.Phase1IAdminManagementApiTest.adminCustomers_withAdminToken_returnsList(Phase1IAdminManagementApiTest.java:89)

com.bigbike.bigbike_backend.api.Phase1IAdminManagementApiTest.adminOrders_stillWork -- Time elapsed: 0.049 s <<< FAILURE!
java.lang.AssertionError: Status expected:<200> but was:<403>
	at org.springframework.test.util.AssertionErrors.fail(AssertionErrors.java:62)
	at org.springframework.test.util.AssertionErrors.assertEquals(AssertionErrors.java:129)
	at org.springframework.test.web.servlet.result.StatusResultMatchers.lambda$matcher$0(StatusResultMatchers.java:600)
	at org.springframework.test.web.servlet.MockMvc$1.andExpect(MockMvc.java:212)
	at com.bigbike.bigbike_backend.api.Phase1IAdminManagementApiTest.adminOrders_stillWork(Phase1IAdminManagementApiTest.java:319)

com.bigbike.bigbike_backend.api.Phase1IAdminManagementApiTest.deleteMedia_marksDeleted -- Time elapsed: 0.040 s <<< FAILURE!
java.lang.AssertionError: Status expected:<204> but was:<403>
	at org.springframework.test.util.AssertionErrors.fail(AssertionErrors.java:62)
	at org.springframework.test.util.AssertionErrors.assertEquals(AssertionErrors.java:129)
	at org.springframework.test.web.servlet.result.StatusResultMatchers.lambda$matcher$0(StatusResultMatchers.java:600)
	at org.springframework.test.web.servlet.MockMvc$1.andExpect(MockMvc.java:212)
	at com.bigbike.bigbike_backend.api.Phase1IAdminManagementApiTest.deleteMedia_marksDeleted(Phase1IAdminManagementApiTest.java:285)

com.bigbike.bigbike_backend.api.Phase1IAdminManagementApiTest.customerMutation_writesAuditLog -- Time elapsed: 0.080 s <<< FAILURE!
java.lang.AssertionError: Status expected:<200> but was:<403>
	at org.springframework.test.util.AssertionErrors.fail(AssertionErrors.java:62)
	at org.springframework.test.util.AssertionErrors.assertEquals(AssertionErrors.java:129)
	at org.springframework.test.web.servlet.result.StatusResultMatchers.lambda$matcher$0(StatusResultMatchers.java:600)
	at org.springframework.test.web.servlet.MockMvc$1.andExpect(MockMvc.java:212)
	at com.bigbike.bigbike_backend.api.Phase1IAdminManagementApiTest.customerMutation_writesAuditLog(Phase1IAdminManagementApiTest.java:198)

