-------------------------------------------------------------------------------
Test set: com.bigbike.bigbike_backend.api.Phase1LReturnsApiTest
-------------------------------------------------------------------------------
Tests run: 18, Failures: 11, Errors: 0, Skipped: 0, Time elapsed: 3.223 s <<< FAILURE! -- in com.bigbike.bigbike_backend.api.Phase1LReturnsApiTest
com.bigbike.bigbike_backend.api.Phase1LReturnsApiTest.adminUpdateReturnStatus_viewerRole_returns403 -- Time elapsed: 0.343 s <<< FAILURE!
java.lang.AssertionError: Status expected:<201> but was:<400>
	at org.springframework.test.util.AssertionErrors.fail(AssertionErrors.java:62)
	at org.springframework.test.util.AssertionErrors.assertEquals(AssertionErrors.java:129)
	at org.springframework.test.web.servlet.result.StatusResultMatchers.lambda$matcher$0(StatusResultMatchers.java:600)
	at org.springframework.test.web.servlet.MockMvc$1.andExpect(MockMvc.java:212)
	at com.bigbike.bigbike_backend.api.Phase1LReturnsApiTest.adminUpdateReturnStatus_viewerRole_returns403(Phase1LReturnsApiTest.java:324)

com.bigbike.bigbike_backend.api.Phase1LReturnsApiTest.adminListReturns_searchByOrderNumber_filtersResults -- Time elapsed: 0.191 s <<< FAILURE!
java.lang.AssertionError: Status expected:<201> but was:<400>
	at org.springframework.test.util.AssertionErrors.fail(AssertionErrors.java:62)
	at org.springframework.test.util.AssertionErrors.assertEquals(AssertionErrors.java:129)
	at org.springframework.test.web.servlet.result.StatusResultMatchers.lambda$matcher$0(StatusResultMatchers.java:600)
	at org.springframework.test.web.servlet.MockMvc$1.andExpect(MockMvc.java:212)
	at com.bigbike.bigbike_backend.api.Phase1LReturnsApiTest.adminListReturns_searchByOrderNumber_filtersResults(Phase1LReturnsApiTest.java:347)

com.bigbike.bigbike_backend.api.Phase1LReturnsApiTest.adminListReturns_filterByStatus_returnsPendingOnly -- Time elapsed: 0.153 s <<< FAILURE!
java.lang.AssertionError: Status expected:<201> but was:<400>
	at org.springframework.test.util.AssertionErrors.fail(AssertionErrors.java:62)
	at org.springframework.test.util.AssertionErrors.assertEquals(AssertionErrors.java:129)
	at org.springframework.test.web.servlet.result.StatusResultMatchers.lambda$matcher$0(StatusResultMatchers.java:600)
	at org.springframework.test.web.servlet.MockMvc$1.andExpect(MockMvc.java:212)
	at com.bigbike.bigbike_backend.api.Phase1LReturnsApiTest.adminListReturns_filterByStatus_returnsPendingOnly(Phase1LReturnsApiTest.java:367)

com.bigbike.bigbike_backend.api.Phase1LReturnsApiTest.getReturn_otherCustomer_returns404 -- Time elapsed: 0.167 s <<< FAILURE!
java.lang.AssertionError: Status expected:<201> but was:<400>
	at org.springframework.test.util.AssertionErrors.fail(AssertionErrors.java:62)
	at org.springframework.test.util.AssertionErrors.assertEquals(AssertionErrors.java:129)
	at org.springframework.test.web.servlet.result.StatusResultMatchers.lambda$matcher$0(StatusResultMatchers.java:600)
	at org.springframework.test.web.servlet.MockMvc$1.andExpect(MockMvc.java:212)
	at com.bigbike.bigbike_backend.api.Phase1LReturnsApiTest.getReturn_otherCustomer_returns404(Phase1LReturnsApiTest.java:212)

com.bigbike.bigbike_backend.api.Phase1LReturnsApiTest.adminUpdateReturnStatus_toApproved_succeeds -- Time elapsed: 0.192 s <<< FAILURE!
java.lang.AssertionError: Status expected:<201> but was:<400>
	at org.springframework.test.util.AssertionErrors.fail(AssertionErrors.java:62)
	at org.springframework.test.util.AssertionErrors.assertEquals(AssertionErrors.java:129)
	at org.springframework.test.web.servlet.result.StatusResultMatchers.lambda$matcher$0(StatusResultMatchers.java:600)
	at org.springframework.test.web.servlet.MockMvc$1.andExpect(MockMvc.java:212)
	at com.bigbike.bigbike_backend.api.Phase1LReturnsApiTest.adminUpdateReturnStatus_toApproved_succeeds(Phase1LReturnsApiTest.java:299)

com.bigbike.bigbike_backend.api.Phase1LReturnsApiTest.createReturn_completedOrder_returns201WithReturnNumber -- Time elapsed: 0.172 s <<< FAILURE!
java.lang.AssertionError: Status expected:<201> but was:<400>
	at org.springframework.test.util.AssertionErrors.fail(AssertionErrors.java:62)
	at org.springframework.test.util.AssertionErrors.assertEquals(AssertionErrors.java:129)
	at org.springframework.test.web.servlet.result.StatusResultMatchers.lambda$matcher$0(StatusResultMatchers.java:600)
	at org.springframework.test.web.servlet.MockMvc$1.andExpect(MockMvc.java:212)
	at com.bigbike.bigbike_backend.api.Phase1LReturnsApiTest.createReturn_completedOrder_returns201WithReturnNumber(Phase1LReturnsApiTest.java:145)

com.bigbike.bigbike_backend.api.Phase1LReturnsApiTest.createReturn_duplicate_returns400 -- Time elapsed: 0.188 s <<< FAILURE!
java.lang.AssertionError: Status expected:<201> but was:<400>
	at org.springframework.test.util.AssertionErrors.fail(AssertionErrors.java:62)
	at org.springframework.test.util.AssertionErrors.assertEquals(AssertionErrors.java:129)
	at org.springframework.test.web.servlet.result.StatusResultMatchers.lambda$matcher$0(StatusResultMatchers.java:600)
	at org.springframework.test.web.servlet.MockMvc$1.andExpect(MockMvc.java:212)
	at com.bigbike.bigbike_backend.api.Phase1LReturnsApiTest.createReturn_duplicate_returns400(Phase1LReturnsApiTest.java:233)

com.bigbike.bigbike_backend.api.Phase1LReturnsApiTest.adminGetReturn_existingReturn_returnsDetail -- Time elapsed: 0.236 s <<< FAILURE!
java.lang.AssertionError: Status expected:<201> but was:<400>
	at org.springframework.test.util.AssertionErrors.fail(AssertionErrors.java:62)
	at org.springframework.test.util.AssertionErrors.assertEquals(AssertionErrors.java:129)
	at org.springframework.test.web.servlet.result.StatusResultMatchers.lambda$matcher$0(StatusResultMatchers.java:600)
	at org.springframework.test.web.servlet.MockMvc$1.andExpect(MockMvc.java:212)
	at com.bigbike.bigbike_backend.api.Phase1LReturnsApiTest.adminGetReturn_existingReturn_returnsDetail(Phase1LReturnsApiTest.java:274)

com.bigbike.bigbike_backend.api.Phase1LReturnsApiTest.listReturns_afterCreation_containsReturn -- Time elapsed: 0.178 s <<< FAILURE!
java.lang.AssertionError: Status expected:<201> but was:<400>
	at org.springframework.test.util.AssertionErrors.fail(AssertionErrors.java:62)
	at org.springframework.test.util.AssertionErrors.assertEquals(AssertionErrors.java:129)
	at org.springframework.test.web.servlet.result.StatusResultMatchers.lambda$matcher$0(StatusResultMatchers.java:600)
	at org.springframework.test.web.servlet.MockMvc$1.andExpect(MockMvc.java:212)
	at com.bigbike.bigbike_backend.api.Phase1LReturnsApiTest.listReturns_afterCreation_containsReturn(Phase1LReturnsApiTest.java:166)

com.bigbike.bigbike_backend.api.Phase1LReturnsApiTest.getReturn_ownReturn_returnsFullDetail -- Time elapsed: 0.194 s <<< FAILURE!
java.lang.AssertionError: Status expected:<201> but was:<400>
	at org.springframework.test.util.AssertionErrors.fail(AssertionErrors.java:62)
	at org.springframework.test.util.AssertionErrors.assertEquals(AssertionErrors.java:129)
	at org.springframework.test.web.servlet.result.StatusResultMatchers.lambda$matcher$0(StatusResultMatchers.java:600)
	at org.springframework.test.web.servlet.MockMvc$1.andExpect(MockMvc.java:212)
	at com.bigbike.bigbike_backend.api.Phase1LReturnsApiTest.getReturn_ownReturn_returnsFullDetail(Phase1LReturnsApiTest.java:186)

com.bigbike.bigbike_backend.api.Phase1LReturnsApiTest.adminGetReturn_includesOrderNumberAndCustomerEmail -- Time elapsed: 0.176 s <<< FAILURE!
java.lang.AssertionError: Status expected:<201> but was:<400>
	at org.springframework.test.util.AssertionErrors.fail(AssertionErrors.java:62)
	at org.springframework.test.util.AssertionErrors.assertEquals(AssertionErrors.java:129)
	at org.springframework.test.web.servlet.result.StatusResultMatchers.lambda$matcher$0(StatusResultMatchers.java:600)
	at org.springframework.test.web.servlet.MockMvc$1.andExpect(MockMvc.java:212)
	at com.bigbike.bigbike_backend.api.Phase1LReturnsApiTest.adminGetReturn_includesOrderNumberAndCustomerEmail(Phase1LReturnsApiTest.java:394)

