-------------------------------------------------------------------------------
Test set: com.bigbike.bigbike_backend.api.Phase1LReturnsApiTest
-------------------------------------------------------------------------------
Tests run: 27, Failures: 9, Errors: 0, Skipped: 0, Time elapsed: 6.217 s <<< FAILURE! -- in com.bigbike.bigbike_backend.api.Phase1LReturnsApiTest
com.bigbike.bigbike_backend.api.Phase1LReturnsApiTest.adminListReturns_searchByOrderNumber_filtersResults -- Time elapsed: 0.215 s <<< FAILURE!
java.lang.AssertionError: Status expected:<200> but was:<403>
	at org.springframework.test.util.AssertionErrors.fail(AssertionErrors.java:62)
	at org.springframework.test.util.AssertionErrors.assertEquals(AssertionErrors.java:129)
	at org.springframework.test.web.servlet.result.StatusResultMatchers.lambda$matcher$0(StatusResultMatchers.java:600)
	at org.springframework.test.web.servlet.MockMvc$1.andExpect(MockMvc.java:212)
	at com.bigbike.bigbike_backend.api.Phase1LReturnsApiTest.adminListReturns_searchByOrderNumber_filtersResults(Phase1LReturnsApiTest.java:359)

com.bigbike.bigbike_backend.api.Phase1LReturnsApiTest.adminUpdateReturnStatus_rmaRefunded_syncsOrderAndPayment -- Time elapsed: 0.258 s <<< FAILURE!
java.lang.AssertionError: Status expected:<200> but was:<403>
	at org.springframework.test.util.AssertionErrors.fail(AssertionErrors.java:62)
	at org.springframework.test.util.AssertionErrors.assertEquals(AssertionErrors.java:129)
	at org.springframework.test.web.servlet.result.StatusResultMatchers.lambda$matcher$0(StatusResultMatchers.java:600)
	at org.springframework.test.web.servlet.MockMvc$1.andExpect(MockMvc.java:212)
	at com.bigbike.bigbike_backend.api.Phase1LReturnsApiTest.adminUpdateReturnStatus_rmaRefunded_syncsOrderAndPayment(Phase1LReturnsApiTest.java:653)

com.bigbike.bigbike_backend.api.Phase1LReturnsApiTest.adminListReturns_filterByStatus_returnsPendingOnly -- Time elapsed: 0.221 s <<< FAILURE!
java.lang.AssertionError: Status expected:<200> but was:<403>
	at org.springframework.test.util.AssertionErrors.fail(AssertionErrors.java:62)
	at org.springframework.test.util.AssertionErrors.assertEquals(AssertionErrors.java:129)
	at org.springframework.test.web.servlet.result.StatusResultMatchers.lambda$matcher$0(StatusResultMatchers.java:600)
	at org.springframework.test.web.servlet.MockMvc$1.andExpect(MockMvc.java:212)
	at com.bigbike.bigbike_backend.api.Phase1LReturnsApiTest.adminListReturns_filterByStatus_returnsPendingOnly(Phase1LReturnsApiTest.java:378)

com.bigbike.bigbike_backend.api.Phase1LReturnsApiTest.adminUpdateReturnStatus_fullLifecycle_completedAndStockRestored -- Time elapsed: 0.230 s <<< FAILURE!
java.lang.AssertionError: Status expected:<200> but was:<403>
	at org.springframework.test.util.AssertionErrors.fail(AssertionErrors.java:62)
	at org.springframework.test.util.AssertionErrors.assertEquals(AssertionErrors.java:129)
	at org.springframework.test.web.servlet.result.StatusResultMatchers.lambda$matcher$0(StatusResultMatchers.java:600)
	at org.springframework.test.web.servlet.MockMvc$1.andExpect(MockMvc.java:212)
	at com.bigbike.bigbike_backend.api.Phase1LReturnsApiTest.adminUpdateReturnStatus_fullLifecycle_completedAndStockRestored(Phase1LReturnsApiTest.java:589)

com.bigbike.bigbike_backend.api.Phase1LReturnsApiTest.adminUpdateReturnStatus_toApproved_succeeds -- Time elapsed: 0.199 s <<< FAILURE!
java.lang.AssertionError: Status expected:<200> but was:<403>
	at org.springframework.test.util.AssertionErrors.fail(AssertionErrors.java:62)
	at org.springframework.test.util.AssertionErrors.assertEquals(AssertionErrors.java:129)
	at org.springframework.test.web.servlet.result.StatusResultMatchers.lambda$matcher$0(StatusResultMatchers.java:600)
	at org.springframework.test.web.servlet.MockMvc$1.andExpect(MockMvc.java:212)
	at com.bigbike.bigbike_backend.api.Phase1LReturnsApiTest.adminUpdateReturnStatus_toApproved_succeeds(Phase1LReturnsApiTest.java:315)

com.bigbike.bigbike_backend.api.Phase1LReturnsApiTest.adminUpdateReturnStatus_invalidTransition_pendingToCompleted_returns400 -- Time elapsed: 0.247 s <<< FAILURE!
java.lang.AssertionError: Status expected:<400> but was:<403>
	at org.springframework.test.util.AssertionErrors.fail(AssertionErrors.java:62)
	at org.springframework.test.util.AssertionErrors.assertEquals(AssertionErrors.java:129)
	at org.springframework.test.web.servlet.result.StatusResultMatchers.lambda$matcher$0(StatusResultMatchers.java:600)
	at org.springframework.test.web.servlet.MockMvc$1.andExpect(MockMvc.java:212)
	at com.bigbike.bigbike_backend.api.Phase1LReturnsApiTest.adminUpdateReturnStatus_invalidTransition_pendingToCompleted_returns400(Phase1LReturnsApiTest.java:564)

com.bigbike.bigbike_backend.api.Phase1LReturnsApiTest.adminListReturns_authenticated_returnsPaginatedResult -- Time elapsed: 0.117 s <<< FAILURE!
java.lang.AssertionError: Status expected:<200> but was:<403>
	at org.springframework.test.util.AssertionErrors.fail(AssertionErrors.java:62)
	at org.springframework.test.util.AssertionErrors.assertEquals(AssertionErrors.java:129)
	at org.springframework.test.web.servlet.result.StatusResultMatchers.lambda$matcher$0(StatusResultMatchers.java:600)
	at org.springframework.test.web.servlet.MockMvc$1.andExpect(MockMvc.java:212)
	at com.bigbike.bigbike_backend.api.Phase1LReturnsApiTest.adminListReturns_authenticated_returnsPaginatedResult(Phase1LReturnsApiTest.java:264)

com.bigbike.bigbike_backend.api.Phase1LReturnsApiTest.adminGetReturn_existingReturn_returnsDetail -- Time elapsed: 0.234 s <<< FAILURE!
java.lang.AssertionError: Status expected:<200> but was:<403>
	at org.springframework.test.util.AssertionErrors.fail(AssertionErrors.java:62)
	at org.springframework.test.util.AssertionErrors.assertEquals(AssertionErrors.java:129)
	at org.springframework.test.web.servlet.result.StatusResultMatchers.lambda$matcher$0(StatusResultMatchers.java:600)
	at org.springframework.test.web.servlet.MockMvc$1.andExpect(MockMvc.java:212)
	at com.bigbike.bigbike_backend.api.Phase1LReturnsApiTest.adminGetReturn_existingReturn_returnsDetail(Phase1LReturnsApiTest.java:288)

com.bigbike.bigbike_backend.api.Phase1LReturnsApiTest.adminGetReturn_includesOrderNumberAndCustomerEmail -- Time elapsed: 0.207 s <<< FAILURE!
java.lang.AssertionError: Status expected:<200> but was:<403>
	at org.springframework.test.util.AssertionErrors.fail(AssertionErrors.java:62)
	at org.springframework.test.util.AssertionErrors.assertEquals(AssertionErrors.java:129)
	at org.springframework.test.web.servlet.result.StatusResultMatchers.lambda$matcher$0(StatusResultMatchers.java:600)
	at org.springframework.test.web.servlet.MockMvc$1.andExpect(MockMvc.java:212)
	at com.bigbike.bigbike_backend.api.Phase1LReturnsApiTest.adminGetReturn_includesOrderNumberAndCustomerEmail(Phase1LReturnsApiTest.java:407)

