-------------------------------------------------------------------------------
Test set: com.bigbike.bigbike_backend.api.Phase1JAdminSettingsMenuCouponApiTest
-------------------------------------------------------------------------------
Tests run: 83, Failures: 65, Errors: 0, Skipped: 0, Time elapsed: 4.058 s <<< FAILURE! -- in com.bigbike.bigbike_backend.api.Phase1JAdminSettingsMenuCouponApiTest
com.bigbike.bigbike_backend.api.Phase1JAdminSettingsMenuCouponApiTest.adminSettings_nonSensitiveValue_notMasked -- Time elapsed: 0.080 s <<< FAILURE!
java.lang.AssertionError: Status expected:<200> but was:<403>
	at org.springframework.test.util.AssertionErrors.fail(AssertionErrors.java:62)
	at org.springframework.test.util.AssertionErrors.assertEquals(AssertionErrors.java:129)
	at org.springframework.test.web.servlet.result.StatusResultMatchers.lambda$matcher$0(StatusResultMatchers.java:600)
	at org.springframework.test.web.servlet.MockMvc$1.andExpect(MockMvc.java:212)
	at com.bigbike.bigbike_backend.api.Phase1JAdminSettingsMenuCouponApiTest.adminSettings_nonSensitiveValue_notMasked(Phase1JAdminSettingsMenuCouponApiTest.java:811)

com.bigbike.bigbike_backend.api.Phase1JAdminSettingsMenuCouponApiTest.adminMenus_deleteMenu_returns204 -- Time elapsed: 0.048 s <<< FAILURE!
java.lang.AssertionError: Status expected:<204> but was:<403>
	at org.springframework.test.util.AssertionErrors.fail(AssertionErrors.java:62)
	at org.springframework.test.util.AssertionErrors.assertEquals(AssertionErrors.java:129)
	at org.springframework.test.web.servlet.result.StatusResultMatchers.lambda$matcher$0(StatusResultMatchers.java:600)
	at org.springframework.test.web.servlet.MockMvc$1.andExpect(MockMvc.java:212)
	at com.bigbike.bigbike_backend.api.Phase1JAdminSettingsMenuCouponApiTest.adminMenus_deleteMenu_returns204(Phase1JAdminSettingsMenuCouponApiTest.java:307)

com.bigbike.bigbike_backend.api.Phase1JAdminSettingsMenuCouponApiTest.adminSettings_registeredNonPublicKey_isPublicTrue_rejected -- Time elapsed: 0.055 s <<< FAILURE!
java.lang.AssertionError: Status expected:<400> but was:<403>
	at org.springframework.test.util.AssertionErrors.fail(AssertionErrors.java:62)
	at org.springframework.test.util.AssertionErrors.assertEquals(AssertionErrors.java:129)
	at org.springframework.test.web.servlet.result.StatusResultMatchers.lambda$matcher$0(StatusResultMatchers.java:600)
	at org.springframework.test.web.servlet.MockMvc$1.andExpect(MockMvc.java:212)
	at com.bigbike.bigbike_backend.api.Phase1JAdminSettingsMenuCouponApiTest.adminSettings_registeredNonPublicKey_isPublicTrue_rejected(Phase1JAdminSettingsMenuCouponApiTest.java:910)

com.bigbike.bigbike_backend.api.Phase1JAdminSettingsMenuCouponApiTest.adminMenus_update_succeeds -- Time elapsed: 0.042 s <<< FAILURE!
java.lang.AssertionError: Status expected:<200> but was:<403>
	at org.springframework.test.util.AssertionErrors.fail(AssertionErrors.java:62)
	at org.springframework.test.util.AssertionErrors.assertEquals(AssertionErrors.java:129)
	at org.springframework.test.web.servlet.result.StatusResultMatchers.lambda$matcher$0(StatusResultMatchers.java:600)
	at org.springframework.test.web.servlet.MockMvc$1.andExpect(MockMvc.java:212)
	at com.bigbike.bigbike_backend.api.Phase1JAdminSettingsMenuCouponApiTest.adminMenus_update_succeeds(Phase1JAdminSettingsMenuCouponApiTest.java:239)

com.bigbike.bigbike_backend.api.Phase1JAdminSettingsMenuCouponApiTest.updateMenuItem_clearParentId_movesToRoot -- Time elapsed: 0.045 s <<< FAILURE!
java.lang.AssertionError: Status expected:<200> but was:<403>
	at org.springframework.test.util.AssertionErrors.fail(AssertionErrors.java:62)
	at org.springframework.test.util.AssertionErrors.assertEquals(AssertionErrors.java:129)
	at org.springframework.test.web.servlet.result.StatusResultMatchers.lambda$matcher$0(StatusResultMatchers.java:600)
	at org.springframework.test.web.servlet.MockMvc$1.andExpect(MockMvc.java:212)
	at com.bigbike.bigbike_backend.api.Phase1JAdminSettingsMenuCouponApiTest.updateMenuItem_clearParentId_movesToRoot(Phase1JAdminSettingsMenuCouponApiTest.java:699)

com.bigbike.bigbike_backend.api.Phase1JAdminSettingsMenuCouponApiTest.createMenu_invalidStatus_returns400 -- Time elapsed: 0.043 s <<< FAILURE!
java.lang.AssertionError: Status expected:<400> but was:<403>
	at org.springframework.test.util.AssertionErrors.fail(AssertionErrors.java:62)
	at org.springframework.test.util.AssertionErrors.assertEquals(AssertionErrors.java:129)
	at org.springframework.test.web.servlet.result.StatusResultMatchers.lambda$matcher$0(StatusResultMatchers.java:600)
	at org.springframework.test.web.servlet.MockMvc$1.andExpect(MockMvc.java:212)
	at com.bigbike.bigbike_backend.api.Phase1JAdminSettingsMenuCouponApiTest.createMenu_invalidStatus_returns400(Phase1JAdminSettingsMenuCouponApiTest.java:540)

com.bigbike.bigbike_backend.api.Phase1JAdminSettingsMenuCouponApiTest.adminSettings_getByKey_returnsDetail -- Time elapsed: 0.042 s <<< FAILURE!
java.lang.AssertionError: Status expected:<200> but was:<403>
	at org.springframework.test.util.AssertionErrors.fail(AssertionErrors.java:62)
	at org.springframework.test.util.AssertionErrors.assertEquals(AssertionErrors.java:129)
	at org.springframework.test.web.servlet.result.StatusResultMatchers.lambda$matcher$0(StatusResultMatchers.java:600)
	at org.springframework.test.web.servlet.MockMvc$1.andExpect(MockMvc.java:212)
	at com.bigbike.bigbike_backend.api.Phase1JAdminSettingsMenuCouponApiTest.adminSettings_getByKey_returnsDetail(Phase1JAdminSettingsMenuCouponApiTest.java:113)

com.bigbike.bigbike_backend.api.Phase1JAdminSettingsMenuCouponApiTest.adminSettings_googleMapsUrl_googleComEvil_returns400 -- Time elapsed: 0.046 s <<< FAILURE!
java.lang.AssertionError: Status expected:<400> but was:<403>
	at org.springframework.test.util.AssertionErrors.fail(AssertionErrors.java:62)
	at org.springframework.test.util.AssertionErrors.assertEquals(AssertionErrors.java:129)
	at org.springframework.test.web.servlet.result.StatusResultMatchers.lambda$matcher$0(StatusResultMatchers.java:600)
	at org.springframework.test.web.servlet.MockMvc$1.andExpect(MockMvc.java:212)
	at com.bigbike.bigbike_backend.api.Phase1JAdminSettingsMenuCouponApiTest.adminSettings_googleMapsUrl_googleComEvil_returns400(Phase1JAdminSettingsMenuCouponApiTest.java:1275)

com.bigbike.bigbike_backend.api.Phase1JAdminSettingsMenuCouponApiTest.adminCoupons_createPercent_succeeds -- Time elapsed: 0.048 s <<< FAILURE!
java.lang.AssertionError: Status expected:<200> but was:<403>
	at org.springframework.test.util.AssertionErrors.fail(AssertionErrors.java:62)
	at org.springframework.test.util.AssertionErrors.assertEquals(AssertionErrors.java:129)
	at org.springframework.test.web.servlet.result.StatusResultMatchers.lambda$matcher$0(StatusResultMatchers.java:600)
	at org.springframework.test.web.servlet.MockMvc$1.andExpect(MockMvc.java:212)
	at com.bigbike.bigbike_backend.api.Phase1JAdminSettingsMenuCouponApiTest.adminCoupons_createPercent_succeeds(Phase1JAdminSettingsMenuCouponApiTest.java:383)

com.bigbike.bigbike_backend.api.Phase1JAdminSettingsMenuCouponApiTest.adminSettings_invalidUrl_returns400 -- Time elapsed: 0.047 s <<< FAILURE!
java.lang.AssertionError: Status expected:<400> but was:<403>
	at org.springframework.test.util.AssertionErrors.fail(AssertionErrors.java:62)
	at org.springframework.test.util.AssertionErrors.assertEquals(AssertionErrors.java:129)
	at org.springframework.test.web.servlet.result.StatusResultMatchers.lambda$matcher$0(StatusResultMatchers.java:600)
	at org.springframework.test.web.servlet.MockMvc$1.andExpect(MockMvc.java:212)
	at com.bigbike.bigbike_backend.api.Phase1JAdminSettingsMenuCouponApiTest.adminSettings_invalidUrl_returns400(Phase1JAdminSettingsMenuCouponApiTest.java:850)

com.bigbike.bigbike_backend.api.Phase1JAdminSettingsMenuCouponApiTest.adminCoupons_withAdminToken_returnsList -- Time elapsed: 0.045 s <<< FAILURE!
java.lang.AssertionError: Status expected:<200> but was:<403>
	at org.springframework.test.util.AssertionErrors.fail(AssertionErrors.java:62)
	at org.springframework.test.util.AssertionErrors.assertEquals(AssertionErrors.java:129)
	at org.springframework.test.web.servlet.result.StatusResultMatchers.lambda$matcher$0(StatusResultMatchers.java:600)
	at org.springframework.test.web.servlet.MockMvc$1.andExpect(MockMvc.java:212)
	at com.bigbike.bigbike_backend.api.Phase1JAdminSettingsMenuCouponApiTest.adminCoupons_withAdminToken_returnsList(Phase1JAdminSettingsMenuCouponApiTest.java:350)

com.bigbike.bigbike_backend.api.Phase1JAdminSettingsMenuCouponApiTest.updateSetting_apiKeyCannotBePublic -- Time elapsed: 0.050 s <<< FAILURE!
java.lang.AssertionError: Status expected:<400> but was:<403>
	at org.springframework.test.util.AssertionErrors.fail(AssertionErrors.java:62)
	at org.springframework.test.util.AssertionErrors.assertEquals(AssertionErrors.java:129)
	at org.springframework.test.web.servlet.result.StatusResultMatchers.lambda$matcher$0(StatusResultMatchers.java:600)
	at org.springframework.test.web.servlet.MockMvc$1.andExpect(MockMvc.java:212)
	at com.bigbike.bigbike_backend.api.Phase1JAdminSettingsMenuCouponApiTest.updateSetting_apiKeyCannotBePublic(Phase1JAdminSettingsMenuCouponApiTest.java:756)

com.bigbike.bigbike_backend.api.Phase1JAdminSettingsMenuCouponApiTest.adminCoupons_invalidDiscountType_returns400 -- Time elapsed: 0.042 s <<< FAILURE!
java.lang.AssertionError: Status expected:<400> but was:<403>
	at org.springframework.test.util.AssertionErrors.fail(AssertionErrors.java:62)
	at org.springframework.test.util.AssertionErrors.assertEquals(AssertionErrors.java:129)
	at org.springframework.test.web.servlet.result.StatusResultMatchers.lambda$matcher$0(StatusResultMatchers.java:600)
	at org.springframework.test.web.servlet.MockMvc$1.andExpect(MockMvc.java:212)
	at com.bigbike.bigbike_backend.api.Phase1JAdminSettingsMenuCouponApiTest.adminCoupons_invalidDiscountType_returns400(Phase1JAdminSettingsMenuCouponApiTest.java:399)

com.bigbike.bigbike_backend.api.Phase1JAdminSettingsMenuCouponApiTest.adminMenus_deleteItem_returns204 -- Time elapsed: 0.039 s <<< FAILURE!
java.lang.AssertionError: Status expected:<204> but was:<403>
	at org.springframework.test.util.AssertionErrors.fail(AssertionErrors.java:62)
	at org.springframework.test.util.AssertionErrors.assertEquals(AssertionErrors.java:129)
	at org.springframework.test.web.servlet.result.StatusResultMatchers.lambda$matcher$0(StatusResultMatchers.java:600)
	at org.springframework.test.web.servlet.MockMvc$1.andExpect(MockMvc.java:212)
	at com.bigbike.bigbike_backend.api.Phase1JAdminSettingsMenuCouponApiTest.adminMenus_deleteItem_returns204(Phase1JAdminSettingsMenuCouponApiTest.java:292)

com.bigbike.bigbike_backend.api.Phase1JAdminSettingsMenuCouponApiTest.updateCoupon_fixedToPercent_withHighAmount_returns400 -- Time elapsed: 0.040 s <<< FAILURE!
java.lang.AssertionError: Status expected:<400> but was:<403>
	at org.springframework.test.util.AssertionErrors.fail(AssertionErrors.java:62)
	at org.springframework.test.util.AssertionErrors.assertEquals(AssertionErrors.java:129)
	at org.springframework.test.web.servlet.result.StatusResultMatchers.lambda$matcher$0(StatusResultMatchers.java:600)
	at org.springframework.test.web.servlet.MockMvc$1.andExpect(MockMvc.java:212)
	at com.bigbike.bigbike_backend.api.Phase1JAdminSettingsMenuCouponApiTest.updateCoupon_fixedToPercent_withHighAmount_returns400(Phase1JAdminSettingsMenuCouponApiTest.java:1052)

com.bigbike.bigbike_backend.api.Phase1JAdminSettingsMenuCouponApiTest.reorderMenuItems_parentFromOtherMenu_returns400 -- Time elapsed: 0.049 s <<< FAILURE!
java.lang.AssertionError: Status expected:<400> but was:<403>
	at org.springframework.test.util.AssertionErrors.fail(AssertionErrors.java:62)
	at org.springframework.test.util.AssertionErrors.assertEquals(AssertionErrors.java:129)
	at org.springframework.test.web.servlet.result.StatusResultMatchers.lambda$matcher$0(StatusResultMatchers.java:600)
	at org.springframework.test.web.servlet.MockMvc$1.andExpect(MockMvc.java:212)
	at com.bigbike.bigbike_backend.api.Phase1JAdminSettingsMenuCouponApiTest.reorderMenuItems_parentFromOtherMenu_returns400(Phase1JAdminSettingsMenuCouponApiTest.java:633)

com.bigbike.bigbike_backend.api.Phase1JAdminSettingsMenuCouponApiTest.adminSettings_googleMapsUrl_googleMaps_succeeds -- Time elapsed: 0.043 s <<< FAILURE!
java.lang.AssertionError: Status expected:<200> but was:<403>
	at org.springframework.test.util.AssertionErrors.fail(AssertionErrors.java:62)
	at org.springframework.test.util.AssertionErrors.assertEquals(AssertionErrors.java:129)
	at org.springframework.test.web.servlet.result.StatusResultMatchers.lambda$matcher$0(StatusResultMatchers.java:600)
	at org.springframework.test.web.servlet.MockMvc$1.andExpect(MockMvc.java:212)
	at com.bigbike.bigbike_backend.api.Phase1JAdminSettingsMenuCouponApiTest.adminSettings_googleMapsUrl_googleMaps_succeeds(Phase1JAdminSettingsMenuCouponApiTest.java:1263)

com.bigbike.bigbike_backend.api.Phase1JAdminSettingsMenuCouponApiTest.updateMenuItem_invalidStatus_returns400 -- Time elapsed: 0.039 s <<< FAILURE!
java.lang.AssertionError: Status expected:<400> but was:<403>
	at org.springframework.test.util.AssertionErrors.fail(AssertionErrors.java:62)
	at org.springframework.test.util.AssertionErrors.assertEquals(AssertionErrors.java:129)
	at org.springframework.test.web.servlet.result.StatusResultMatchers.lambda$matcher$0(StatusResultMatchers.java:600)
	at org.springframework.test.web.servlet.MockMvc$1.andExpect(MockMvc.java:212)
	at com.bigbike.bigbike_backend.api.Phase1JAdminSettingsMenuCouponApiTest.updateMenuItem_invalidStatus_returns400(Phase1JAdminSettingsMenuCouponApiTest.java:580)

com.bigbike.bigbike_backend.api.Phase1JAdminSettingsMenuCouponApiTest.updateMenuItem_deepCycle_returns400 -- Time elapsed: 0.046 s <<< FAILURE!
java.lang.AssertionError: Status expected:<400> but was:<403>
	at org.springframework.test.util.AssertionErrors.fail(AssertionErrors.java:62)
	at org.springframework.test.util.AssertionErrors.assertEquals(AssertionErrors.java:129)
	at org.springframework.test.web.servlet.result.StatusResultMatchers.lambda$matcher$0(StatusResultMatchers.java:600)
	at org.springframework.test.web.servlet.MockMvc$1.andExpect(MockMvc.java:212)
	at com.bigbike.bigbike_backend.api.Phase1JAdminSettingsMenuCouponApiTest.updateMenuItem_deepCycle_returns400(Phase1JAdminSettingsMenuCouponApiTest.java:612)

com.bigbike.bigbike_backend.api.Phase1JAdminSettingsMenuCouponApiTest.adminSettings_filterByGroup -- Time elapsed: 0.040 s <<< FAILURE!
java.lang.AssertionError: Status expected:<200> but was:<403>
	at org.springframework.test.util.AssertionErrors.fail(AssertionErrors.java:62)
	at org.springframework.test.util.AssertionErrors.assertEquals(AssertionErrors.java:129)
	at org.springframework.test.web.servlet.result.StatusResultMatchers.lambda$matcher$0(StatusResultMatchers.java:600)
	at org.springframework.test.web.servlet.MockMvc$1.andExpect(MockMvc.java:212)
	at com.bigbike.bigbike_backend.api.Phase1JAdminSettingsMenuCouponApiTest.adminSettings_filterByGroup(Phase1JAdminSettingsMenuCouponApiTest.java:100)

com.bigbike.bigbike_backend.api.Phase1JAdminSettingsMenuCouponApiTest.adminSettings_unregisteredKey_isPublicTrue_rejected -- Time elapsed: 0.045 s <<< FAILURE!
java.lang.AssertionError: Status expected:<400> but was:<403>
	at org.springframework.test.util.AssertionErrors.fail(AssertionErrors.java:62)
	at org.springframework.test.util.AssertionErrors.assertEquals(AssertionErrors.java:129)
	at org.springframework.test.web.servlet.result.StatusResultMatchers.lambda$matcher$0(StatusResultMatchers.java:600)
	at org.springframework.test.web.servlet.MockMvc$1.andExpect(MockMvc.java:212)
	at com.bigbike.bigbike_backend.api.Phase1JAdminSettingsMenuCouponApiTest.adminSettings_unregisteredKey_isPublicTrue_rejected(Phase1JAdminSettingsMenuCouponApiTest.java:923)

com.bigbike.bigbike_backend.api.Phase1JAdminSettingsMenuCouponApiTest.adminCustomers_stillWork -- Time elapsed: 0.047 s <<< FAILURE!
java.lang.AssertionError: Status expected:<200> but was:<403>
	at org.springframework.test.util.AssertionErrors.fail(AssertionErrors.java:62)
	at org.springframework.test.util.AssertionErrors.assertEquals(AssertionErrors.java:129)
	at org.springframework.test.web.servlet.result.StatusResultMatchers.lambda$matcher$0(StatusResultMatchers.java:600)
	at org.springframework.test.web.servlet.MockMvc$1.andExpect(MockMvc.java:212)
	at com.bigbike.bigbike_backend.api.Phase1JAdminSettingsMenuCouponApiTest.adminCustomers_stillWork(Phase1JAdminSettingsMenuCouponApiTest.java:972)

com.bigbike.bigbike_backend.api.Phase1JAdminSettingsMenuCouponApiTest.updateMenu_invalidStatus_returns400 -- Time elapsed: 0.042 s <<< FAILURE!
java.lang.AssertionError: Status expected:<400> but was:<403>
	at org.springframework.test.util.AssertionErrors.fail(AssertionErrors.java:62)
	at org.springframework.test.util.AssertionErrors.assertEquals(AssertionErrors.java:129)
	at org.springframework.test.web.servlet.result.StatusResultMatchers.lambda$matcher$0(StatusResultMatchers.java:600)
	at org.springframework.test.web.servlet.MockMvc$1.andExpect(MockMvc.java:212)
	at com.bigbike.bigbike_backend.api.Phase1JAdminSettingsMenuCouponApiTest.updateMenu_invalidStatus_returns400(Phase1JAdminSettingsMenuCouponApiTest.java:553)

com.bigbike.bigbike_backend.api.Phase1JAdminSettingsMenuCouponApiTest.adminMenus_createDuplicateLocation_returns409 -- Time elapsed: 0.039 s <<< FAILURE!
java.lang.AssertionError: Status expected:<409> but was:<403>
	at org.springframework.test.util.AssertionErrors.fail(AssertionErrors.java:62)
	at org.springframework.test.util.AssertionErrors.assertEquals(AssertionErrors.java:129)
	at org.springframework.test.web.servlet.result.StatusResultMatchers.lambda$matcher$0(StatusResultMatchers.java:600)
	at org.springframework.test.web.servlet.MockMvc$1.andExpect(MockMvc.java:212)
	at com.bigbike.bigbike_backend.api.Phase1JAdminSettingsMenuCouponApiTest.adminMenus_createDuplicateLocation_returns409(Phase1JAdminSettingsMenuCouponApiTest.java:210)

com.bigbike.bigbike_backend.api.Phase1JAdminSettingsMenuCouponApiTest.reorderMenuItems_deepCycle_returns400 -- Time elapsed: 0.040 s <<< FAILURE!
java.lang.AssertionError: Status expected:<400> but was:<403>
	at org.springframework.test.util.AssertionErrors.fail(AssertionErrors.java:62)
	at org.springframework.test.util.AssertionErrors.assertEquals(AssertionErrors.java:129)
	at org.springframework.test.web.servlet.result.StatusResultMatchers.lambda$matcher$0(StatusResultMatchers.java:600)
	at org.springframework.test.web.servlet.MockMvc$1.andExpect(MockMvc.java:212)
	at com.bigbike.bigbike_backend.api.Phase1JAdminSettingsMenuCouponApiTest.reorderMenuItems_deepCycle_returns400(Phase1JAdminSettingsMenuCouponApiTest.java:662)

com.bigbike.bigbike_backend.api.Phase1JAdminSettingsMenuCouponApiTest.adminMenus_getById_returnsMenuWithItems -- Time elapsed: 0.036 s <<< FAILURE!
java.lang.AssertionError: Status expected:<200> but was:<403>
	at org.springframework.test.util.AssertionErrors.fail(AssertionErrors.java:62)
	at org.springframework.test.util.AssertionErrors.assertEquals(AssertionErrors.java:129)
	at org.springframework.test.web.servlet.result.StatusResultMatchers.lambda$matcher$0(StatusResultMatchers.java:600)
	at org.springframework.test.web.servlet.MockMvc$1.andExpect(MockMvc.java:212)
	at com.bigbike.bigbike_backend.api.Phase1JAdminSettingsMenuCouponApiTest.adminMenus_getById_returnsMenuWithItems(Phase1JAdminSettingsMenuCouponApiTest.java:223)

com.bigbike.bigbike_backend.api.Phase1JAdminSettingsMenuCouponApiTest.updateSetting_clientSecretCannotBePublic -- Time elapsed: 0.040 s <<< FAILURE!
java.lang.AssertionError: Status expected:<400> but was:<403>
	at org.springframework.test.util.AssertionErrors.fail(AssertionErrors.java:62)
	at org.springframework.test.util.AssertionErrors.assertEquals(AssertionErrors.java:129)
	at org.springframework.test.web.servlet.result.StatusResultMatchers.lambda$matcher$0(StatusResultMatchers.java:600)
	at org.springframework.test.web.servlet.MockMvc$1.andExpect(MockMvc.java:212)
	at com.bigbike.bigbike_backend.api.Phase1JAdminSettingsMenuCouponApiTest.updateSetting_clientSecretCannotBePublic(Phase1JAdminSettingsMenuCouponApiTest.java:769)

com.bigbike.bigbike_backend.api.Phase1JAdminSettingsMenuCouponApiTest.adminSettings_sensitiveKey_cannotBePublic -- Time elapsed: 0.038 s <<< FAILURE!
java.lang.AssertionError: Status expected:<400> but was:<403>
	at org.springframework.test.util.AssertionErrors.fail(AssertionErrors.java:62)
	at org.springframework.test.util.AssertionErrors.assertEquals(AssertionErrors.java:129)
	at org.springframework.test.web.servlet.result.StatusResultMatchers.lambda$matcher$0(StatusResultMatchers.java:600)
	at org.springframework.test.web.servlet.MockMvc$1.andExpect(MockMvc.java:212)
	at com.bigbike.bigbike_backend.api.Phase1JAdminSettingsMenuCouponApiTest.adminSettings_sensitiveKey_cannotBePublic(Phase1JAdminSettingsMenuCouponApiTest.java:142)

com.bigbike.bigbike_backend.api.Phase1JAdminSettingsMenuCouponApiTest.adminMenus_create_succeeds -- Time elapsed: 0.037 s <<< FAILURE!
java.lang.AssertionError: Status expected:<200> but was:<403>
	at org.springframework.test.util.AssertionErrors.fail(AssertionErrors.java:62)
	at org.springframework.test.util.AssertionErrors.assertEquals(AssertionErrors.java:129)
	at org.springframework.test.web.servlet.result.StatusResultMatchers.lambda$matcher$0(StatusResultMatchers.java:600)
	at org.springframework.test.web.servlet.MockMvc$1.andExpect(MockMvc.java:212)
	at com.bigbike.bigbike_backend.api.Phase1JAdminSettingsMenuCouponApiTest.adminMenus_create_succeeds(Phase1JAdminSettingsMenuCouponApiTest.java:194)

com.bigbike.bigbike_backend.api.Phase1JAdminSettingsMenuCouponApiTest.adminSettings_withAdminToken_returnsList -- Time elapsed: 0.046 s <<< FAILURE!
java.lang.AssertionError: Status expected:<200> but was:<403>
	at org.springframework.test.util.AssertionErrors.fail(AssertionErrors.java:62)
	at org.springframework.test.util.AssertionErrors.assertEquals(AssertionErrors.java:129)
	at org.springframework.test.web.servlet.result.StatusResultMatchers.lambda$matcher$0(StatusResultMatchers.java:600)
	at org.springframework.test.web.servlet.MockMvc$1.andExpect(MockMvc.java:212)
	at com.bigbike.bigbike_backend.api.Phase1JAdminSettingsMenuCouponApiTest.adminSettings_withAdminToken_returnsList(Phase1JAdminSettingsMenuCouponApiTest.java:86)

com.bigbike.bigbike_backend.api.Phase1JAdminSettingsMenuCouponApiTest.adminCoupons_percentOver100_returns400 -- Time elapsed: 0.039 s <<< FAILURE!
java.lang.AssertionError: Status expected:<400> but was:<403>
	at org.springframework.test.util.AssertionErrors.fail(AssertionErrors.java:62)
	at org.springframework.test.util.AssertionErrors.assertEquals(AssertionErrors.java:129)
	at org.springframework.test.web.servlet.result.StatusResultMatchers.lambda$matcher$0(StatusResultMatchers.java:600)
	at org.springframework.test.web.servlet.MockMvc$1.andExpect(MockMvc.java:212)
	at com.bigbike.bigbike_backend.api.Phase1JAdminSettingsMenuCouponApiTest.adminCoupons_percentOver100_returns400(Phase1JAdminSettingsMenuCouponApiTest.java:413)

com.bigbike.bigbike_backend.api.Phase1JAdminSettingsMenuCouponApiTest.adminSettings_invalidPhone_returns400 -- Time elapsed: 0.041 s <<< FAILURE!
java.lang.AssertionError: Status expected:<400> but was:<403>
	at org.springframework.test.util.AssertionErrors.fail(AssertionErrors.java:62)
	at org.springframework.test.util.AssertionErrors.assertEquals(AssertionErrors.java:129)
	at org.springframework.test.web.servlet.result.StatusResultMatchers.lambda$matcher$0(StatusResultMatchers.java:600)
	at org.springframework.test.web.servlet.MockMvc$1.andExpect(MockMvc.java:212)
	at com.bigbike.bigbike_backend.api.Phase1JAdminSettingsMenuCouponApiTest.adminSettings_invalidPhone_returns400(Phase1JAdminSettingsMenuCouponApiTest.java:838)

com.bigbike.bigbike_backend.api.Phase1JAdminSettingsMenuCouponApiTest.adminSettings_batchUpdate_allValid_succeeds -- Time elapsed: 0.036 s <<< FAILURE!
java.lang.AssertionError: Status expected:<200> but was:<403>
	at org.springframework.test.util.AssertionErrors.fail(AssertionErrors.java:62)
	at org.springframework.test.util.AssertionErrors.assertEquals(AssertionErrors.java:129)
	at org.springframework.test.web.servlet.result.StatusResultMatchers.lambda$matcher$0(StatusResultMatchers.java:600)
	at org.springframework.test.web.servlet.MockMvc$1.andExpect(MockMvc.java:212)
	at com.bigbike.bigbike_backend.api.Phase1JAdminSettingsMenuCouponApiTest.adminSettings_batchUpdate_allValid_succeeds(Phase1JAdminSettingsMenuCouponApiTest.java:1202)

com.bigbike.bigbike_backend.api.Phase1JAdminSettingsMenuCouponApiTest.adminSettings_invalidEnum_returns400 -- Time elapsed: 0.040 s <<< FAILURE!
java.lang.AssertionError: Status expected:<400> but was:<403>
	at org.springframework.test.util.AssertionErrors.fail(AssertionErrors.java:62)
	at org.springframework.test.util.AssertionErrors.assertEquals(AssertionErrors.java:129)
	at org.springframework.test.web.servlet.result.StatusResultMatchers.lambda$matcher$0(StatusResultMatchers.java:600)
	at org.springframework.test.web.servlet.MockMvc$1.andExpect(MockMvc.java:212)
	at com.bigbike.bigbike_backend.api.Phase1JAdminSettingsMenuCouponApiTest.adminSettings_invalidEnum_returns400(Phase1JAdminSettingsMenuCouponApiTest.java:886)

com.bigbike.bigbike_backend.api.Phase1JAdminSettingsMenuCouponApiTest.adminSettings_googleMapsUrl_nonGoogle_returns400 -- Time elapsed: 0.059 s <<< FAILURE!
java.lang.AssertionError: Status expected:<400> but was:<403>
	at org.springframework.test.util.AssertionErrors.fail(AssertionErrors.java:62)
	at org.springframework.test.util.AssertionErrors.assertEquals(AssertionErrors.java:129)
	at org.springframework.test.web.servlet.result.StatusResultMatchers.lambda$matcher$0(StatusResultMatchers.java:600)
	at org.springframework.test.web.servlet.MockMvc$1.andExpect(MockMvc.java:212)
	at com.bigbike.bigbike_backend.api.Phase1JAdminSettingsMenuCouponApiTest.adminSettings_googleMapsUrl_nonGoogle_returns400(Phase1JAdminSettingsMenuCouponApiTest.java:1251)

com.bigbike.bigbike_backend.api.Phase1JAdminSettingsMenuCouponApiTest.adminSettings_validUpdateOnRegisteredKey_succeeds -- Time elapsed: 0.052 s <<< FAILURE!
java.lang.AssertionError: Status expected:<200> but was:<403>
	at org.springframework.test.util.AssertionErrors.fail(AssertionErrors.java:62)
	at org.springframework.test.util.AssertionErrors.assertEquals(AssertionErrors.java:129)
	at org.springframework.test.web.servlet.result.StatusResultMatchers.lambda$matcher$0(StatusResultMatchers.java:600)
	at org.springframework.test.web.servlet.MockMvc$1.andExpect(MockMvc.java:212)
	at com.bigbike.bigbike_backend.api.Phase1JAdminSettingsMenuCouponApiTest.adminSettings_validUpdateOnRegisteredKey_succeeds(Phase1JAdminSettingsMenuCouponApiTest.java:935)

com.bigbike.bigbike_backend.api.Phase1JAdminSettingsMenuCouponApiTest.adminSettings_batchUpdate_oneInvalid_rollsBack -- Time elapsed: 0.039 s <<< FAILURE!
java.lang.AssertionError: Status expected:<200> but was:<403>
	at org.springframework.test.util.AssertionErrors.fail(AssertionErrors.java:62)
	at org.springframework.test.util.AssertionErrors.assertEquals(AssertionErrors.java:129)
	at org.springframework.test.web.servlet.result.StatusResultMatchers.lambda$matcher$0(StatusResultMatchers.java:600)
	at org.springframework.test.web.servlet.MockMvc$1.andExpect(MockMvc.java:212)
	at com.bigbike.bigbike_backend.api.Phase1JAdminSettingsMenuCouponApiTest.adminSettings_batchUpdate_oneInvalid_rollsBack(Phase1JAdminSettingsMenuCouponApiTest.java:1218)

com.bigbike.bigbike_backend.api.Phase1JAdminSettingsMenuCouponApiTest.adminMenus_reorderItems_succeeds -- Time elapsed: 0.054 s <<< FAILURE!
java.lang.AssertionError: Status expected:<200> but was:<403>
	at org.springframework.test.util.AssertionErrors.fail(AssertionErrors.java:62)
	at org.springframework.test.util.AssertionErrors.assertEquals(AssertionErrors.java:129)
	at org.springframework.test.web.servlet.result.StatusResultMatchers.lambda$matcher$0(StatusResultMatchers.java:600)
	at org.springframework.test.web.servlet.MockMvc$1.andExpect(MockMvc.java:212)
	at com.bigbike.bigbike_backend.api.Phase1JAdminSettingsMenuCouponApiTest.adminMenus_reorderItems_succeeds(Phase1JAdminSettingsMenuCouponApiTest.java:279)

com.bigbike.bigbike_backend.api.Phase1JAdminSettingsMenuCouponApiTest.adminCoupons_duplicateCode_returns409 -- Time elapsed: 0.041 s <<< FAILURE!
java.lang.AssertionError: Status expected:<409> but was:<403>
	at org.springframework.test.util.AssertionErrors.fail(AssertionErrors.java:62)
	at org.springframework.test.util.AssertionErrors.assertEquals(AssertionErrors.java:129)
	at org.springframework.test.web.servlet.result.StatusResultMatchers.lambda$matcher$0(StatusResultMatchers.java:600)
	at org.springframework.test.web.servlet.MockMvc$1.andExpect(MockMvc.java:212)
	at com.bigbike.bigbike_backend.api.Phase1JAdminSettingsMenuCouponApiTest.adminCoupons_duplicateCode_returns409(Phase1JAdminSettingsMenuCouponApiTest.java:428)

com.bigbike.bigbike_backend.api.Phase1JAdminSettingsMenuCouponApiTest.adminSettings_sensitiveValue_maskedOnGet -- Time elapsed: 0.047 s <<< FAILURE!
java.lang.AssertionError: Status expected:<200> but was:<403>
	at org.springframework.test.util.AssertionErrors.fail(AssertionErrors.java:62)
	at org.springframework.test.util.AssertionErrors.assertEquals(AssertionErrors.java:129)
	at org.springframework.test.web.servlet.result.StatusResultMatchers.lambda$matcher$0(StatusResultMatchers.java:600)
	at org.springframework.test.web.servlet.MockMvc$1.andExpect(MockMvc.java:212)
	at com.bigbike.bigbike_backend.api.Phase1JAdminSettingsMenuCouponApiTest.adminSettings_sensitiveValue_maskedOnGet(Phase1JAdminSettingsMenuCouponApiTest.java:798)

com.bigbike.bigbike_backend.api.Phase1JAdminSettingsMenuCouponApiTest.adminOrders_stillWork -- Time elapsed: 0.042 s <<< FAILURE!
java.lang.AssertionError: Status expected:<200> but was:<403>
	at org.springframework.test.util.AssertionErrors.fail(AssertionErrors.java:62)
	at org.springframework.test.util.AssertionErrors.assertEquals(AssertionErrors.java:129)
	at org.springframework.test.web.servlet.result.StatusResultMatchers.lambda$matcher$0(StatusResultMatchers.java:600)
	at org.springframework.test.web.servlet.MockMvc$1.andExpect(MockMvc.java:212)
	at com.bigbike.bigbike_backend.api.Phase1JAdminSettingsMenuCouponApiTest.adminOrders_stillWork(Phase1JAdminSettingsMenuCouponApiTest.java:963)

com.bigbike.bigbike_backend.api.Phase1JAdminSettingsMenuCouponApiTest.adminSettings_updateValue_succeeds -- Time elapsed: 0.049 s <<< FAILURE!
java.lang.AssertionError: Status expected:<200> but was:<403>
	at org.springframework.test.util.AssertionErrors.fail(AssertionErrors.java:62)
	at org.springframework.test.util.AssertionErrors.assertEquals(AssertionErrors.java:129)
	at org.springframework.test.web.servlet.result.StatusResultMatchers.lambda$matcher$0(StatusResultMatchers.java:600)
	at org.springframework.test.web.servlet.MockMvc$1.andExpect(MockMvc.java:212)
	at com.bigbike.bigbike_backend.api.Phase1JAdminSettingsMenuCouponApiTest.adminSettings_updateValue_succeeds(Phase1JAdminSettingsMenuCouponApiTest.java:128)

com.bigbike.bigbike_backend.api.Phase1JAdminSettingsMenuCouponApiTest.deleteMenu_deepHierarchy_returns204AndCleansDb -- Time elapsed: 0.054 s <<< FAILURE!
java.lang.AssertionError: Status expected:<204> but was:<403>
	at org.springframework.test.util.AssertionErrors.fail(AssertionErrors.java:62)
	at org.springframework.test.util.AssertionErrors.assertEquals(AssertionErrors.java:129)
	at org.springframework.test.web.servlet.result.StatusResultMatchers.lambda$matcher$0(StatusResultMatchers.java:600)
	at org.springframework.test.web.servlet.MockMvc$1.andExpect(MockMvc.java:212)
	at com.bigbike.bigbike_backend.api.Phase1JAdminSettingsMenuCouponApiTest.deleteMenu_deepHierarchy_returns204AndCleansDb(Phase1JAdminSettingsMenuCouponApiTest.java:734)

com.bigbike.bigbike_backend.api.Phase1JAdminSettingsMenuCouponApiTest.adminSettings_unregisteredKey_anyValueAccepted -- Time elapsed: 0.051 s <<< FAILURE!
java.lang.AssertionError: Status expected:<200> but was:<403>
	at org.springframework.test.util.AssertionErrors.fail(AssertionErrors.java:62)
	at org.springframework.test.util.AssertionErrors.assertEquals(AssertionErrors.java:129)
	at org.springframework.test.web.servlet.result.StatusResultMatchers.lambda$matcher$0(StatusResultMatchers.java:600)
	at org.springframework.test.web.servlet.MockMvc$1.andExpect(MockMvc.java:212)
	at com.bigbike.bigbike_backend.api.Phase1JAdminSettingsMenuCouponApiTest.adminSettings_unregisteredKey_anyValueAccepted(Phase1JAdminSettingsMenuCouponApiTest.java:950)

com.bigbike.bigbike_backend.api.Phase1JAdminSettingsMenuCouponApiTest.reorderMenuItems_selfParent_returns400 -- Time elapsed: 0.062 s <<< FAILURE!
java.lang.AssertionError: Status expected:<400> but was:<403>
	at org.springframework.test.util.AssertionErrors.fail(AssertionErrors.java:62)
	at org.springframework.test.util.AssertionErrors.assertEquals(AssertionErrors.java:129)
	at org.springframework.test.web.servlet.result.StatusResultMatchers.lambda$matcher$0(StatusResultMatchers.java:600)
	at org.springframework.test.web.servlet.MockMvc$1.andExpect(MockMvc.java:212)
	at com.bigbike.bigbike_backend.api.Phase1JAdminSettingsMenuCouponApiTest.reorderMenuItems_selfParent_returns400(Phase1JAdminSettingsMenuCouponApiTest.java:680)

com.bigbike.bigbike_backend.api.Phase1JAdminSettingsMenuCouponApiTest.adminCoupons_getById_returnsDetail -- Time elapsed: 0.060 s <<< FAILURE!
java.lang.AssertionError: Status expected:<200> but was:<403>
	at org.springframework.test.util.AssertionErrors.fail(AssertionErrors.java:62)
	at org.springframework.test.util.AssertionErrors.assertEquals(AssertionErrors.java:129)
	at org.springframework.test.web.servlet.result.StatusResultMatchers.lambda$matcher$0(StatusResultMatchers.java:600)
	at org.springframework.test.web.servlet.MockMvc$1.andExpect(MockMvc.java:212)
	at com.bigbike.bigbike_backend.api.Phase1JAdminSettingsMenuCouponApiTest.adminCoupons_getById_returnsDetail(Phase1JAdminSettingsMenuCouponApiTest.java:464)

com.bigbike.bigbike_backend.api.Phase1JAdminSettingsMenuCouponApiTest.adminMedia_stillWorks -- Time elapsed: 0.059 s <<< FAILURE!
java.lang.AssertionError: Status expected:<200> but was:<403>
	at org.springframework.test.util.AssertionErrors.fail(AssertionErrors.java:62)
	at org.springframework.test.util.AssertionErrors.assertEquals(AssertionErrors.java:129)
	at org.springframework.test.web.servlet.result.StatusResultMatchers.lambda$matcher$0(StatusResultMatchers.java:600)
	at org.springframework.test.web.servlet.MockMvc$1.andExpect(MockMvc.java:212)
	at com.bigbike.bigbike_backend.api.Phase1JAdminSettingsMenuCouponApiTest.adminMedia_stillWorks(Phase1JAdminSettingsMenuCouponApiTest.java:981)

com.bigbike.bigbike_backend.api.Phase1JAdminSettingsMenuCouponApiTest.createCoupon_invalidStatus_returns400 -- Time elapsed: 0.063 s <<< FAILURE!
java.lang.AssertionError: Status expected:<400> but was:<403>
	at org.springframework.test.util.AssertionErrors.fail(AssertionErrors.java:62)
	at org.springframework.test.util.AssertionErrors.assertEquals(AssertionErrors.java:129)
	at org.springframework.test.web.servlet.result.StatusResultMatchers.lambda$matcher$0(StatusResultMatchers.java:600)
	at org.springframework.test.web.servlet.MockMvc$1.andExpect(MockMvc.java:212)
	at com.bigbike.bigbike_backend.api.Phase1JAdminSettingsMenuCouponApiTest.createCoupon_invalidStatus_returns400(Phase1JAdminSettingsMenuCouponApiTest.java:512)

com.bigbike.bigbike_backend.api.Phase1JAdminSettingsMenuCouponApiTest.adminSettings_decimalOutOfRange_returns400 -- Time elapsed: 0.063 s <<< FAILURE!
java.lang.AssertionError: Status expected:<400> but was:<403>
	at org.springframework.test.util.AssertionErrors.fail(AssertionErrors.java:62)
	at org.springframework.test.util.AssertionErrors.assertEquals(AssertionErrors.java:129)
	at org.springframework.test.web.servlet.result.StatusResultMatchers.lambda$matcher$0(StatusResultMatchers.java:600)
	at org.springframework.test.web.servlet.MockMvc$1.andExpect(MockMvc.java:212)
	at com.bigbike.bigbike_backend.api.Phase1JAdminSettingsMenuCouponApiTest.adminSettings_decimalOutOfRange_returns400(Phase1JAdminSettingsMenuCouponApiTest.java:898)

com.bigbike.bigbike_backend.api.Phase1JAdminSettingsMenuCouponApiTest.adminCoupons_updateName_succeeds -- Time elapsed: 0.053 s <<< FAILURE!
java.lang.AssertionError: Status expected:<200> but was:<403>
	at org.springframework.test.util.AssertionErrors.fail(AssertionErrors.java:62)
	at org.springframework.test.util.AssertionErrors.assertEquals(AssertionErrors.java:129)
	at org.springframework.test.web.servlet.result.StatusResultMatchers.lambda$matcher$0(StatusResultMatchers.java:600)
	at org.springframework.test.web.servlet.MockMvc$1.andExpect(MockMvc.java:212)
	at com.bigbike.bigbike_backend.api.Phase1JAdminSettingsMenuCouponApiTest.adminCoupons_updateName_succeeds(Phase1JAdminSettingsMenuCouponApiTest.java:440)

com.bigbike.bigbike_backend.api.Phase1JAdminSettingsMenuCouponApiTest.adminSettings_invalidEmail_returns400 -- Time elapsed: 0.044 s <<< FAILURE!
java.lang.AssertionError: Status expected:<400> but was:<403>
	at org.springframework.test.util.AssertionErrors.fail(AssertionErrors.java:62)
	at org.springframework.test.util.AssertionErrors.assertEquals(AssertionErrors.java:129)
	at org.springframework.test.web.servlet.result.StatusResultMatchers.lambda$matcher$0(StatusResultMatchers.java:600)
	at org.springframework.test.web.servlet.MockMvc$1.andExpect(MockMvc.java:212)
	at com.bigbike.bigbike_backend.api.Phase1JAdminSettingsMenuCouponApiTest.adminSettings_invalidEmail_returns400(Phase1JAdminSettingsMenuCouponApiTest.java:826)

com.bigbike.bigbike_backend.api.Phase1JAdminSettingsMenuCouponApiTest.adminSettings_auditLog_masksSensitiveValue -- Time elapsed: 0.046 s <<< FAILURE!
java.lang.AssertionError: Status expected:<200> but was:<403>
	at org.springframework.test.util.AssertionErrors.fail(AssertionErrors.java:62)
	at org.springframework.test.util.AssertionErrors.assertEquals(AssertionErrors.java:129)
	at org.springframework.test.web.servlet.result.StatusResultMatchers.lambda$matcher$0(StatusResultMatchers.java:600)
	at org.springframework.test.web.servlet.MockMvc$1.andExpect(MockMvc.java:212)
	at com.bigbike.bigbike_backend.api.Phase1JAdminSettingsMenuCouponApiTest.adminSettings_auditLog_masksSensitiveValue(Phase1JAdminSettingsMenuCouponApiTest.java:1289)

com.bigbike.bigbike_backend.api.Phase1JAdminSettingsMenuCouponApiTest.updateCouponStatus_archived_succeeds -- Time elapsed: 0.045 s <<< FAILURE!
java.lang.AssertionError: Status expected:<200> but was:<403>
	at org.springframework.test.util.AssertionErrors.fail(AssertionErrors.java:62)
	at org.springframework.test.util.AssertionErrors.assertEquals(AssertionErrors.java:129)
	at org.springframework.test.web.servlet.result.StatusResultMatchers.lambda$matcher$0(StatusResultMatchers.java:600)
	at org.springframework.test.web.servlet.MockMvc$1.andExpect(MockMvc.java:212)
	at com.bigbike.bigbike_backend.api.Phase1JAdminSettingsMenuCouponApiTest.updateCouponStatus_archived_succeeds(Phase1JAdminSettingsMenuCouponApiTest.java:497)

com.bigbike.bigbike_backend.api.Phase1JAdminSettingsMenuCouponApiTest.updateCoupon_invalidStatus_returns400 -- Time elapsed: 0.043 s <<< FAILURE!
java.lang.AssertionError: Status expected:<400> but was:<403>
	at org.springframework.test.util.AssertionErrors.fail(AssertionErrors.java:62)
	at org.springframework.test.util.AssertionErrors.assertEquals(AssertionErrors.java:129)
	at org.springframework.test.web.servlet.result.StatusResultMatchers.lambda$matcher$0(StatusResultMatchers.java:600)
	at org.springframework.test.web.servlet.MockMvc$1.andExpect(MockMvc.java:212)
	at com.bigbike.bigbike_backend.api.Phase1JAdminSettingsMenuCouponApiTest.updateCoupon_invalidStatus_returns400(Phase1JAdminSettingsMenuCouponApiTest.java:524)

com.bigbike.bigbike_backend.api.Phase1JAdminSettingsMenuCouponApiTest.updateCoupon_fixedToPercent_withValidAmount_succeeds -- Time elapsed: 0.040 s <<< FAILURE!
java.lang.AssertionError: Status expected:<200> but was:<403>
	at org.springframework.test.util.AssertionErrors.fail(AssertionErrors.java:62)
	at org.springframework.test.util.AssertionErrors.assertEquals(AssertionErrors.java:129)
	at org.springframework.test.web.servlet.result.StatusResultMatchers.lambda$matcher$0(StatusResultMatchers.java:600)
	at org.springframework.test.web.servlet.MockMvc$1.andExpect(MockMvc.java:212)
	at com.bigbike.bigbike_backend.api.Phase1JAdminSettingsMenuCouponApiTest.updateCoupon_fixedToPercent_withValidAmount_succeeds(Phase1JAdminSettingsMenuCouponApiTest.java:1065)

com.bigbike.bigbike_backend.api.Phase1JAdminSettingsMenuCouponApiTest.deleteMenuItem_withChildren_returns409 -- Time elapsed: 0.049 s <<< FAILURE!
java.lang.AssertionError: Status expected:<409> but was:<403>
	at org.springframework.test.util.AssertionErrors.fail(AssertionErrors.java:62)
	at org.springframework.test.util.AssertionErrors.assertEquals(AssertionErrors.java:129)
	at org.springframework.test.web.servlet.result.StatusResultMatchers.lambda$matcher$0(StatusResultMatchers.java:600)
	at org.springframework.test.web.servlet.MockMvc$1.andExpect(MockMvc.java:212)
	at com.bigbike.bigbike_backend.api.Phase1JAdminSettingsMenuCouponApiTest.deleteMenuItem_withChildren_returns409(Phase1JAdminSettingsMenuCouponApiTest.java:717)

com.bigbike.bigbike_backend.api.Phase1JAdminSettingsMenuCouponApiTest.shopManager_canListCoupons -- Time elapsed: 0.124 s <<< FAILURE!
java.lang.AssertionError: Status expected:<200> but was:<403>
	at org.springframework.test.util.AssertionErrors.fail(AssertionErrors.java:62)
	at org.springframework.test.util.AssertionErrors.assertEquals(AssertionErrors.java:129)
	at org.springframework.test.web.servlet.result.StatusResultMatchers.lambda$matcher$0(StatusResultMatchers.java:600)
	at org.springframework.test.web.servlet.MockMvc$1.andExpect(MockMvc.java:212)
	at com.bigbike.bigbike_backend.api.Phase1JAdminSettingsMenuCouponApiTest.shopManager_canListCoupons(Phase1JAdminSettingsMenuCouponApiTest.java:1150)

com.bigbike.bigbike_backend.api.Phase1JAdminSettingsMenuCouponApiTest.adminMenus_createItem_succeeds -- Time elapsed: 0.049 s <<< FAILURE!
java.lang.AssertionError: Status expected:<200> but was:<403>
	at org.springframework.test.util.AssertionErrors.fail(AssertionErrors.java:62)
	at org.springframework.test.util.AssertionErrors.assertEquals(AssertionErrors.java:129)
	at org.springframework.test.web.servlet.result.StatusResultMatchers.lambda$matcher$0(StatusResultMatchers.java:600)
	at org.springframework.test.web.servlet.MockMvc$1.andExpect(MockMvc.java:212)
	at com.bigbike.bigbike_backend.api.Phase1JAdminSettingsMenuCouponApiTest.adminMenus_createItem_succeeds(Phase1JAdminSettingsMenuCouponApiTest.java:253)

com.bigbike.bigbike_backend.api.Phase1JAdminSettingsMenuCouponApiTest.adminCoupons_updateStatus_succeeds -- Time elapsed: 0.053 s <<< FAILURE!
java.lang.AssertionError: Status expected:<200> but was:<403>
	at org.springframework.test.util.AssertionErrors.fail(AssertionErrors.java:62)
	at org.springframework.test.util.AssertionErrors.assertEquals(AssertionErrors.java:129)
	at org.springframework.test.web.servlet.result.StatusResultMatchers.lambda$matcher$0(StatusResultMatchers.java:600)
	at org.springframework.test.web.servlet.MockMvc$1.andExpect(MockMvc.java:212)
	at com.bigbike.bigbike_backend.api.Phase1JAdminSettingsMenuCouponApiTest.adminCoupons_updateStatus_succeeds(Phase1JAdminSettingsMenuCouponApiTest.java:453)

com.bigbike.bigbike_backend.api.Phase1JAdminSettingsMenuCouponApiTest.createCoupon_archivedStatus_succeeds -- Time elapsed: 0.047 s <<< FAILURE!
java.lang.AssertionError: Status expected:<200> but was:<403>
	at org.springframework.test.util.AssertionErrors.fail(AssertionErrors.java:62)
	at org.springframework.test.util.AssertionErrors.assertEquals(AssertionErrors.java:129)
	at org.springframework.test.web.servlet.result.StatusResultMatchers.lambda$matcher$0(StatusResultMatchers.java:600)
	at org.springframework.test.web.servlet.MockMvc$1.andExpect(MockMvc.java:212)
	at com.bigbike.bigbike_backend.api.Phase1JAdminSettingsMenuCouponApiTest.createCoupon_archivedStatus_succeeds(Phase1JAdminSettingsMenuCouponApiTest.java:484)

com.bigbike.bigbike_backend.api.Phase1JAdminSettingsMenuCouponApiTest.adminSettings_integerOutOfRange_returns400 -- Time elapsed: 0.043 s <<< FAILURE!
java.lang.AssertionError: Status expected:<400> but was:<403>
	at org.springframework.test.util.AssertionErrors.fail(AssertionErrors.java:62)
	at org.springframework.test.util.AssertionErrors.assertEquals(AssertionErrors.java:129)
	at org.springframework.test.web.servlet.result.StatusResultMatchers.lambda$matcher$0(StatusResultMatchers.java:600)
	at org.springframework.test.web.servlet.MockMvc$1.andExpect(MockMvc.java:212)
	at com.bigbike.bigbike_backend.api.Phase1JAdminSettingsMenuCouponApiTest.adminSettings_integerOutOfRange_returns400(Phase1JAdminSettingsMenuCouponApiTest.java:874)

com.bigbike.bigbike_backend.api.Phase1JAdminSettingsMenuCouponApiTest.adminCoupons_createFixed_succeeds -- Time elapsed: 0.048 s <<< FAILURE!
java.lang.AssertionError: Status expected:<200> but was:<403>
	at org.springframework.test.util.AssertionErrors.fail(AssertionErrors.java:62)
	at org.springframework.test.util.AssertionErrors.assertEquals(AssertionErrors.java:129)
	at org.springframework.test.web.servlet.result.StatusResultMatchers.lambda$matcher$0(StatusResultMatchers.java:600)
	at org.springframework.test.web.servlet.MockMvc$1.andExpect(MockMvc.java:212)
	at com.bigbike.bigbike_backend.api.Phase1JAdminSettingsMenuCouponApiTest.adminCoupons_createFixed_succeeds(Phase1JAdminSettingsMenuCouponApiTest.java:366)

com.bigbike.bigbike_backend.api.Phase1JAdminSettingsMenuCouponApiTest.adminSettings_invalidBoolean_returns400 -- Time elapsed: 0.059 s <<< FAILURE!
java.lang.AssertionError: Status expected:<400> but was:<403>
	at org.springframework.test.util.AssertionErrors.fail(AssertionErrors.java:62)
	at org.springframework.test.util.AssertionErrors.assertEquals(AssertionErrors.java:129)
	at org.springframework.test.web.servlet.result.StatusResultMatchers.lambda$matcher$0(StatusResultMatchers.java:600)
	at org.springframework.test.web.servlet.MockMvc$1.andExpect(MockMvc.java:212)
	at com.bigbike.bigbike_backend.api.Phase1JAdminSettingsMenuCouponApiTest.adminSettings_invalidBoolean_returns400(Phase1JAdminSettingsMenuCouponApiTest.java:862)

com.bigbike.bigbike_backend.api.Phase1JAdminSettingsMenuCouponApiTest.createMenuItem_invalidStatus_returns400 -- Time elapsed: 0.048 s <<< FAILURE!
java.lang.AssertionError: Status expected:<400> but was:<403>
	at org.springframework.test.util.AssertionErrors.fail(AssertionErrors.java:62)
	at org.springframework.test.util.AssertionErrors.assertEquals(AssertionErrors.java:129)
	at org.springframework.test.web.servlet.result.StatusResultMatchers.lambda$matcher$0(StatusResultMatchers.java:600)
	at org.springframework.test.web.servlet.MockMvc$1.andExpect(MockMvc.java:212)
	at com.bigbike.bigbike_backend.api.Phase1JAdminSettingsMenuCouponApiTest.createMenuItem_invalidStatus_returns400(Phase1JAdminSettingsMenuCouponApiTest.java:566)

com.bigbike.bigbike_backend.api.Phase1JAdminSettingsMenuCouponApiTest.adminMenus_withAdminToken_returnsList -- Time elapsed: 0.052 s <<< FAILURE!
java.lang.AssertionError: Status expected:<200> but was:<403>
	at org.springframework.test.util.AssertionErrors.fail(AssertionErrors.java:62)
	at org.springframework.test.util.AssertionErrors.assertEquals(AssertionErrors.java:129)
	at org.springframework.test.web.servlet.result.StatusResultMatchers.lambda$matcher$0(StatusResultMatchers.java:600)
	at org.springframework.test.web.servlet.MockMvc$1.andExpect(MockMvc.java:212)
	at com.bigbike.bigbike_backend.api.Phase1JAdminSettingsMenuCouponApiTest.adminMenus_withAdminToken_returnsList(Phase1JAdminSettingsMenuCouponApiTest.java:180)

