<?xml version="1.0" encoding="UTF-8"?>
<testsuite xmlns:xsi="http://www.w3.org/2001/XMLSchema-instance" xsi:noNamespaceSchemaLocation="https://maven.apache.org/surefire/maven-surefire-plugin/xsd/surefire-test-report.xsd" version="3.0.2" name="com.bigbike.bigbike_backend.api.Phase1GOrderReadApiTest" time="1.833" tests="22" errors="0" skipped="0" failures="0" flakes="0">
  <properties>
[...]
</properties>
  <testcase name="customerOrderDetail_includesAddresses" classname="com.bigbike.bigbike_backend.api.Phase1GOrderReadApiTest" time="0.176">
    <system-out><![CDATA[21:53:08.375 &amp#27;[34mINFO &amp#27;[0;39m [main] &amp#27;[36mo.s.t.c.s.AnnotationConfigContextLoaderUtils&amp#27;[0;39m - Could not detect default configuration classes for test class [com.bigbike.bigbike_backend.api.Phase1GOrderReadApiTest]: Phase1GOrderReadApiTest does not declare any static, non-private, non-final, nested classes annotated with @Configuration.
21:53:08.375 &amp#27;[34mINFO &amp#27;[0;39m [main] &amp#27;[36mo.s.b.t.c.SpringBootTestContextBootstrapper&amp#27;[0;39m - Found @SpringBootConfiguration com.bigbike.bigbike_backend.BigbikeBackendApplication for test class com.bigbike.bigbike_backend.api.Phase1GOrderReadApiTest
21:53:08.375 &amp#27;[34mINFO &amp#27;[0;39m [main] &amp#27;[36mo.s.t.c.s.AnnotationConfigContextLoaderUtils&amp#27;[0;39m - Could not detect default configuration classes for test class [com.bigbike.bigbike_backend.api.Phase1GOrderReadApiTest]: Phase1GOrderReadApiTest does not declare any static, non-private, non-final, nested classes annotated with @Configuration.
21:53:08.375 &amp#27;[34mINFO &amp#27;[0;39m [main] &amp#27;[36mo.s.b.t.c.SpringBootTestContextBootstrapper&amp#27;[0;39m - Found @SpringBootConfiguration com.bigbike.bigbike_backend.BigbikeBackendApplication for test class com.bigbike.bigbike_backend.api.Phase1GOrderReadApiTest
21:53:08.401 &amp#27;[34mINFO &amp#27;[0;39m [main] &amp#27;[36mo.s.b.t.m.w.SpringBootMockServletContext&amp#27;[0;39m - Initializing Spring TestDispatcherServlet ''
21:53:08.401 &amp#27;[34mINFO &amp#27;[0;39m [main] &amp#27;[36mo.s.t.w.s.TestDispatcherServlet&amp#27;[0;39m - Initializing Servlet ''
21:53:08.403 &amp#27;[34mINFO &amp#27;[0;39m [main] &amp#27;[36mo.s.t.w.s.TestDispatcherServlet&amp#27;[0;39m - Completed initialization in 2 ms
21:53:08.406 &amp#27;[39mDEBUG&amp#27;[0;39m [main] &amp#27;[36mo.s.security.web.FilterChainProxy&amp#27;[0;39m - Securing POST /api/v1/customer/auth/register
21:53:08.406 &amp#27;[39mDEBUG&amp#27;[0;39m [main] &amp#27;[36mo.s.s.w.a.AnonymousAuthenticationFilter&amp#27;[0;39m - Set SecurityContextHolder to anonymous SecurityContext
21:53:08.407 &amp#27;[39mDEBUG&amp#27;[0;39m [main] &amp#27;[36mo.s.security.web.FilterChainProxy&amp#27;[0;39m - Secured POST /api/v1/customer/auth/register
21:53:08.462 &amp#27;[34mINFO &amp#27;[0;39m [main] &amp#27;[36mc.b.b.s.c.EmailVerificationService&amp#27;[0;39m - Mail not configured — verification email skipped for customer 414e6a80-217a-41a1-be29-6857d8c6952c
21:53:08.478 &amp#27;[39mDEBUG&amp#27;[0;39m [main] &amp#27;[36mo.s.security.web.FilterChainProxy&amp#27;[0;39m - Securing POST /api/v1/customer/auth/login
21:53:08.478 &amp#27;[39mDEBUG&amp#27;[0;39m [main] &amp#27;[36mo.s.s.w.a.AnonymousAuthenticationFilter&amp#27;[0;39m - Set SecurityContextHolder to anonymous SecurityContext
21:53:08.478 &amp#27;[39mDEBUG&amp#27;[0;39m [main] &amp#27;[36mo.s.security.web.FilterChainProxy&amp#27;[0;39m - Secured POST /api/v1/customer/auth/login
21:53:08.519 &amp#27;[39mDEBUG&amp#27;[0;39m [main] &amp#27;[36mo.s.security.web.FilterChainProxy&amp#27;[0;39m - Securing POST /api/v1/cart/items
21:53:08.527 &amp#27;[39mDEBUG&amp#27;[0;39m [main] &amp#27;[36mo.s.security.web.FilterChainProxy&amp#27;[0;39m - Secured POST /api/v1/cart/items
21:53:08.530 &amp#27;[39mDEBUG&amp#27;[0;39m [main] &amp#27;[36mo.s.security.web.FilterChainProxy&amp#27;[0;39m - Securing POST /api/v1/checkout
21:53:08.530 &amp#27;[39mDEBUG&amp#27;[0;39m [main] &amp#27;[36mo.s.security.web.FilterChainProxy&amp#27;[0;39m - Secured POST /api/v1/checkout
21:53:08.542 &amp#27;[34mINFO &amp#27;[0;39m [SimpleAsyncTaskExecutor-39] &amp#27;[36mc.b.b.s.c.OrderNotificationService&amp#27;[0;39m - Mail not configured — order confirmation skipped for order BB-20260505-35B32A.
21:53:08.542 &amp#27;[39mDEBUG&amp#27;[0;39m [main] &amp#27;[36mc.b.b.service.ws.AdminOrderWsService&amp#27;[0;39m - WS pushed NEW_ORDER for order BB-20260505-35B32A
21:53:08.542 &amp#27;[39mDEBUG&amp#27;[0;39m [main] &amp#27;[36mo.s.security.web.FilterChainProxy&amp#27;[0;39m - Securing GET /api/v1/customer/orders/38428d7b-66b3-4930-894e-a57f109923ea
21:53:08.542 &amp#27;[39mDEBUG&amp#27;[0;39m [main] &amp#27;[36mo.s.security.web.FilterChainProxy&amp#27;[0;39m - Secured GET /api/v1/customer/orders/38428d7b-66b3-4930-894e-a57f109923ea
]]></system-out>
  </testcase>
  <testcase name="customerOrderDetail_includesPaymentSummary" classname="com.bigbike.bigbike_backend.api.Phase1GOrderReadApiTest" time="0.105">
    <system-out><![CDATA[21:53:08.581 &amp#27;[34mINFO &amp#27;[0;39m [main] &amp#27;[36mo.s.b.t.m.w.SpringBootMockServletContext&amp#27;[0;39m - Initializing Spring TestDispatcherServlet ''
21:53:08.581 &amp#27;[34mINFO &amp#27;[0;39m [main] &amp#27;[36mo.s.t.w.s.TestDispatcherServlet&amp#27;[0;39m - Initializing Servlet ''
21:53:08.581 &amp#27;[34mINFO &amp#27;[0;39m [main] &amp#27;[36mo.s.t.w.s.TestDispatcherServlet&amp#27;[0;39m - Completed initialization in 0 ms
21:53:08.581 &amp#27;[39mDEBUG&amp#27;[0;39m [main] &amp#27;[36mo.s.security.web.FilterChainProxy&amp#27;[0;39m - Securing POST /api/v1/customer/auth/register
21:53:08.581 &amp#27;[39mDEBUG&amp#27;[0;39m [main] &amp#27;[36mo.s.s.w.a.AnonymousAuthenticationFilter&amp#27;[0;39m - Set SecurityContextHolder to anonymous SecurityContext
21:53:08.581 &amp#27;[39mDEBUG&amp#27;[0;39m [main] &amp#27;[36mo.s.security.web.FilterChainProxy&amp#27;[0;39m - Secured POST /api/v1/customer/auth/register
21:53:08.618 &amp#27;[34mINFO &amp#27;[0;39m [main] &amp#27;[36mc.b.b.s.c.EmailVerificationService&amp#27;[0;39m - Mail not configured — verification email skipped for customer d289569a-6fdf-4f64-86a6-46220c740444
21:53:08.623 &amp#27;[39mDEBUG&amp#27;[0;39m [main] &amp#27;[36mo.s.security.web.FilterChainProxy&amp#27;[0;39m - Securing POST /api/v1/customer/auth/login
21:53:08.623 &amp#27;[39mDEBUG&amp#27;[0;39m [main] &amp#27;[36mo.s.s.w.a.AnonymousAuthenticationFilter&amp#27;[0;39m - Set SecurityContextHolder to anonymous SecurityContext
21:53:08.623 &amp#27;[39mDEBUG&amp#27;[0;39m [main] &amp#27;[36mo.s.security.web.FilterChainProxy&amp#27;[0;39m - Secured POST /api/v1/customer/auth/login
21:53:08.654 &amp#27;[39mDEBUG&amp#27;[0;39m [main] &amp#27;[36mo.s.security.web.FilterChainProxy&amp#27;[0;39m - Securing POST /api/v1/cart/items
21:53:08.654 &amp#27;[39mDEBUG&amp#27;[0;39m [main] &amp#27;[36mo.s.security.web.FilterChainProxy&amp#27;[0;39m - Secured POST /api/v1/cart/items
21:53:08.662 &amp#27;[39mDEBUG&amp#27;[0;39m [main] &amp#27;[36mo.s.security.web.FilterChainProxy&amp#27;[0;39m - Securing POST /api/v1/checkout
21:53:08.663 &amp#27;[39mDEBUG&amp#27;[0;39m [main] &amp#27;[36mo.s.security.web.FilterChainProxy&amp#27;[0;39m - Secured POST /api/v1/checkout
21:53:08.672 &amp#27;[34mINFO &amp#27;[0;39m [SimpleAsyncTaskExecutor-41] &amp#27;[36mc.b.b.s.c.OrderNotificationService&amp#27;[0;39m - Mail not configured — order confirmation skipped for order BB-20260505-0B38DA.
21:53:08.674 &amp#27;[39mDEBUG&amp#27;[0;39m [main] &amp#27;[36mc.b.b.service.ws.AdminOrderWsService&amp#27;[0;39m - WS pushed NEW_ORDER for order BB-20260505-0B38DA
21:53:08.675 &amp#27;[39mDEBUG&amp#27;[0;39m [main] &amp#27;[36mo.s.security.web.FilterChainProxy&amp#27;[0;39m - Securing GET /api/v1/customer/orders/ad77c9d6-eb92-44ce-8b25-a9849fe7cdc5
21:53:08.677 &amp#27;[39mDEBUG&amp#27;[0;39m [main] &amp#27;[36mo.s.security.web.FilterChainProxy&amp#27;[0;39m - Secured GET /api/v1/customer/orders/ad77c9d6-eb92-44ce-8b25-a9849fe7cdc5
]]></system-out>
  </testcase>
  <testcase name="checkoutApi_stillWorks" classname="com.bigbike.bigbike_backend.api.Phase1GOrderReadApiTest" time="0.01">
    <system-out><![CDATA[21:53:08.689 &amp#27;[34mINFO &amp#27;[0;39m [main] &amp#27;[36mo.s.b.t.m.w.SpringBootMockServletContext&amp#27;[0;39m - Initializing Spring TestDispatcherServlet ''
21:53:08.689 &amp#27;[34mINFO &amp#27;[0;39m [main] &amp#27;[36mo.s.t.w.s.TestDispatcherServlet&amp#27;[0;39m - Initializing Servlet ''
21:53:08.691 &amp#27;[34mINFO &amp#27;[0;39m [main] &amp#27;[36mo.s.t.w.s.TestDispatcherServlet&amp#27;[0;39m - Completed initialization in 2 ms
21:53:08.691 &amp#27;[39mDEBUG&amp#27;[0;39m [main] &amp#27;[36mo.s.security.web.FilterChainProxy&amp#27;[0;39m - Securing GET /api/v1/checkout/options
21:53:08.692 &amp#27;[39mDEBUG&amp#27;[0;39m [main] &amp#27;[36mo.s.s.w.a.AnonymousAuthenticationFilter&amp#27;[0;39m - Set SecurityContextHolder to anonymous SecurityContext
21:53:08.692 &amp#27;[39mDEBUG&amp#27;[0;39m [main] &amp#27;[36mo.s.security.web.FilterChainProxy&amp#27;[0;39m - Secured GET /api/v1/checkout/options
]]></system-out>
  </testcase>
  <testcase name="customerOrderDetail_otherCustomerOrder_returns404" classname="com.bigbike.bigbike_backend.api.Phase1GOrderReadApiTest" time="0.192">
    <system-out><![CDATA[21:53:08.700 &amp#27;[34mINFO &amp#27;[0;39m [main] &amp#27;[36mo.s.b.t.m.w.SpringBootMockServletContext&amp#27;[0;39m - Initializing Spring TestDispatcherServlet ''
21:53:08.700 &amp#27;[34mINFO &amp#27;[0;39m [main] &amp#27;[36mo.s.t.w.s.TestDispatcherServlet&amp#27;[0;39m - Initializing Servlet ''
21:53:08.701 &amp#27;[34mINFO &amp#27;[0;39m [main] &amp#27;[36mo.s.t.w.s.TestDispatcherServlet&amp#27;[0;39m - Completed initialization in 1 ms
21:53:08.701 &amp#27;[39mDEBUG&amp#27;[0;39m [main] &amp#27;[36mo.s.security.web.FilterChainProxy&amp#27;[0;39m - Securing POST /api/v1/customer/auth/register
21:53:08.701 &amp#27;[39mDEBUG&amp#27;[0;39m [main] &amp#27;[36mo.s.s.w.a.AnonymousAuthenticationFilter&amp#27;[0;39m - Set SecurityContextHolder to anonymous SecurityContext
21:53:08.701 &amp#27;[39mDEBUG&amp#27;[0;39m [main] &amp#27;[36mo.s.security.web.FilterChainProxy&amp#27;[0;39m - Secured POST /api/v1/customer/auth/register
21:53:08.750 &amp#27;[34mINFO &amp#27;[0;39m [main] &amp#27;[36mc.b.b.s.c.EmailVerificationService&amp#27;[0;39m - Mail not configured — verification email skipped for customer 0fb5d766-7f5b-4813-8edb-e1b2559e0dff
21:53:08.751 &amp#27;[39mDEBUG&amp#27;[0;39m [main] &amp#27;[36mo.s.security.web.FilterChainProxy&amp#27;[0;39m - Securing POST /api/v1/customer/auth/login
21:53:08.751 &amp#27;[39mDEBUG&amp#27;[0;39m [main] &amp#27;[36mo.s.s.w.a.AnonymousAuthenticationFilter&amp#27;[0;39m - Set SecurityContextHolder to anonymous SecurityContext
21:53:08.751 &amp#27;[39mDEBUG&amp#27;[0;39m [main] &amp#27;[36mo.s.security.web.FilterChainProxy&amp#27;[0;39m - Secured POST /api/v1/customer/auth/login
21:53:08.782 &amp#27;[39mDEBUG&amp#27;[0;39m [main] &amp#27;[36mo.s.security.web.FilterChainProxy&amp#27;[0;39m - Securing POST /api/v1/cart/items
21:53:08.784 &amp#27;[39mDEBUG&amp#27;[0;39m [main] &amp#27;[36mo.s.security.web.FilterChainProxy&amp#27;[0;39m - Secured POST /api/v1/cart/items
21:53:08.791 &amp#27;[39mDEBUG&amp#27;[0;39m [main] &amp#27;[36mo.s.security.web.FilterChainProxy&amp#27;[0;39m - Securing POST /api/v1/checkout
21:53:08.792 &amp#27;[39mDEBUG&amp#27;[0;39m [main] &amp#27;[36mo.s.security.web.FilterChainProxy&amp#27;[0;39m - Secured POST /api/v1/checkout
21:53:08.798 &amp#27;[34mINFO &amp#27;[0;39m [SimpleAsyncTaskExecutor-43] &amp#27;[36mc.b.b.s.c.OrderNotificationService&amp#27;[0;39m - Mail not configured — order confirmation skipped for order BB-20260505-3A5867.
21:53:08.801 &amp#27;[39mDEBUG&amp#27;[0;39m [main] &amp#27;[36mc.b.b.service.ws.AdminOrderWsService&amp#27;[0;39m - WS pushed NEW_ORDER for order BB-20260505-3A5867
21:53:08.802 &amp#27;[39mDEBUG&amp#27;[0;39m [main] &amp#27;[36mo.s.security.web.FilterChainProxy&amp#27;[0;39m - Securing POST /api/v1/customer/auth/register
21:53:08.802 &amp#27;[39mDEBUG&amp#27;[0;39m [main] &amp#27;[36mo.s.s.w.a.AnonymousAuthenticationFilter&amp#27;[0;39m - Set SecurityContextHolder to anonymous SecurityContext
21:53:08.802 &amp#27;[39mDEBUG&amp#27;[0;39m [main] &amp#27;[36mo.s.security.web.FilterChainProxy&amp#27;[0;39m - Secured POST /api/v1/customer/auth/register
21:53:08.828 &amp#27;[34mINFO &amp#27;[0;39m [main] &amp#27;[36mc.b.b.s.c.EmailVerificationService&amp#27;[0;39m - Mail not configured — verification email skipped for customer 38269be6-7ef3-4964-ab1d-7ce4739d6c38
21:53:08.828 &amp#27;[39mDEBUG&amp#27;[0;39m [main] &amp#27;[36mo.s.security.web.FilterChainProxy&amp#27;[0;39m - Securing POST /api/v1/customer/auth/login
21:53:08.828 &amp#27;[39mDEBUG&amp#27;[0;39m [main] &amp#27;[36mo.s.s.w.a.AnonymousAuthenticationFilter&amp#27;[0;39m - Set SecurityContextHolder to anonymous SecurityContext
21:53:08.828 &amp#27;[39mDEBUG&amp#27;[0;39m [main] &amp#27;[36mo.s.security.web.FilterChainProxy&amp#27;[0;39m - Secured POST /api/v1/customer/auth/login
21:53:08.874 &amp#27;[39mDEBUG&amp#27;[0;39m [main] &amp#27;[36mo.s.security.web.FilterChainProxy&amp#27;[0;39m - Securing POST /api/v1/cart/items
21:53:08.874 &amp#27;[39mDEBUG&amp#27;[0;39m [main] &amp#27;[36mo.s.security.web.FilterChainProxy&amp#27;[0;39m - Secured POST /api/v1/cart/items
21:53:08.879 &amp#27;[39mDEBUG&amp#27;[0;39m [main] &amp#27;[36mo.s.security.web.FilterChainProxy&amp#27;[0;39m - Securing POST /api/v1/checkout
21:53:08.879 &amp#27;[39mDEBUG&amp#27;[0;39m [main] &amp#27;[36mo.s.security.web.FilterChainProxy&amp#27;[0;39m - Secured POST /api/v1/checkout
21:53:08.887 &amp#27;[34mINFO &amp#27;[0;39m [SimpleAsyncTaskExecutor-45] &amp#27;[36mc.b.b.s.c.OrderNotificationService&amp#27;[0;39m - Mail not configured — order confirmation skipped for order BB-20260505-F6D442.
21:53:08.890 &amp#27;[39mDEBUG&amp#27;[0;39m [main] &amp#27;[36mc.b.b.service.ws.AdminOrderWsService&amp#27;[0;39m - WS pushed NEW_ORDER for order BB-20260505-F6D442
21:53:08.890 &amp#27;[39mDEBUG&amp#27;[0;39m [main] &amp#27;[36mo.s.security.web.FilterChainProxy&amp#27;[0;39m - Securing GET /api/v1/customer/orders/6fc026ce-2cd0-4e3b-9a2e-133a24db27d7
21:53:08.890 &amp#27;[39mDEBUG&amp#27;[0;39m [main] &amp#27;[36mo.s.security.web.FilterChainProxy&amp#27;[0;39m - Secured GET /api/v1/customer/orders/6fc026ce-2cd0-4e3b-9a2e-133a24db27d7
]]></system-out>
  </testcase>
  <testcase name="customerOrders_withSession_returnsOnlyOwnOrders" classname="com.bigbike.bigbike_backend.api.Phase1GOrderReadApiTest" time="0.252">
    <system-out><![CDATA[21:53:08.903 &amp#27;[34mINFO &amp#27;[0;39m [main] &amp#27;[36mo.s.b.t.m.w.SpringBootMockServletContext&amp#27;[0;39m - Initializing Spring TestDispatcherServlet ''
21:53:08.903 &amp#27;[34mINFO &amp#27;[0;39m [main] &amp#27;[36mo.s.t.w.s.TestDispatcherServlet&amp#27;[0;39m - Initializing Servlet ''
21:53:08.905 &amp#27;[34mINFO &amp#27;[0;39m [main] &amp#27;[36mo.s.t.w.s.TestDispatcherServlet&amp#27;[0;39m - Completed initialization in 2 ms
21:53:08.905 &amp#27;[39mDEBUG&amp#27;[0;39m [main] &amp#27;[36mo.s.security.web.FilterChainProxy&amp#27;[0;39m - Securing POST /api/v1/customer/auth/register
21:53:08.905 &amp#27;[39mDEBUG&amp#27;[0;39m [main] &amp#27;[36mo.s.s.w.a.AnonymousAuthenticationFilter&amp#27;[0;39m - Set SecurityContextHolder to anonymous SecurityContext
21:53:08.905 &amp#27;[39mDEBUG&amp#27;[0;39m [main] &amp#27;[36mo.s.security.web.FilterChainProxy&amp#27;[0;39m - Secured POST /api/v1/customer/auth/register
21:53:08.952 &amp#27;[34mINFO &amp#27;[0;39m [main] &amp#27;[36mc.b.b.s.c.EmailVerificationService&amp#27;[0;39m - Mail not configured — verification email skipped for customer 06e6faf6-1070-496d-a5dd-29a666e50d2c
21:53:08.952 &amp#27;[39mDEBUG&amp#27;[0;39m [main] &amp#27;[36mo.s.security.web.FilterChainProxy&amp#27;[0;39m - Securing POST /api/v1/customer/auth/login
21:53:08.952 &amp#27;[39mDEBUG&amp#27;[0;39m [main] &amp#27;[36mo.s.s.w.a.AnonymousAuthenticationFilter&amp#27;[0;39m - Set SecurityContextHolder to anonymous SecurityContext
21:53:08.952 &amp#27;[39mDEBUG&amp#27;[0;39m [main] &amp#27;[36mo.s.security.web.FilterChainProxy&amp#27;[0;39m - Secured POST /api/v1/customer/auth/login
21:53:08.983 &amp#27;[39mDEBUG&amp#27;[0;39m [main] &amp#27;[36mo.s.security.web.FilterChainProxy&amp#27;[0;39m - Securing POST /api/v1/cart/items
21:53:08.983 &amp#27;[39mDEBUG&amp#27;[0;39m [main] &amp#27;[36mo.s.security.web.FilterChainProxy&amp#27;[0;39m - Secured POST /api/v1/cart/items
21:53:08.994 &amp#27;[39mDEBUG&amp#27;[0;39m [main] &amp#27;[36mo.s.security.web.FilterChainProxy&amp#27;[0;39m - Securing POST /api/v1/checkout
21:53:08.994 &amp#27;[39mDEBUG&amp#27;[0;39m [main] &amp#27;[36mo.s.security.web.FilterChainProxy&amp#27;[0;39m - Secured POST /api/v1/checkout
21:53:09.002 &amp#27;[34mINFO &amp#27;[0;39m [SimpleAsyncTaskExecutor-47] &amp#27;[36mc.b.b.s.c.OrderNotificationService&amp#27;[0;39m - Mail not configured — order confirmation skipped for order BB-20260505-F6EB1F.
21:53:09.004 &amp#27;[39mDEBUG&amp#27;[0;39m [main] &amp#27;[36mc.b.b.service.ws.AdminOrderWsService&amp#27;[0;39m - WS pushed NEW_ORDER for order BB-20260505-F6EB1F
21:53:09.005 &amp#27;[39mDEBUG&amp#27;[0;39m [main] &amp#27;[36mo.s.security.web.FilterChainProxy&amp#27;[0;39m - Securing POST /api/v1/customer/auth/register
21:53:09.005 &amp#27;[39mDEBUG&amp#27;[0;39m [main] &amp#27;[36mo.s.s.w.a.AnonymousAuthenticationFilter&amp#27;[0;39m - Set SecurityContextHolder to anonymous SecurityContext
21:53:09.006 &amp#27;[39mDEBUG&amp#27;[0;39m [main] &amp#27;[36mo.s.security.web.FilterChainProxy&amp#27;[0;39m - Secured POST /api/v1/customer/auth/register
21:53:09.035 &amp#27;[34mINFO &amp#27;[0;39m [main] &amp#27;[36mc.b.b.s.c.EmailVerificationService&amp#27;[0;39m - Mail not configured — verification email skipped for customer c89fe7c2-f10b-49f4-9923-4454966a55de
21:53:09.035 &amp#27;[39mDEBUG&amp#27;[0;39m [main] &amp#27;[36mo.s.security.web.FilterChainProxy&amp#27;[0;39m - Securing POST /api/v1/customer/auth/login
21:53:09.035 &amp#27;[39mDEBUG&amp#27;[0;39m [main] &amp#27;[36mo.s.s.w.a.AnonymousAuthenticationFilter&amp#27;[0;39m - Set SecurityContextHolder to anonymous SecurityContext
21:53:09.035 &amp#27;[39mDEBUG&amp#27;[0;39m [main] &amp#27;[36mo.s.security.web.FilterChainProxy&amp#27;[0;39m - Secured POST /api/v1/customer/auth/login
21:53:09.077 &amp#27;[39mDEBUG&amp#27;[0;39m [main] &amp#27;[36mo.s.security.web.FilterChainProxy&amp#27;[0;39m - Securing POST /api/v1/cart/items
21:53:09.077 &amp#27;[39mDEBUG&amp#27;[0;39m [main] &amp#27;[36mo.s.security.web.FilterChainProxy&amp#27;[0;39m - Secured POST /api/v1/cart/items
21:53:09.092 &amp#27;[39mDEBUG&amp#27;[0;39m [main] &amp#27;[36mo.s.security.web.FilterChainProxy&amp#27;[0;39m - Securing POST /api/v1/checkout
21:53:09.092 &amp#27;[39mDEBUG&amp#27;[0;39m [main] &amp#27;[36mo.s.security.web.FilterChainProxy&amp#27;[0;39m - Secured POST /api/v1/checkout
21:53:09.097 &amp#27;[34mINFO &amp#27;[0;39m [SimpleAsyncTaskExecutor-49] &amp#27;[36mc.b.b.s.c.OrderNotificationService&amp#27;[0;39m - Mail not configured — order confirmation skipped for order BB-20260505-94A9E9.
21:53:09.097 &amp#27;[39mDEBUG&amp#27;[0;39m [main] &amp#27;[36mc.b.b.service.ws.AdminOrderWsService&amp#27;[0;39m - WS pushed NEW_ORDER for order BB-20260505-94A9E9
21:53:09.097 &amp#27;[39mDEBUG&amp#27;[0;39m [main] &amp#27;[36mo.s.security.web.FilterChainProxy&amp#27;[0;39m - Securing GET /api/v1/customer/orders
21:53:09.097 &amp#27;[39mDEBUG&amp#27;[0;39m [main] &amp#27;[36mo.s.security.web.FilterChainProxy&amp#27;[0;39m - Secured GET /api/v1/customer/orders
21:53:09.141 &amp#27;[39mDEBUG&amp#27;[0;39m [main] &amp#27;[36mo.s.security.web.FilterChainProxy&amp#27;[0;39m - Securing GET /api/v1/customer/orders
21:53:09.143 &amp#27;[39mDEBUG&amp#27;[0;39m [main] &amp#27;[36mo.s.security.web.FilterChainProxy&amp#27;[0;39m - Secured GET /api/v1/customer/orders
]]></system-out>
  </testcase>
  <testcase name="customerMe_stillWorks" classname="com.bigbike.bigbike_backend.api.Phase1GOrderReadApiTest" time="0.109">
    <system-out><![CDATA[21:53:09.157 &amp#27;[34mINFO &amp#27;[0;39m [main] &amp#27;[36mo.s.b.t.m.w.SpringBootMockServletContext&amp#27;[0;39m - Initializing Spring TestDispatcherServlet ''
21:53:09.157 &amp#27;[34mINFO &amp#27;[0;39m [main] &amp#27;[36mo.s.t.w.s.TestDispatcherServlet&amp#27;[0;39m - Initializing Servlet ''
21:53:09.157 &amp#27;[34mINFO &amp#27;[0;39m [main] &amp#27;[36mo.s.t.w.s.TestDispatcherServlet&amp#27;[0;39m - Completed initialization in 0 ms
21:53:09.159 &amp#27;[39mDEBUG&amp#27;[0;39m [main] &amp#27;[36mo.s.security.web.FilterChainProxy&amp#27;[0;39m - Securing POST /api/v1/customer/auth/register
21:53:09.159 &amp#27;[39mDEBUG&amp#27;[0;39m [main] &amp#27;[36mo.s.s.w.a.AnonymousAuthenticationFilter&amp#27;[0;39m - Set SecurityContextHolder to anonymous SecurityContext
21:53:09.160 &amp#27;[39mDEBUG&amp#27;[0;39m [main] &amp#27;[36mo.s.security.web.FilterChainProxy&amp#27;[0;39m - Secured POST /api/v1/customer/auth/register
21:53:09.203 &amp#27;[34mINFO &amp#27;[0;39m [main] &amp#27;[36mc.b.b.s.c.EmailVerificationService&amp#27;[0;39m - Mail not configured — verification email skipped for customer a31a0c3d-d292-4a8f-91aa-f4946770af45
21:53:09.206 &amp#27;[39mDEBUG&amp#27;[0;39m [main] &amp#27;[36mo.s.security.web.FilterChainProxy&amp#27;[0;39m - Securing POST /api/v1/customer/auth/login
21:53:09.206 &amp#27;[39mDEBUG&amp#27;[0;39m [main] &amp#27;[36mo.s.s.w.a.AnonymousAuthenticationFilter&amp#27;[0;39m - Set SecurityContextHolder to anonymous SecurityContext
21:53:09.207 &amp#27;[39mDEBUG&amp#27;[0;39m [main] &amp#27;[36mo.s.security.web.FilterChainProxy&amp#27;[0;39m - Secured POST /api/v1/customer/auth/login
21:53:09.254 &amp#27;[39mDEBUG&amp#27;[0;39m [main] &amp#27;[36mo.s.security.web.FilterChainProxy&amp#27;[0;39m - Securing GET /api/v1/customer/me
21:53:09.256 &amp#27;[39mDEBUG&amp#27;[0;39m [main] &amp#27;[36mo.s.security.web.FilterChainProxy&amp#27;[0;39m - Secured GET /api/v1/customer/me
]]></system-out>
  </testcase>
  <testcase name="customerOrders_withoutSession_returns401" classname="com.bigbike.bigbike_backend.api.Phase1GOrderReadApiTest" time="0.01">
    <system-out><![CDATA[21:53:09.266 &amp#27;[34mINFO &amp#27;[0;39m [main] &amp#27;[36mo.s.b.t.m.w.SpringBootMockServletContext&amp#27;[0;39m - Initializing Spring TestDispatcherServlet ''
21:53:09.266 &amp#27;[34mINFO &amp#27;[0;39m [main] &amp#27;[36mo.s.t.w.s.TestDispatcherServlet&amp#27;[0;39m - Initializing Servlet ''
21:53:09.268 &amp#27;[34mINFO &amp#27;[0;39m [main] &amp#27;[36mo.s.t.w.s.TestDispatcherServlet&amp#27;[0;39m - Completed initialization in 2 ms
21:53:09.268 &amp#27;[39mDEBUG&amp#27;[0;39m [main] &amp#27;[36mo.s.security.web.FilterChainProxy&amp#27;[0;39m - Securing GET /api/v1/customer/orders
21:53:09.268 &amp#27;[39mDEBUG&amp#27;[0;39m [main] &amp#27;[36mo.s.s.w.a.AnonymousAuthenticationFilter&amp#27;[0;39m - Set SecurityContextHolder to anonymous SecurityContext
]]></system-out>
  </testcase>
  <testcase name="adminEndpoint_stillProtected" classname="com.bigbike.bigbike_backend.api.Phase1GOrderReadApiTest" time="0.006">
    <system-out><![CDATA[21:53:09.277 &amp#27;[34mINFO &amp#27;[0;39m [main] &amp#27;[36mo.s.b.t.m.w.SpringBootMockServletContext&amp#27;[0;39m - Initializing Spring TestDispatcherServlet ''
21:53:09.277 &amp#27;[34mINFO &amp#27;[0;39m [main] &amp#27;[36mo.s.t.w.s.TestDispatcherServlet&amp#27;[0;39m - Initializing Servlet ''
21:53:09.278 &amp#27;[34mINFO &amp#27;[0;39m [main] &amp#27;[36mo.s.t.w.s.TestDispatcherServlet&amp#27;[0;39m - Completed initialization in 1 ms
21:53:09.279 &amp#27;[39mDEBUG&amp#27;[0;39m [main] &amp#27;[36mo.s.security.web.FilterChainProxy&amp#27;[0;39m - Securing GET /api/v1/admin/products
21:53:09.279 &amp#27;[39mDEBUG&amp#27;[0;39m [main] &amp#27;[36mo.s.s.w.a.AnonymousAuthenticationFilter&amp#27;[0;39m - Set SecurityContextHolder to anonymous SecurityContext
]]></system-out>
  </testcase>
  <testcase name="guestLookup_wrongKey_returns404" classname="com.bigbike.bigbike_backend.api.Phase1GOrderReadApiTest" time="0.053">
    <system-out><![CDATA[21:53:09.285 &amp#27;[34mINFO &amp#27;[0;39m [main] &amp#27;[36mo.s.b.t.m.w.SpringBootMockServletContext&amp#27;[0;39m - Initializing Spring TestDispatcherServlet ''
21:53:09.285 &amp#27;[34mINFO &amp#27;[0;39m [main] &amp#27;[36mo.s.t.w.s.TestDispatcherServlet&amp#27;[0;39m - Initializing Servlet ''
21:53:09.293 &amp#27;[34mINFO &amp#27;[0;39m [main] &amp#27;[36mo.s.t.w.s.TestDispatcherServlet&amp#27;[0;39m - Completed initialization in 8 ms
21:53:09.297 &amp#27;[39mDEBUG&amp#27;[0;39m [main] &amp#27;[36mo.s.security.web.FilterChainProxy&amp#27;[0;39m - Securing GET /api/v1/cart
21:53:09.297 &amp#27;[39mDEBUG&amp#27;[0;39m [main] &amp#27;[36mo.s.s.w.a.AnonymousAuthenticationFilter&amp#27;[0;39m - Set SecurityContextHolder to anonymous SecurityContext
21:53:09.298 &amp#27;[39mDEBUG&amp#27;[0;39m [main] &amp#27;[36mo.s.security.web.FilterChainProxy&amp#27;[0;39m - Secured GET /api/v1/cart
21:53:09.302 &amp#27;[39mDEBUG&amp#27;[0;39m [main] &amp#27;[36mo.s.security.web.FilterChainProxy&amp#27;[0;39m - Securing POST /api/v1/cart/items
21:53:09.302 &amp#27;[39mDEBUG&amp#27;[0;39m [main] &amp#27;[36mo.s.s.w.a.AnonymousAuthenticationFilter&amp#27;[0;39m - Set SecurityContextHolder to anonymous SecurityContext
21:53:09.302 &amp#27;[39mDEBUG&amp#27;[0;39m [main] &amp#27;[36mo.s.security.web.FilterChainProxy&amp#27;[0;39m - Secured POST /api/v1/cart/items
21:53:09.310 &amp#27;[39mDEBUG&amp#27;[0;39m [main] &amp#27;[36mo.s.security.web.FilterChainProxy&amp#27;[0;39m - Securing POST /api/v1/checkout
21:53:09.310 &amp#27;[39mDEBUG&amp#27;[0;39m [main] &amp#27;[36mo.s.s.w.a.AnonymousAuthenticationFilter&amp#27;[0;39m - Set SecurityContextHolder to anonymous SecurityContext
21:53:09.310 &amp#27;[39mDEBUG&amp#27;[0;39m [main] &amp#27;[36mo.s.security.web.FilterChainProxy&amp#27;[0;39m - Secured POST /api/v1/checkout
21:53:09.318 &amp#27;[34mINFO &amp#27;[0;39m [SimpleAsyncTaskExecutor-51] &amp#27;[36mc.b.b.s.c.OrderNotificationService&amp#27;[0;39m - Mail not configured — order confirmation skipped for order BB-20260505-2D9217.
21:53:09.320 &amp#27;[39mDEBUG&amp#27;[0;39m [main] &amp#27;[36mc.b.b.service.ws.AdminOrderWsService&amp#27;[0;39m - WS pushed NEW_ORDER for order BB-20260505-2D9217
21:53:09.321 &amp#27;[39mDEBUG&amp#27;[0;39m [main] &amp#27;[36mo.s.security.web.FilterChainProxy&amp#27;[0;39m - Securing GET /api/v1/orders/lookup
21:53:09.322 &amp#27;[39mDEBUG&amp#27;[0;39m [main] &amp#27;[36mo.s.s.w.a.AnonymousAuthenticationFilter&amp#27;[0;39m - Set SecurityContextHolder to anonymous SecurityContext
21:53:09.322 &amp#27;[39mDEBUG&amp#27;[0;39m [main] &amp#27;[36mo.s.security.web.FilterChainProxy&amp#27;[0;39m - Secured GET /api/v1/orders/lookup
]]></system-out>
  </testcase>
  <testcase name="customerOrderDetail_includesLineItems" classname="com.bigbike.bigbike_backend.api.Phase1GOrderReadApiTest" time="0.091">
    <system-out><![CDATA[21:53:09.339 &amp#27;[34mINFO &amp#27;[0;39m [main] &amp#27;[36mo.s.b.t.m.w.SpringBootMockServletContext&amp#27;[0;39m - Initializing Spring TestDispatcherServlet ''
21:53:09.339 &amp#27;[34mINFO &amp#27;[0;39m [main] &amp#27;[36mo.s.t.w.s.TestDispatcherServlet&amp#27;[0;39m - Initializing Servlet ''
21:53:09.340 &amp#27;[34mINFO &amp#27;[0;39m [main] &amp#27;[36mo.s.t.w.s.TestDispatcherServlet&amp#27;[0;39m - Completed initialization in 1 ms
21:53:09.341 &amp#27;[39mDEBUG&amp#27;[0;39m [main] &amp#27;[36mo.s.security.web.FilterChainProxy&amp#27;[0;39m - Securing POST /api/v1/customer/auth/register
21:53:09.342 &amp#27;[39mDEBUG&amp#27;[0;39m [main] &amp#27;[36mo.s.s.w.a.AnonymousAuthenticationFilter&amp#27;[0;39m - Set SecurityContextHolder to anonymous SecurityContext
21:53:09.342 &amp#27;[39mDEBUG&amp#27;[0;39m [main] &amp#27;[36mo.s.security.web.FilterChainProxy&amp#27;[0;39m - Secured POST /api/v1/customer/auth/register
21:53:09.370 &amp#27;[34mINFO &amp#27;[0;39m [main] &amp#27;[36mc.b.b.s.c.EmailVerificationService&amp#27;[0;39m - Mail not configured — verification email skipped for customer 3315f1a0-429b-42b5-995f-08cbee2aff3e
21:53:09.376 &amp#27;[39mDEBUG&amp#27;[0;39m [main] &amp#27;[36mo.s.security.web.FilterChainProxy&amp#27;[0;39m - Securing POST /api/v1/customer/auth/login
21:53:09.376 &amp#27;[39mDEBUG&amp#27;[0;39m [main] &amp#27;[36mo.s.s.w.a.AnonymousAuthenticationFilter&amp#27;[0;39m - Set SecurityContextHolder to anonymous SecurityContext
21:53:09.376 &amp#27;[39mDEBUG&amp#27;[0;39m [main] &amp#27;[36mo.s.security.web.FilterChainProxy&amp#27;[0;39m - Secured POST /api/v1/customer/auth/login
21:53:09.409 &amp#27;[39mDEBUG&amp#27;[0;39m [main] &amp#27;[36mo.s.security.web.FilterChainProxy&amp#27;[0;39m - Securing POST /api/v1/cart/items
21:53:09.410 &amp#27;[39mDEBUG&amp#27;[0;39m [main] &amp#27;[36mo.s.security.web.FilterChainProxy&amp#27;[0;39m - Secured POST /api/v1/cart/items
21:53:09.416 &amp#27;[39mDEBUG&amp#27;[0;39m [main] &amp#27;[36mo.s.security.web.FilterChainProxy&amp#27;[0;39m - Securing POST /api/v1/checkout
21:53:09.418 &amp#27;[39mDEBUG&amp#27;[0;39m [main] &amp#27;[36mo.s.security.web.FilterChainProxy&amp#27;[0;39m - Secured POST /api/v1/checkout
21:53:09.422 &amp#27;[34mINFO &amp#27;[0;39m [SimpleAsyncTaskExecutor-53] &amp#27;[36mc.b.b.s.c.OrderNotificationService&amp#27;[0;39m - Mail not configured — order confirmation skipped for order BB-20260505-496A22.
21:53:09.422 &amp#27;[39mDEBUG&amp#27;[0;39m [main] &amp#27;[36mc.b.b.service.ws.AdminOrderWsService&amp#27;[0;39m - WS pushed NEW_ORDER for order BB-20260505-496A22
21:53:09.427 &amp#27;[39mDEBUG&amp#27;[0;39m [main] &amp#27;[36mo.s.security.web.FilterChainProxy&amp#27;[0;39m - Securing GET /api/v1/customer/orders/5a700dda-7041-44b4-ae9a-7bd3a5e94bac
21:53:09.427 &amp#27;[39mDEBUG&amp#27;[0;39m [main] &amp#27;[36mo.s.security.web.FilterChainProxy&amp#27;[0;39m - Secured GET /api/v1/customer/orders/5a700dda-7041-44b4-ae9a-7bd3a5e94bac
]]></system-out>
  </testcase>
  <testcase name="quickBuyOrder_canLookupByOrderNumberAndKey" classname="com.bigbike.bigbike_backend.api.Phase1GOrderReadApiTest" time="0.019">
    <system-out><![CDATA[21:53:09.438 &amp#27;[34mINFO &amp#27;[0;39m [main] &amp#27;[36mo.s.b.t.m.w.SpringBootMockServletContext&amp#27;[0;39m - Initializing Spring TestDispatcherServlet ''
21:53:09.438 &amp#27;[34mINFO &amp#27;[0;39m [main] &amp#27;[36mo.s.t.w.s.TestDispatcherServlet&amp#27;[0;39m - Initializing Servlet ''
21:53:09.439 &amp#27;[34mINFO &amp#27;[0;39m [main] &amp#27;[36mo.s.t.w.s.TestDispatcherServlet&amp#27;[0;39m - Completed initialization in 1 ms
21:53:09.442 &amp#27;[39mDEBUG&amp#27;[0;39m [main] &amp#27;[36mo.s.security.web.FilterChainProxy&amp#27;[0;39m - Securing GET /api/v1/cart
21:53:09.442 &amp#27;[39mDEBUG&amp#27;[0;39m [main] &amp#27;[36mo.s.s.w.a.AnonymousAuthenticationFilter&amp#27;[0;39m - Set SecurityContextHolder to anonymous SecurityContext
21:53:09.442 &amp#27;[39mDEBUG&amp#27;[0;39m [main] &amp#27;[36mo.s.security.web.FilterChainProxy&amp#27;[0;39m - Secured GET /api/v1/cart
21:53:09.446 &amp#27;[39mDEBUG&amp#27;[0;39m [main] &amp#27;[36mo.s.security.web.FilterChainProxy&amp#27;[0;39m - Securing POST /api/v1/orders/quick-buy
21:53:09.446 &amp#27;[39mDEBUG&amp#27;[0;39m [main] &amp#27;[36mo.s.s.w.a.AnonymousAuthenticationFilter&amp#27;[0;39m - Set SecurityContextHolder to anonymous SecurityContext
21:53:09.446 &amp#27;[39mDEBUG&amp#27;[0;39m [main] &amp#27;[36mo.s.security.web.FilterChainProxy&amp#27;[0;39m - Secured POST /api/v1/orders/quick-buy
21:53:09.450 &amp#27;[34mINFO &amp#27;[0;39m [SimpleAsyncTaskExecutor-55] &amp#27;[36mc.b.b.s.c.OrderNotificationService&amp#27;[0;39m - Mail not configured — order confirmation skipped for order BB-20260505-014DEE.
21:53:09.451 &amp#27;[39mDEBUG&amp#27;[0;39m [main] &amp#27;[36mc.b.b.service.ws.AdminOrderWsService&amp#27;[0;39m - WS pushed NEW_ORDER for order BB-20260505-014DEE
21:53:09.451 &amp#27;[39mDEBUG&amp#27;[0;39m [main] &amp#27;[36mo.s.security.web.FilterChainProxy&amp#27;[0;39m - Securing GET /api/v1/orders/lookup
21:53:09.452 &amp#27;[39mDEBUG&amp#27;[0;39m [main] &amp#27;[36mo.s.s.w.a.AnonymousAuthenticationFilter&amp#27;[0;39m - Set SecurityContextHolder to anonymous SecurityContext
21:53:09.452 &amp#27;[39mDEBUG&amp#27;[0;39m [main] &amp#27;[36mo.s.security.web.FilterChainProxy&amp#27;[0;39m - Secured GET /api/v1/orders/lookup
]]></system-out>
  </testcase>
  <testcase name="publicCatalog_stillPublic" classname="com.bigbike.bigbike_backend.api.Phase1GOrderReadApiTest" time="0.074">
    <system-out><![CDATA[21:53:09.459 &amp#27;[34mINFO &amp#27;[0;39m [main] &amp#27;[36mo.s.b.t.m.w.SpringBootMockServletContext&amp#27;[0;39m - Initializing Spring TestDispatcherServlet ''
21:53:09.459 &amp#27;[34mINFO &amp#27;[0;39m [main] &amp#27;[36mo.s.t.w.s.TestDispatcherServlet&amp#27;[0;39m - Initializing Servlet ''
21:53:09.460 &amp#27;[34mINFO &amp#27;[0;39m [main] &amp#27;[36mo.s.t.w.s.TestDispatcherServlet&amp#27;[0;39m - Completed initialization in 1 ms
21:53:09.461 &amp#27;[39mDEBUG&amp#27;[0;39m [main] &amp#27;[36mo.s.security.web.FilterChainProxy&amp#27;[0;39m - Securing GET /api/v1/products
21:53:09.461 &amp#27;[39mDEBUG&amp#27;[0;39m [main] &amp#27;[36mo.s.s.w.a.AnonymousAuthenticationFilter&amp#27;[0;39m - Set SecurityContextHolder to anonymous SecurityContext
21:53:09.461 &amp#27;[39mDEBUG&amp#27;[0;39m [main] &amp#27;[36mo.s.security.web.FilterChainProxy&amp#27;[0;39m - Secured GET /api/v1/products
]]></system-out>
  </testcase>
  <testcase name="customerOrders_filterByStatusWorks" classname="com.bigbike.bigbike_backend.api.Phase1GOrderReadApiTest" time="0.12">
    <system-out><![CDATA[21:53:09.541 &amp#27;[34mINFO &amp#27;[0;39m [main] &amp#27;[36mo.s.b.t.m.w.SpringBootMockServletContext&amp#27;[0;39m - Initializing Spring TestDispatcherServlet ''
21:53:09.541 &amp#27;[34mINFO &amp#27;[0;39m [main] &amp#27;[36mo.s.t.w.s.TestDispatcherServlet&amp#27;[0;39m - Initializing Servlet ''
21:53:09.541 &amp#27;[34mINFO &amp#27;[0;39m [main] &amp#27;[36mo.s.t.w.s.TestDispatcherServlet&amp#27;[0;39m - Completed initialization in 0 ms
21:53:09.541 &amp#27;[39mDEBUG&amp#27;[0;39m [main] &amp#27;[36mo.s.security.web.FilterChainProxy&amp#27;[0;39m - Securing POST /api/v1/customer/auth/register
21:53:09.541 &amp#27;[39mDEBUG&amp#27;[0;39m [main] &amp#27;[36mo.s.s.w.a.AnonymousAuthenticationFilter&amp#27;[0;39m - Set SecurityContextHolder to anonymous SecurityContext
21:53:09.541 &amp#27;[39mDEBUG&amp#27;[0;39m [main] &amp#27;[36mo.s.security.web.FilterChainProxy&amp#27;[0;39m - Secured POST /api/v1/customer/auth/register
21:53:09.567 &amp#27;[34mINFO &amp#27;[0;39m [main] &amp#27;[36mc.b.b.s.c.EmailVerificationService&amp#27;[0;39m - Mail not configured — verification email skipped for customer 87e680b2-2776-4feb-92da-ef5272fa83a8
21:53:09.570 &amp#27;[39mDEBUG&amp#27;[0;39m [main] &amp#27;[36mo.s.security.web.FilterChainProxy&amp#27;[0;39m - Securing POST /api/v1/customer/auth/login
21:53:09.570 &amp#27;[39mDEBUG&amp#27;[0;39m [main] &amp#27;[36mo.s.s.w.a.AnonymousAuthenticationFilter&amp#27;[0;39m - Set SecurityContextHolder to anonymous SecurityContext
21:53:09.570 &amp#27;[39mDEBUG&amp#27;[0;39m [main] &amp#27;[36mo.s.security.web.FilterChainProxy&amp#27;[0;39m - Secured POST /api/v1/customer/auth/login
21:53:09.612 &amp#27;[39mDEBUG&amp#27;[0;39m [main] &amp#27;[36mo.s.security.web.FilterChainProxy&amp#27;[0;39m - Securing POST /api/v1/cart/items
21:53:09.613 &amp#27;[39mDEBUG&amp#27;[0;39m [main] &amp#27;[36mo.s.security.web.FilterChainProxy&amp#27;[0;39m - Secured POST /api/v1/cart/items
21:53:09.620 &amp#27;[39mDEBUG&amp#27;[0;39m [main] &amp#27;[36mo.s.security.web.FilterChainProxy&amp#27;[0;39m - Securing POST /api/v1/checkout
21:53:09.621 &amp#27;[39mDEBUG&amp#27;[0;39m [main] &amp#27;[36mo.s.security.web.FilterChainProxy&amp#27;[0;39m - Secured POST /api/v1/checkout
21:53:09.628 &amp#27;[34mINFO &amp#27;[0;39m [SimpleAsyncTaskExecutor-57] &amp#27;[36mc.b.b.s.c.OrderNotificationService&amp#27;[0;39m - Mail not configured — order confirmation skipped for order BB-20260505-F3EA74.
21:53:09.630 &amp#27;[39mDEBUG&amp#27;[0;39m [main] &amp#27;[36mc.b.b.service.ws.AdminOrderWsService&amp#27;[0;39m - WS pushed NEW_ORDER for order BB-20260505-F3EA74
21:53:09.631 &amp#27;[39mDEBUG&amp#27;[0;39m [main] &amp#27;[36mo.s.security.web.FilterChainProxy&amp#27;[0;39m - Securing GET /api/v1/customer/orders
21:53:09.632 &amp#27;[39mDEBUG&amp#27;[0;39m [main] &amp#27;[36mo.s.security.web.FilterChainProxy&amp#27;[0;39m - Secured GET /api/v1/customer/orders
21:53:09.641 &amp#27;[39mDEBUG&amp#27;[0;39m [main] &amp#27;[36mo.s.security.web.FilterChainProxy&amp#27;[0;39m - Securing GET /api/v1/customer/orders
21:53:09.644 &amp#27;[39mDEBUG&amp#27;[0;39m [main] &amp#27;[36mo.s.security.web.FilterChainProxy&amp#27;[0;39m - Secured GET /api/v1/customer/orders
]]></system-out>
  </testcase>
  <testcase name="customerOrders_paginationWorks" classname="com.bigbike.bigbike_backend.api.Phase1GOrderReadApiTest" time="0.135">
    <system-out><![CDATA[21:53:09.653 &amp#27;[34mINFO &amp#27;[0;39m [main] &amp#27;[36mo.s.b.t.m.w.SpringBootMockServletContext&amp#27;[0;39m - Initializing Spring TestDispatcherServlet ''
21:53:09.653 &amp#27;[34mINFO &amp#27;[0;39m [main] &amp#27;[36mo.s.t.w.s.TestDispatcherServlet&amp#27;[0;39m - Initializing Servlet ''
21:53:09.655 &amp#27;[34mINFO &amp#27;[0;39m [main] &amp#27;[36mo.s.t.w.s.TestDispatcherServlet&amp#27;[0;39m - Completed initialization in 2 ms
21:53:09.656 &amp#27;[39mDEBUG&amp#27;[0;39m [main] &amp#27;[36mo.s.security.web.FilterChainProxy&amp#27;[0;39m - Securing POST /api/v1/customer/auth/register
21:53:09.656 &amp#27;[39mDEBUG&amp#27;[0;39m [main] &amp#27;[36mo.s.s.w.a.AnonymousAuthenticationFilter&amp#27;[0;39m - Set SecurityContextHolder to anonymous SecurityContext
21:53:09.656 &amp#27;[39mDEBUG&amp#27;[0;39m [main] &amp#27;[36mo.s.security.web.FilterChainProxy&amp#27;[0;39m - Secured POST /api/v1/customer/auth/register
21:53:09.684 &amp#27;[34mINFO &amp#27;[0;39m [main] &amp#27;[36mc.b.b.s.c.EmailVerificationService&amp#27;[0;39m - Mail not configured — verification email skipped for customer 979b5164-3e99-45b1-a970-a3ae0e772254
21:53:09.687 &amp#27;[39mDEBUG&amp#27;[0;39m [main] &amp#27;[36mo.s.security.web.FilterChainProxy&amp#27;[0;39m - Securing POST /api/v1/customer/auth/login
21:53:09.688 &amp#27;[39mDEBUG&amp#27;[0;39m [main] &amp#27;[36mo.s.s.w.a.AnonymousAuthenticationFilter&amp#27;[0;39m - Set SecurityContextHolder to anonymous SecurityContext
21:53:09.688 &amp#27;[39mDEBUG&amp#27;[0;39m [main] &amp#27;[36mo.s.security.web.FilterChainProxy&amp#27;[0;39m - Secured POST /api/v1/customer/auth/login
21:53:09.722 &amp#27;[39mDEBUG&amp#27;[0;39m [main] &amp#27;[36mo.s.security.web.FilterChainProxy&amp#27;[0;39m - Securing POST /api/v1/cart/items
21:53:09.724 &amp#27;[39mDEBUG&amp#27;[0;39m [main] &amp#27;[36mo.s.security.web.FilterChainProxy&amp#27;[0;39m - Secured POST /api/v1/cart/items
21:53:09.731 &amp#27;[39mDEBUG&amp#27;[0;39m [main] &amp#27;[36mo.s.security.web.FilterChainProxy&amp#27;[0;39m - Securing POST /api/v1/checkout
21:53:09.732 &amp#27;[39mDEBUG&amp#27;[0;39m [main] &amp#27;[36mo.s.security.web.FilterChainProxy&amp#27;[0;39m - Secured POST /api/v1/checkout
21:53:09.740 &amp#27;[34mINFO &amp#27;[0;39m [SimpleAsyncTaskExecutor-59] &amp#27;[36mc.b.b.s.c.OrderNotificationService&amp#27;[0;39m - Mail not configured — order confirmation skipped for order BB-20260505-AA452C.
21:53:09.741 &amp#27;[39mDEBUG&amp#27;[0;39m [main] &amp#27;[36mc.b.b.service.ws.AdminOrderWsService&amp#27;[0;39m - WS pushed NEW_ORDER for order BB-20260505-AA452C
21:53:09.747 &amp#27;[39mDEBUG&amp#27;[0;39m [main] &amp#27;[36mo.s.security.web.FilterChainProxy&amp#27;[0;39m - Securing POST /api/v1/cart/items
21:53:09.748 &amp#27;[39mDEBUG&amp#27;[0;39m [main] &amp#27;[36mo.s.security.web.FilterChainProxy&amp#27;[0;39m - Secured POST /api/v1/cart/items
21:53:09.757 &amp#27;[39mDEBUG&amp#27;[0;39m [main] &amp#27;[36mo.s.security.web.FilterChainProxy&amp#27;[0;39m - Securing POST /api/v1/checkout
21:53:09.761 &amp#27;[39mDEBUG&amp#27;[0;39m [main] &amp#27;[36mo.s.security.web.FilterChainProxy&amp#27;[0;39m - Secured POST /api/v1/checkout
21:53:09.766 &amp#27;[34mINFO &amp#27;[0;39m [SimpleAsyncTaskExecutor-61] &amp#27;[36mc.b.b.s.c.OrderNotificationService&amp#27;[0;39m - Mail not configured — order confirmation skipped for order BB-20260505-7D18B5.
21:53:09.770 &amp#27;[39mDEBUG&amp#27;[0;39m [main] &amp#27;[36mc.b.b.service.ws.AdminOrderWsService&amp#27;[0;39m - WS pushed NEW_ORDER for order BB-20260505-7D18B5
21:53:09.771 &amp#27;[39mDEBUG&amp#27;[0;39m [main] &amp#27;[36mo.s.security.web.FilterChainProxy&amp#27;[0;39m - Securing GET /api/v1/customer/orders
21:53:09.772 &amp#27;[39mDEBUG&amp#27;[0;39m [main] &amp#27;[36mo.s.security.web.FilterChainProxy&amp#27;[0;39m - Secured GET /api/v1/customer/orders
]]></system-out>
  </testcase>
  <testcase name="guestLookup_doesNotExposeInternalNotes" classname="com.bigbike.bigbike_backend.api.Phase1GOrderReadApiTest" time="0.036">
    <system-out><![CDATA[21:53:09.790 &amp#27;[34mINFO &amp#27;[0;39m [main] &amp#27;[36mo.s.b.t.m.w.SpringBootMockServletContext&amp#27;[0;39m - Initializing Spring TestDispatcherServlet ''
21:53:09.790 &amp#27;[34mINFO &amp#27;[0;39m [main] &amp#27;[36mo.s.t.w.s.TestDispatcherServlet&amp#27;[0;39m - Initializing Servlet ''
21:53:09.791 &amp#27;[34mINFO &amp#27;[0;39m [main] &amp#27;[36mo.s.t.w.s.TestDispatcherServlet&amp#27;[0;39m - Completed initialization in 1 ms
21:53:09.793 &amp#27;[39mDEBUG&amp#27;[0;39m [main] &amp#27;[36mo.s.security.web.FilterChainProxy&amp#27;[0;39m - Securing GET /api/v1/cart
21:53:09.794 &amp#27;[39mDEBUG&amp#27;[0;39m [main] &amp#27;[36mo.s.s.w.a.AnonymousAuthenticationFilter&amp#27;[0;39m - Set SecurityContextHolder to anonymous SecurityContext
21:53:09.794 &amp#27;[39mDEBUG&amp#27;[0;39m [main] &amp#27;[36mo.s.security.web.FilterChainProxy&amp#27;[0;39m - Secured GET /api/v1/cart
21:53:09.798 &amp#27;[39mDEBUG&amp#27;[0;39m [main] &amp#27;[36mo.s.security.web.FilterChainProxy&amp#27;[0;39m - Securing POST /api/v1/cart/items
21:53:09.798 &amp#27;[39mDEBUG&amp#27;[0;39m [main] &amp#27;[36mo.s.s.w.a.AnonymousAuthenticationFilter&amp#27;[0;39m - Set SecurityContextHolder to anonymous SecurityContext
21:53:09.799 &amp#27;[39mDEBUG&amp#27;[0;39m [main] &amp#27;[36mo.s.security.web.FilterChainProxy&amp#27;[0;39m - Secured POST /api/v1/cart/items
21:53:09.805 &amp#27;[39mDEBUG&amp#27;[0;39m [main] &amp#27;[36mo.s.security.web.FilterChainProxy&amp#27;[0;39m - Securing POST /api/v1/checkout
21:53:09.806 &amp#27;[39mDEBUG&amp#27;[0;39m [main] &amp#27;[36mo.s.s.w.a.AnonymousAuthenticationFilter&amp#27;[0;39m - Set SecurityContextHolder to anonymous SecurityContext
21:53:09.806 &amp#27;[39mDEBUG&amp#27;[0;39m [main] &amp#27;[36mo.s.security.web.FilterChainProxy&amp#27;[0;39m - Secured POST /api/v1/checkout
21:53:09.813 &amp#27;[34mINFO &amp#27;[0;39m [SimpleAsyncTaskExecutor-63] &amp#27;[36mc.b.b.s.c.OrderNotificationService&amp#27;[0;39m - Mail not configured — order confirmation skipped for order BB-20260505-22B93E.
21:53:09.815 &amp#27;[39mDEBUG&amp#27;[0;39m [main] &amp#27;[36mc.b.b.service.ws.AdminOrderWsService&amp#27;[0;39m - WS pushed NEW_ORDER for order BB-20260505-22B93E
21:53:09.817 &amp#27;[39mDEBUG&amp#27;[0;39m [main] &amp#27;[36mo.s.security.web.FilterChainProxy&amp#27;[0;39m - Securing GET /api/v1/orders/lookup
21:53:09.817 &amp#27;[39mDEBUG&amp#27;[0;39m [main] &amp#27;[36mo.s.s.w.a.AnonymousAuthenticationFilter&amp#27;[0;39m - Set SecurityContextHolder to anonymous SecurityContext
21:53:09.817 &amp#27;[39mDEBUG&amp#27;[0;39m [main] &amp#27;[36mo.s.security.web.FilterChainProxy&amp#27;[0;39m - Secured GET /api/v1/orders/lookup
]]></system-out>
  </testcase>
  <testcase name="customerOrderDetail_includesShippingItems" classname="com.bigbike.bigbike_backend.api.Phase1GOrderReadApiTest" time="0.134">
    <system-out><![CDATA[21:53:09.828 &amp#27;[34mINFO &amp#27;[0;39m [main] &amp#27;[36mo.s.b.t.m.w.SpringBootMockServletContext&amp#27;[0;39m - Initializing Spring TestDispatcherServlet ''
21:53:09.828 &amp#27;[34mINFO &amp#27;[0;39m [main] &amp#27;[36mo.s.t.w.s.TestDispatcherServlet&amp#27;[0;39m - Initializing Servlet ''
21:53:09.829 &amp#27;[34mINFO &amp#27;[0;39m [main] &amp#27;[36mo.s.t.w.s.TestDispatcherServlet&amp#27;[0;39m - Completed initialization in 1 ms
21:53:09.830 &amp#27;[39mDEBUG&amp#27;[0;39m [main] &amp#27;[36mo.s.security.web.FilterChainProxy&amp#27;[0;39m - Securing POST /api/v1/customer/auth/register
21:53:09.830 &amp#27;[39mDEBUG&amp#27;[0;39m [main] &amp#27;[36mo.s.s.w.a.AnonymousAuthenticationFilter&amp#27;[0;39m - Set SecurityContextHolder to anonymous SecurityContext
21:53:09.831 &amp#27;[39mDEBUG&amp#27;[0;39m [main] &amp#27;[36mo.s.security.web.FilterChainProxy&amp#27;[0;39m - Secured POST /api/v1/customer/auth/register
21:53:09.878 &amp#27;[34mINFO &amp#27;[0;39m [main] &amp#27;[36mc.b.b.s.c.EmailVerificationService&amp#27;[0;39m - Mail not configured — verification email skipped for customer ce046e6f-1247-4f98-93f5-26c40e794a39
21:53:09.881 &amp#27;[39mDEBUG&amp#27;[0;39m [main] &amp#27;[36mo.s.security.web.FilterChainProxy&amp#27;[0;39m - Securing POST /api/v1/customer/auth/login
21:53:09.882 &amp#27;[39mDEBUG&amp#27;[0;39m [main] &amp#27;[36mo.s.s.w.a.AnonymousAuthenticationFilter&amp#27;[0;39m - Set SecurityContextHolder to anonymous SecurityContext
21:53:09.882 &amp#27;[39mDEBUG&amp#27;[0;39m [main] &amp#27;[36mo.s.security.web.FilterChainProxy&amp#27;[0;39m - Secured POST /api/v1/customer/auth/login
21:53:09.929 &amp#27;[39mDEBUG&amp#27;[0;39m [main] &amp#27;[36mo.s.security.web.FilterChainProxy&amp#27;[0;39m - Securing POST /api/v1/cart/items
21:53:09.933 &amp#27;[39mDEBUG&amp#27;[0;39m [main] &amp#27;[36mo.s.security.web.FilterChainProxy&amp#27;[0;39m - Secured POST /api/v1/cart/items
21:53:09.940 &amp#27;[39mDEBUG&amp#27;[0;39m [main] &amp#27;[36mo.s.security.web.FilterChainProxy&amp#27;[0;39m - Securing POST /api/v1/checkout
21:53:09.944 &amp#27;[39mDEBUG&amp#27;[0;39m [main] &amp#27;[36mo.s.security.web.FilterChainProxy&amp#27;[0;39m - Secured POST /api/v1/checkout
21:53:09.950 &amp#27;[34mINFO &amp#27;[0;39m [SimpleAsyncTaskExecutor-65] &amp#27;[36mc.b.b.s.c.OrderNotificationService&amp#27;[0;39m - Mail not configured — order confirmation skipped for order BB-20260505-DD937C.
21:53:09.951 &amp#27;[39mDEBUG&amp#27;[0;39m [main] &amp#27;[36mc.b.b.service.ws.AdminOrderWsService&amp#27;[0;39m - WS pushed NEW_ORDER for order BB-20260505-DD937C
21:53:09.952 &amp#27;[39mDEBUG&amp#27;[0;39m [main] &amp#27;[36mo.s.security.web.FilterChainProxy&amp#27;[0;39m - Securing GET /api/v1/customer/orders/24f9e752-8620-46aa-9b41-990566950e65
21:53:09.953 &amp#27;[39mDEBUG&amp#27;[0;39m [main] &amp#27;[36mo.s.security.web.FilterChainProxy&amp#27;[0;39m - Secured GET /api/v1/customer/orders/24f9e752-8620-46aa-9b41-990566950e65
]]></system-out>
  </testcase>
  <testcase name="orderReceivedFlow_afterCheckout_canLookupByOrderNumberAndKey" classname="com.bigbike.bigbike_backend.api.Phase1GOrderReadApiTest" time="0.026">
    <system-out><![CDATA[21:53:09.961 &amp#27;[34mINFO &amp#27;[0;39m [main] &amp#27;[36mo.s.b.t.m.w.SpringBootMockServletContext&amp#27;[0;39m - Initializing Spring TestDispatcherServlet ''
21:53:09.961 &amp#27;[34mINFO &amp#27;[0;39m [main] &amp#27;[36mo.s.t.w.s.TestDispatcherServlet&amp#27;[0;39m - Initializing Servlet ''
21:53:09.961 &amp#27;[34mINFO &amp#27;[0;39m [main] &amp#27;[36mo.s.t.w.s.TestDispatcherServlet&amp#27;[0;39m - Completed initialization in 0 ms
21:53:09.965 &amp#27;[39mDEBUG&amp#27;[0;39m [main] &amp#27;[36mo.s.security.web.FilterChainProxy&amp#27;[0;39m - Securing GET /api/v1/cart
21:53:09.965 &amp#27;[39mDEBUG&amp#27;[0;39m [main] &amp#27;[36mo.s.s.w.a.AnonymousAuthenticationFilter&amp#27;[0;39m - Set SecurityContextHolder to anonymous SecurityContext
21:53:09.965 &amp#27;[39mDEBUG&amp#27;[0;39m [main] &amp#27;[36mo.s.security.web.FilterChainProxy&amp#27;[0;39m - Secured GET /api/v1/cart
21:53:09.965 &amp#27;[39mDEBUG&amp#27;[0;39m [main] &amp#27;[36mo.s.security.web.FilterChainProxy&amp#27;[0;39m - Securing POST /api/v1/cart/items
21:53:09.965 &amp#27;[39mDEBUG&amp#27;[0;39m [main] &amp#27;[36mo.s.s.w.a.AnonymousAuthenticationFilter&amp#27;[0;39m - Set SecurityContextHolder to anonymous SecurityContext
21:53:09.965 &amp#27;[39mDEBUG&amp#27;[0;39m [main] &amp#27;[36mo.s.security.web.FilterChainProxy&amp#27;[0;39m - Secured POST /api/v1/cart/items
21:53:09.965 &amp#27;[39mDEBUG&amp#27;[0;39m [main] &amp#27;[36mo.s.security.web.FilterChainProxy&amp#27;[0;39m - Securing POST /api/v1/checkout
21:53:09.965 &amp#27;[39mDEBUG&amp#27;[0;39m [main] &amp#27;[36mo.s.s.w.a.AnonymousAuthenticationFilter&amp#27;[0;39m - Set SecurityContextHolder to anonymous SecurityContext
21:53:09.965 &amp#27;[39mDEBUG&amp#27;[0;39m [main] &amp#27;[36mo.s.security.web.FilterChainProxy&amp#27;[0;39m - Secured POST /api/v1/checkout
21:53:09.977 &amp#27;[34mINFO &amp#27;[0;39m [SimpleAsyncTaskExecutor-67] &amp#27;[36mc.b.b.s.c.OrderNotificationService&amp#27;[0;39m - Mail not configured — order confirmation skipped for order BB-20260505-18E551.
21:53:09.979 &amp#27;[39mDEBUG&amp#27;[0;39m [main] &amp#27;[36mc.b.b.service.ws.AdminOrderWsService&amp#27;[0;39m - WS pushed NEW_ORDER for order BB-20260505-18E551
21:53:09.979 &amp#27;[39mDEBUG&amp#27;[0;39m [main] &amp#27;[36mo.s.security.web.FilterChainProxy&amp#27;[0;39m - Securing GET /api/v1/orders/lookup
21:53:09.980 &amp#27;[39mDEBUG&amp#27;[0;39m [main] &amp#27;[36mo.s.s.w.a.AnonymousAuthenticationFilter&amp#27;[0;39m - Set SecurityContextHolder to anonymous SecurityContext
21:53:09.980 &amp#27;[39mDEBUG&amp#27;[0;39m [main] &amp#27;[36mo.s.security.web.FilterChainProxy&amp#27;[0;39m - Secured GET /api/v1/orders/lookup
]]></system-out>
  </testcase>
  <testcase name="customerOrderDetail_ownOrder_returnsDetail" classname="com.bigbike.bigbike_backend.api.Phase1GOrderReadApiTest" time="0.092">
    <system-out><![CDATA[21:53:09.988 &amp#27;[34mINFO &amp#27;[0;39m [main] &amp#27;[36mo.s.b.t.m.w.SpringBootMockServletContext&amp#27;[0;39m - Initializing Spring TestDispatcherServlet ''
21:53:09.988 &amp#27;[34mINFO &amp#27;[0;39m [main] &amp#27;[36mo.s.t.w.s.TestDispatcherServlet&amp#27;[0;39m - Initializing Servlet ''
21:53:09.990 &amp#27;[34mINFO &amp#27;[0;39m [main] &amp#27;[36mo.s.t.w.s.TestDispatcherServlet&amp#27;[0;39m - Completed initialization in 2 ms
21:53:09.990 &amp#27;[39mDEBUG&amp#27;[0;39m [main] &amp#27;[36mo.s.security.web.FilterChainProxy&amp#27;[0;39m - Securing POST /api/v1/customer/auth/register
21:53:09.990 &amp#27;[39mDEBUG&amp#27;[0;39m [main] &amp#27;[36mo.s.s.w.a.AnonymousAuthenticationFilter&amp#27;[0;39m - Set SecurityContextHolder to anonymous SecurityContext
21:53:09.990 &amp#27;[39mDEBUG&amp#27;[0;39m [main] &amp#27;[36mo.s.security.web.FilterChainProxy&amp#27;[0;39m - Secured POST /api/v1/customer/auth/register
21:53:10.025 &amp#27;[34mINFO &amp#27;[0;39m [main] &amp#27;[36mc.b.b.s.c.EmailVerificationService&amp#27;[0;39m - Mail not configured — verification email skipped for customer b66eb23d-1620-432f-b4a0-67bfb220612c
21:53:10.027 &amp#27;[39mDEBUG&amp#27;[0;39m [main] &amp#27;[36mo.s.security.web.FilterChainProxy&amp#27;[0;39m - Securing POST /api/v1/customer/auth/login
21:53:10.027 &amp#27;[39mDEBUG&amp#27;[0;39m [main] &amp#27;[36mo.s.s.w.a.AnonymousAuthenticationFilter&amp#27;[0;39m - Set SecurityContextHolder to anonymous SecurityContext
21:53:10.027 &amp#27;[39mDEBUG&amp#27;[0;39m [main] &amp#27;[36mo.s.security.web.FilterChainProxy&amp#27;[0;39m - Secured POST /api/v1/customer/auth/login
21:53:10.056 &amp#27;[39mDEBUG&amp#27;[0;39m [main] &amp#27;[36mo.s.security.web.FilterChainProxy&amp#27;[0;39m - Securing POST /api/v1/cart/items
21:53:10.056 &amp#27;[39mDEBUG&amp#27;[0;39m [main] &amp#27;[36mo.s.security.web.FilterChainProxy&amp#27;[0;39m - Secured POST /api/v1/cart/items
21:53:10.061 &amp#27;[39mDEBUG&amp#27;[0;39m [main] &amp#27;[36mo.s.security.web.FilterChainProxy&amp#27;[0;39m - Securing POST /api/v1/checkout
21:53:10.061 &amp#27;[39mDEBUG&amp#27;[0;39m [main] &amp#27;[36mo.s.security.web.FilterChainProxy&amp#27;[0;39m - Secured POST /api/v1/checkout
21:53:10.068 &amp#27;[34mINFO &amp#27;[0;39m [SimpleAsyncTaskExecutor-69] &amp#27;[36mc.b.b.s.c.OrderNotificationService&amp#27;[0;39m - Mail not configured — order confirmation skipped for order BB-20260505-E2559D.
21:53:10.068 &amp#27;[39mDEBUG&amp#27;[0;39m [main] &amp#27;[36mc.b.b.service.ws.AdminOrderWsService&amp#27;[0;39m - WS pushed NEW_ORDER for order BB-20260505-E2559D
21:53:10.068 &amp#27;[39mDEBUG&amp#27;[0;39m [main] &amp#27;[36mo.s.security.web.FilterChainProxy&amp#27;[0;39m - Securing GET /api/v1/customer/orders/b8123809-1af0-4034-8bec-f59b80729e16
21:53:10.068 &amp#27;[39mDEBUG&amp#27;[0;39m [main] &amp#27;[36mo.s.security.web.FilterChainProxy&amp#27;[0;39m - Secured GET /api/v1/customer/orders/b8123809-1af0-4034-8bec-f59b80729e16
]]></system-out>
  </testcase>
  <testcase name="guestLookup_validOrderNumberAndKey_returnsDetail" classname="com.bigbike.bigbike_backend.api.Phase1GOrderReadApiTest" time="0.031">
    <system-out><![CDATA[21:53:10.078 &amp#27;[34mINFO &amp#27;[0;39m [main] &amp#27;[36mo.s.b.t.m.w.SpringBootMockServletContext&amp#27;[0;39m - Initializing Spring TestDispatcherServlet ''
21:53:10.078 &amp#27;[34mINFO &amp#27;[0;39m [main] &amp#27;[36mo.s.t.w.s.TestDispatcherServlet&amp#27;[0;39m - Initializing Servlet ''
21:53:10.082 &amp#27;[34mINFO &amp#27;[0;39m [main] &amp#27;[36mo.s.t.w.s.TestDispatcherServlet&amp#27;[0;39m - Completed initialization in 4 ms
21:53:10.084 &amp#27;[39mDEBUG&amp#27;[0;39m [main] &amp#27;[36mo.s.security.web.FilterChainProxy&amp#27;[0;39m - Securing GET /api/v1/cart
21:53:10.084 &amp#27;[39mDEBUG&amp#27;[0;39m [main] &amp#27;[36mo.s.s.w.a.AnonymousAuthenticationFilter&amp#27;[0;39m - Set SecurityContextHolder to anonymous SecurityContext
21:53:10.084 &amp#27;[39mDEBUG&amp#27;[0;39m [main] &amp#27;[36mo.s.security.web.FilterChainProxy&amp#27;[0;39m - Secured GET /api/v1/cart
21:53:10.088 &amp#27;[39mDEBUG&amp#27;[0;39m [main] &amp#27;[36mo.s.security.web.FilterChainProxy&amp#27;[0;39m - Securing POST /api/v1/cart/items
21:53:10.088 &amp#27;[39mDEBUG&amp#27;[0;39m [main] &amp#27;[36mo.s.s.w.a.AnonymousAuthenticationFilter&amp#27;[0;39m - Set SecurityContextHolder to anonymous SecurityContext
21:53:10.088 &amp#27;[39mDEBUG&amp#27;[0;39m [main] &amp#27;[36mo.s.security.web.FilterChainProxy&amp#27;[0;39m - Secured POST /api/v1/cart/items
21:53:10.091 &amp#27;[39mDEBUG&amp#27;[0;39m [main] &amp#27;[36mo.s.security.web.FilterChainProxy&amp#27;[0;39m - Securing POST /api/v1/checkout
21:53:10.091 &amp#27;[39mDEBUG&amp#27;[0;39m [main] &amp#27;[36mo.s.s.w.a.AnonymousAuthenticationFilter&amp#27;[0;39m - Set SecurityContextHolder to anonymous SecurityContext
21:53:10.091 &amp#27;[39mDEBUG&amp#27;[0;39m [main] &amp#27;[36mo.s.security.web.FilterChainProxy&amp#27;[0;39m - Secured POST /api/v1/checkout
21:53:10.099 &amp#27;[34mINFO &amp#27;[0;39m [SimpleAsyncTaskExecutor-71] &amp#27;[36mc.b.b.s.c.OrderNotificationService&amp#27;[0;39m - Mail not configured — order confirmation skipped for order BB-20260505-CAB978.
21:53:10.099 &amp#27;[39mDEBUG&amp#27;[0;39m [main] &amp#27;[36mc.b.b.service.ws.AdminOrderWsService&amp#27;[0;39m - WS pushed NEW_ORDER for order BB-20260505-CAB978
21:53:10.099 &amp#27;[39mDEBUG&amp#27;[0;39m [main] &amp#27;[36mo.s.security.web.FilterChainProxy&amp#27;[0;39m - Securing GET /api/v1/orders/lookup
21:53:10.099 &amp#27;[39mDEBUG&amp#27;[0;39m [main] &amp#27;[36mo.s.s.w.a.AnonymousAuthenticationFilter&amp#27;[0;39m - Set SecurityContextHolder to anonymous SecurityContext
21:53:10.099 &amp#27;[39mDEBUG&amp#27;[0;39m [main] &amp#27;[36mo.s.security.web.FilterChainProxy&amp#27;[0;39m - Secured GET /api/v1/orders/lookup
]]></system-out>
  </testcase>
  <testcase name="guestLookup_missingParams_returns400" classname="com.bigbike.bigbike_backend.api.Phase1GOrderReadApiTest" time="0.0">
    <system-out><![CDATA[21:53:10.109 &amp#27;[34mINFO &amp#27;[0;39m [main] &amp#27;[36mo.s.b.t.m.w.SpringBootMockServletContext&amp#27;[0;39m - Initializing Spring TestDispatcherServlet ''
21:53:10.109 &amp#27;[34mINFO &amp#27;[0;39m [main] &amp#27;[36mo.s.t.w.s.TestDispatcherServlet&amp#27;[0;39m - Initializing Servlet ''
21:53:10.109 &amp#27;[34mINFO &amp#27;[0;39m [main] &amp#27;[36mo.s.t.w.s.TestDispatcherServlet&amp#27;[0;39m - Completed initialization in 0 ms
21:53:10.109 &amp#27;[39mDEBUG&amp#27;[0;39m [main] &amp#27;[36mo.s.security.web.FilterChainProxy&amp#27;[0;39m - Securing GET /api/v1/orders/lookup
21:53:10.109 &amp#27;[39mDEBUG&amp#27;[0;39m [main] &amp#27;[36mo.s.s.w.a.AnonymousAuthenticationFilter&amp#27;[0;39m - Set SecurityContextHolder to anonymous SecurityContext
21:53:10.109 &amp#27;[39mDEBUG&amp#27;[0;39m [main] &amp#27;[36mo.s.security.web.FilterChainProxy&amp#27;[0;39m - Secured GET /api/v1/orders/lookup
21:53:10.109 &amp#27;[39mDEBUG&amp#27;[0;39m [main] &amp#27;[36mo.s.security.web.FilterChainProxy&amp#27;[0;39m - Securing GET /api/v1/orders/lookup
21:53:10.109 &amp#27;[39mDEBUG&amp#27;[0;39m [main] &amp#27;[36mo.s.s.w.a.AnonymousAuthenticationFilter&amp#27;[0;39m - Set SecurityContextHolder to anonymous SecurityContext
21:53:10.109 &amp#27;[39mDEBUG&amp#27;[0;39m [main] &amp#27;[36mo.s.security.web.FilterChainProxy&amp#27;[0;39m - Secured GET /api/v1/orders/lookup
]]></system-out>
  </testcase>
  <testcase name="cartApi_stillWorks" classname="com.bigbike.bigbike_backend.api.Phase1GOrderReadApiTest" time="0.013">
    <system-out><![CDATA[21:53:10.120 &amp#27;[34mINFO &amp#27;[0;39m [main] &amp#27;[36mo.s.b.t.m.w.SpringBootMockServletContext&amp#27;[0;39m - Initializing Spring TestDispatcherServlet ''
21:53:10.120 &amp#27;[34mINFO &amp#27;[0;39m [main] &amp#27;[36mo.s.t.w.s.TestDispatcherServlet&amp#27;[0;39m - Initializing Servlet ''
21:53:10.120 &amp#27;[34mINFO &amp#27;[0;39m [main] &amp#27;[36mo.s.t.w.s.TestDispatcherServlet&amp#27;[0;39m - Completed initialization in 0 ms
21:53:10.120 &amp#27;[39mDEBUG&amp#27;[0;39m [main] &amp#27;[36mo.s.security.web.FilterChainProxy&amp#27;[0;39m - Securing GET /api/v1/cart
21:53:10.120 &amp#27;[39mDEBUG&amp#27;[0;39m [main] &amp#27;[36mo.s.s.w.a.AnonymousAuthenticationFilter&amp#27;[0;39m - Set SecurityContextHolder to anonymous SecurityContext
21:53:10.122 &amp#27;[39mDEBUG&amp#27;[0;39m [main] &amp#27;[36mo.s.security.web.FilterChainProxy&amp#27;[0;39m - Secured GET /api/v1/cart
]]></system-out>
  </testcase>
  <testcase name="customerOrderDetail_doesNotExposeIpOrUserAgent" classname="com.bigbike.bigbike_backend.api.Phase1GOrderReadApiTest" time="0.086">
    <system-out><![CDATA[21:53:10.122 &amp#27;[34mINFO &amp#27;[0;39m [main] &amp#27;[36mo.s.b.t.m.w.SpringBootMockServletContext&amp#27;[0;39m - Initializing Spring TestDispatcherServlet ''
21:53:10.122 &amp#27;[34mINFO &amp#27;[0;39m [main] &amp#27;[36mo.s.t.w.s.TestDispatcherServlet&amp#27;[0;39m - Initializing Servlet ''
21:53:10.130 &amp#27;[34mINFO &amp#27;[0;39m [main] &amp#27;[36mo.s.t.w.s.TestDispatcherServlet&amp#27;[0;39m - Completed initialization in 8 ms
21:53:10.130 &amp#27;[39mDEBUG&amp#27;[0;39m [main] &amp#27;[36mo.s.security.web.FilterChainProxy&amp#27;[0;39m - Securing POST /api/v1/customer/auth/register
21:53:10.130 &amp#27;[39mDEBUG&amp#27;[0;39m [main] &amp#27;[36mo.s.s.w.a.AnonymousAuthenticationFilter&amp#27;[0;39m - Set SecurityContextHolder to anonymous SecurityContext
21:53:10.130 &amp#27;[39mDEBUG&amp#27;[0;39m [main] &amp#27;[36mo.s.security.web.FilterChainProxy&amp#27;[0;39m - Secured POST /api/v1/customer/auth/register
21:53:10.154 &amp#27;[34mINFO &amp#27;[0;39m [main] &amp#27;[36mc.b.b.s.c.EmailVerificationService&amp#27;[0;39m - Mail not configured — verification email skipped for customer 907ae44c-e9bd-4ff4-a6ab-91aa6fbf9b3e
21:53:10.154 &amp#27;[39mDEBUG&amp#27;[0;39m [main] &amp#27;[36mo.s.security.web.FilterChainProxy&amp#27;[0;39m - Securing POST /api/v1/customer/auth/login
21:53:10.154 &amp#27;[39mDEBUG&amp#27;[0;39m [main] &amp#27;[36mo.s.s.w.a.AnonymousAuthenticationFilter&amp#27;[0;39m - Set SecurityContextHolder to anonymous SecurityContext
21:53:10.154 &amp#27;[39mDEBUG&amp#27;[0;39m [main] &amp#27;[36mo.s.security.web.FilterChainProxy&amp#27;[0;39m - Secured POST /api/v1/customer/auth/login
21:53:10.186 &amp#27;[39mDEBUG&amp#27;[0;39m [main] &amp#27;[36mo.s.security.web.FilterChainProxy&amp#27;[0;39m - Securing POST /api/v1/cart/items
21:53:10.186 &amp#27;[39mDEBUG&amp#27;[0;39m [main] &amp#27;[36mo.s.security.web.FilterChainProxy&amp#27;[0;39m - Secured POST /api/v1/cart/items
21:53:10.193 &amp#27;[39mDEBUG&amp#27;[0;39m [main] &amp#27;[36mo.s.security.web.FilterChainProxy&amp#27;[0;39m - Securing POST /api/v1/checkout
21:53:10.193 &amp#27;[39mDEBUG&amp#27;[0;39m [main] &amp#27;[36mo.s.security.web.FilterChainProxy&amp#27;[0;39m - Secured POST /api/v1/checkout
21:53:10.193 &amp#27;[34mINFO &amp#27;[0;39m [SimpleAsyncTaskExecutor-73] &amp#27;[36mc.b.b.s.c.OrderNotificationService&amp#27;[0;39m - Mail not configured — order confirmation skipped for order BB-20260505-3B65B3.
21:53:10.202 &amp#27;[39mDEBUG&amp#27;[0;39m [main] &amp#27;[36mc.b.b.service.ws.AdminOrderWsService&amp#27;[0;39m - WS pushed NEW_ORDER for order BB-20260505-3B65B3
21:53:10.202 &amp#27;[39mDEBUG&amp#27;[0;39m [main] &amp#27;[36mo.s.security.web.FilterChainProxy&amp#27;[0;39m - Securing GET /api/v1/customer/orders/dc794c64-9bec-49fe-bd68-7ccbfaa28701
21:53:10.202 &amp#27;[39mDEBUG&amp#27;[0;39m [main] &amp#27;[36mo.s.security.web.FilterChainProxy&amp#27;[0;39m - Secured GET /api/v1/customer/orders/dc794c64-9bec-49fe-bd68-7ccbfaa28701
]]></system-out>
  </testcase>
</testsuite>