<?xml version="1.0" encoding="UTF-8"?>
<testsuite xmlns:xsi="http://www.w3.org/2001/XMLSchema-instance" xsi:noNamespaceSchemaLocation="https://maven.apache.org/surefire/maven-surefire-plugin/xsd/surefire-test-report.xsd" version="3.0.2" name="com.bigbike.bigbike_backend.api.Phase1LReturnsApiTest" time="4.408" tests="27" errors="0" skipped="0" failures="0" flakes="0">
  <properties>
[...]
</properties>
  <testcase name="adminUpdateReturnStatus_viewerRole_returns403" classname="com.bigbike.bigbike_backend.api.Phase1LReturnsApiTest" time="0.225">
    <system-out><![CDATA[17:38:38.509 &amp#27;[34mINFO &amp#27;[0;39m [main] &amp#27;[36mo.s.t.c.s.AnnotationConfigContextLoaderUtils&amp#27;[0;39m - Could not detect default configuration classes for test class [com.bigbike.bigbike_backend.api.Phase1LReturnsApiTest]: Phase1LReturnsApiTest does not declare any static, non-private, non-final, nested classes annotated with @Configuration.
17:38:38.510 &amp#27;[34mINFO &amp#27;[0;39m [main] &amp#27;[36mo.s.b.t.c.SpringBootTestContextBootstrapper&amp#27;[0;39m - Found @SpringBootConfiguration com.bigbike.bigbike_backend.BigbikeBackendApplication for test class com.bigbike.bigbike_backend.api.Phase1LReturnsApiTest
17:38:38.510 &amp#27;[34mINFO &amp#27;[0;39m [main] &amp#27;[36mo.s.t.c.s.AnnotationConfigContextLoaderUtils&amp#27;[0;39m - Could not detect default configuration classes for test class [com.bigbike.bigbike_backend.api.Phase1LReturnsApiTest]: Phase1LReturnsApiTest does not declare any static, non-private, non-final, nested classes annotated with @Configuration.
17:38:38.510 &amp#27;[34mINFO &amp#27;[0;39m [main] &amp#27;[36mo.s.b.t.c.SpringBootTestContextBootstrapper&amp#27;[0;39m - Found @SpringBootConfiguration com.bigbike.bigbike_backend.BigbikeBackendApplication for test class com.bigbike.bigbike_backend.api.Phase1LReturnsApiTest
17:38:38.512 &amp#27;[34mINFO &amp#27;[0;39m [main] &amp#27;[36mo.s.m.s.b.SimpleBrokerMessageHandler&amp#27;[0;39m - Stopping...
17:38:38.512 &amp#27;[34mINFO &amp#27;[0;39m [main] &amp#27;[36mo.s.m.s.b.SimpleBrokerMessageHandler&amp#27;[0;39m - BrokerAvailabilityEvent[available=false, SimpleBrokerMessageHandler [org.springframework.messaging.simp.broker.DefaultSubscriptionRegistry@7dada7ed]]
17:38:38.512 &amp#27;[34mINFO &amp#27;[0;39m [main] &amp#27;[36mo.s.m.s.b.SimpleBrokerMessageHandler&amp#27;[0;39m - Stopped.
17:38:38.513 &amp#27;[34mINFO &amp#27;[0;39m [main] &amp#27;[36mo.s.m.s.b.SimpleBrokerMessageHandler&amp#27;[0;39m - Starting...
17:38:38.513 &amp#27;[34mINFO &amp#27;[0;39m [main] &amp#27;[36mo.s.m.s.b.SimpleBrokerMessageHandler&amp#27;[0;39m - BrokerAvailabilityEvent[available=true, SimpleBrokerMessageHandler [org.springframework.messaging.simp.broker.DefaultSubscriptionRegistry@2de068fd]]
17:38:38.513 &amp#27;[34mINFO &amp#27;[0;39m [main] &amp#27;[36mo.s.m.s.b.SimpleBrokerMessageHandler&amp#27;[0;39m - Started.
17:38:38.519 &amp#27;[34mINFO &amp#27;[0;39m [main] &amp#27;[36mo.s.b.t.m.w.SpringBootMockServletContext&amp#27;[0;39m - Initializing Spring TestDispatcherServlet ''
17:38:38.519 &amp#27;[34mINFO &amp#27;[0;39m [main] &amp#27;[36mo.s.t.w.s.TestDispatcherServlet&amp#27;[0;39m - Initializing Servlet ''
17:38:38.520 &amp#27;[34mINFO &amp#27;[0;39m [main] &amp#27;[36mo.s.t.w.s.TestDispatcherServlet&amp#27;[0;39m - Completed initialization in 1 ms
17:38:38.551 &amp#27;[39mDEBUG&amp#27;[0;39m [main] &amp#27;[36mo.s.security.web.FilterChainProxy&amp#27;[0;39m - Securing POST /api/v1/auth/login
17:38:38.551 &amp#27;[39mDEBUG&amp#27;[0;39m [main] &amp#27;[36mo.s.s.w.a.AnonymousAuthenticationFilter&amp#27;[0;39m - Set SecurityContextHolder to anonymous SecurityContext
17:38:38.551 &amp#27;[39mDEBUG&amp#27;[0;39m [main] &amp#27;[36mo.s.security.web.FilterChainProxy&amp#27;[0;39m - Secured POST /api/v1/auth/login
17:38:38.610 &amp#27;[39mDEBUG&amp#27;[0;39m [main] &amp#27;[36mo.s.security.web.FilterChainProxy&amp#27;[0;39m - Securing POST /api/v1/auth/login
17:38:38.611 &amp#27;[39mDEBUG&amp#27;[0;39m [main] &amp#27;[36mo.s.s.w.a.AnonymousAuthenticationFilter&amp#27;[0;39m - Set SecurityContextHolder to anonymous SecurityContext
17:38:38.611 &amp#27;[39mDEBUG&amp#27;[0;39m [main] &amp#27;[36mo.s.security.web.FilterChainProxy&amp#27;[0;39m - Secured POST /api/v1/auth/login
17:38:38.641 &amp#27;[39mDEBUG&amp#27;[0;39m [main] &amp#27;[36mo.s.security.web.FilterChainProxy&amp#27;[0;39m - Securing POST /api/v1/customer/auth/register
17:38:38.641 &amp#27;[39mDEBUG&amp#27;[0;39m [main] &amp#27;[36mo.s.s.w.a.AnonymousAuthenticationFilter&amp#27;[0;39m - Set SecurityContextHolder to anonymous SecurityContext
17:38:38.641 &amp#27;[39mDEBUG&amp#27;[0;39m [main] &amp#27;[36mo.s.security.web.FilterChainProxy&amp#27;[0;39m - Secured POST /api/v1/customer/auth/register
17:38:38.670 &amp#27;[34mINFO &amp#27;[0;39m [main] &amp#27;[36mc.b.b.s.c.EmailVerificationService&amp#27;[0;39m - Mail not configured — verification email skipped for customer 0baddf97-6407-42d7-a50e-3f912d7a898b
17:38:38.671 &amp#27;[39mDEBUG&amp#27;[0;39m [main] &amp#27;[36mo.s.security.web.FilterChainProxy&amp#27;[0;39m - Securing POST /api/v1/customer/auth/login
17:38:38.671 &amp#27;[39mDEBUG&amp#27;[0;39m [main] &amp#27;[36mo.s.s.w.a.AnonymousAuthenticationFilter&amp#27;[0;39m - Set SecurityContextHolder to anonymous SecurityContext
17:38:38.671 &amp#27;[39mDEBUG&amp#27;[0;39m [main] &amp#27;[36mo.s.security.web.FilterChainProxy&amp#27;[0;39m - Secured POST /api/v1/customer/auth/login
17:38:38.701 &amp#27;[39mDEBUG&amp#27;[0;39m [main] &amp#27;[36mo.s.security.web.FilterChainProxy&amp#27;[0;39m - Securing POST /api/v1/cart/items
17:38:38.702 &amp#27;[39mDEBUG&amp#27;[0;39m [main] &amp#27;[36mo.s.security.web.FilterChainProxy&amp#27;[0;39m - Secured POST /api/v1/cart/items
17:38:38.705 &amp#27;[39mDEBUG&amp#27;[0;39m [main] &amp#27;[36mo.s.security.web.FilterChainProxy&amp#27;[0;39m - Securing POST /api/v1/checkout
17:38:38.706 &amp#27;[39mDEBUG&amp#27;[0;39m [main] &amp#27;[36mo.s.security.web.FilterChainProxy&amp#27;[0;39m - Secured POST /api/v1/checkout
17:38:38.709 &amp#27;[34mINFO &amp#27;[0;39m [SimpleAsyncTaskExecutor-152] &amp#27;[36mc.b.b.s.c.OrderNotificationService&amp#27;[0;39m - Mail not configured — order confirmation skipped for order BB-20260506-6CA7C1.
17:38:38.710 &amp#27;[39mDEBUG&amp#27;[0;39m [main] &amp#27;[36mc.b.b.service.ws.AdminOrderWsService&amp#27;[0;39m - WS pushed NEW_ORDER for order BB-20260506-6CA7C1
17:38:38.713 &amp#27;[39mDEBUG&amp#27;[0;39m [main] &amp#27;[36mo.s.security.web.FilterChainProxy&amp#27;[0;39m - Securing POST /api/v1/customer/orders/eed92820-36b1-4320-85af-57946bbd38b2/returns
17:38:38.714 &amp#27;[39mDEBUG&amp#27;[0;39m [main] &amp#27;[36mo.s.security.web.FilterChainProxy&amp#27;[0;39m - Secured POST /api/v1/customer/orders/eed92820-36b1-4320-85af-57946bbd38b2/returns
17:38:38.732 &amp#27;[34mINFO &amp#27;[0;39m [main] &amp#27;[36mc.b.b.s.c.OrderNotificationService&amp#27;[0;39m - Mail not configured — return-received notification skipped for RMA-001000.
17:38:38.741 &amp#27;[39mDEBUG&amp#27;[0;39m [main] &amp#27;[36mo.s.security.web.FilterChainProxy&amp#27;[0;39m - Securing PATCH /api/v1/admin/returns/f125769c-49a2-47a5-b096-9b2431a6e9e1/status
]]></system-out>
  </testcase>
  <testcase name="listReturns_newCustomer_returnsEmptyArray" classname="com.bigbike.bigbike_backend.api.Phase1LReturnsApiTest" time="0.129">
    <system-out><![CDATA[17:38:38.744 &amp#27;[34mINFO &amp#27;[0;39m [main] &amp#27;[36mo.s.b.t.m.w.SpringBootMockServletContext&amp#27;[0;39m - Initializing Spring TestDispatcherServlet ''
17:38:38.744 &amp#27;[34mINFO &amp#27;[0;39m [main] &amp#27;[36mo.s.t.w.s.TestDispatcherServlet&amp#27;[0;39m - Initializing Servlet ''
17:38:38.745 &amp#27;[34mINFO &amp#27;[0;39m [main] &amp#27;[36mo.s.t.w.s.TestDispatcherServlet&amp#27;[0;39m - Completed initialization in 1 ms
17:38:38.747 &amp#27;[39mDEBUG&amp#27;[0;39m [main] &amp#27;[36mo.s.security.web.FilterChainProxy&amp#27;[0;39m - Securing POST /api/v1/auth/login
17:38:38.747 &amp#27;[39mDEBUG&amp#27;[0;39m [main] &amp#27;[36mo.s.s.w.a.AnonymousAuthenticationFilter&amp#27;[0;39m - Set SecurityContextHolder to anonymous SecurityContext
17:38:38.747 &amp#27;[39mDEBUG&amp#27;[0;39m [main] &amp#27;[36mo.s.security.web.FilterChainProxy&amp#27;[0;39m - Secured POST /api/v1/auth/login
17:38:38.777 &amp#27;[39mDEBUG&amp#27;[0;39m [main] &amp#27;[36mo.s.security.web.FilterChainProxy&amp#27;[0;39m - Securing POST /api/v1/auth/login
17:38:38.777 &amp#27;[39mDEBUG&amp#27;[0;39m [main] &amp#27;[36mo.s.s.w.a.AnonymousAuthenticationFilter&amp#27;[0;39m - Set SecurityContextHolder to anonymous SecurityContext
17:38:38.777 &amp#27;[39mDEBUG&amp#27;[0;39m [main] &amp#27;[36mo.s.security.web.FilterChainProxy&amp#27;[0;39m - Secured POST /api/v1/auth/login
17:38:38.808 &amp#27;[39mDEBUG&amp#27;[0;39m [main] &amp#27;[36mo.s.security.web.FilterChainProxy&amp#27;[0;39m - Securing POST /api/v1/customer/auth/register
17:38:38.808 &amp#27;[39mDEBUG&amp#27;[0;39m [main] &amp#27;[36mo.s.s.w.a.AnonymousAuthenticationFilter&amp#27;[0;39m - Set SecurityContextHolder to anonymous SecurityContext
17:38:38.808 &amp#27;[39mDEBUG&amp#27;[0;39m [main] &amp#27;[36mo.s.security.web.FilterChainProxy&amp#27;[0;39m - Secured POST /api/v1/customer/auth/register
17:38:38.835 &amp#27;[34mINFO &amp#27;[0;39m [main] &amp#27;[36mc.b.b.s.c.EmailVerificationService&amp#27;[0;39m - Mail not configured — verification email skipped for customer feff0434-11d0-4eea-bc68-e677cf657001
17:38:38.836 &amp#27;[39mDEBUG&amp#27;[0;39m [main] &amp#27;[36mo.s.security.web.FilterChainProxy&amp#27;[0;39m - Securing POST /api/v1/customer/auth/login
17:38:38.836 &amp#27;[39mDEBUG&amp#27;[0;39m [main] &amp#27;[36mo.s.s.w.a.AnonymousAuthenticationFilter&amp#27;[0;39m - Set SecurityContextHolder to anonymous SecurityContext
17:38:38.837 &amp#27;[39mDEBUG&amp#27;[0;39m [main] &amp#27;[36mo.s.security.web.FilterChainProxy&amp#27;[0;39m - Secured POST /api/v1/customer/auth/login
17:38:38.866 &amp#27;[39mDEBUG&amp#27;[0;39m [main] &amp#27;[36mo.s.security.web.FilterChainProxy&amp#27;[0;39m - Securing GET /api/v1/customer/orders/returns
17:38:38.867 &amp#27;[39mDEBUG&amp#27;[0;39m [main] &amp#27;[36mo.s.security.web.FilterChainProxy&amp#27;[0;39m - Secured GET /api/v1/customer/orders/returns
]]></system-out>
  </testcase>
  <testcase name="createReturn_nonCompletedOrder_returns400" classname="com.bigbike.bigbike_backend.api.Phase1LReturnsApiTest" time="0.132">
    <system-out><![CDATA[17:38:38.873 &amp#27;[34mINFO &amp#27;[0;39m [main] &amp#27;[36mo.s.b.t.m.w.SpringBootMockServletContext&amp#27;[0;39m - Initializing Spring TestDispatcherServlet ''
17:38:38.873 &amp#27;[34mINFO &amp#27;[0;39m [main] &amp#27;[36mo.s.t.w.s.TestDispatcherServlet&amp#27;[0;39m - Initializing Servlet ''
17:38:38.874 &amp#27;[34mINFO &amp#27;[0;39m [main] &amp#27;[36mo.s.t.w.s.TestDispatcherServlet&amp#27;[0;39m - Completed initialization in 1 ms
17:38:38.875 &amp#27;[39mDEBUG&amp#27;[0;39m [main] &amp#27;[36mo.s.security.web.FilterChainProxy&amp#27;[0;39m - Securing POST /api/v1/auth/login
17:38:38.875 &amp#27;[39mDEBUG&amp#27;[0;39m [main] &amp#27;[36mo.s.s.w.a.AnonymousAuthenticationFilter&amp#27;[0;39m - Set SecurityContextHolder to anonymous SecurityContext
17:38:38.875 &amp#27;[39mDEBUG&amp#27;[0;39m [main] &amp#27;[36mo.s.security.web.FilterChainProxy&amp#27;[0;39m - Secured POST /api/v1/auth/login
17:38:38.904 &amp#27;[39mDEBUG&amp#27;[0;39m [main] &amp#27;[36mo.s.security.web.FilterChainProxy&amp#27;[0;39m - Securing POST /api/v1/auth/login
17:38:38.904 &amp#27;[39mDEBUG&amp#27;[0;39m [main] &amp#27;[36mo.s.s.w.a.AnonymousAuthenticationFilter&amp#27;[0;39m - Set SecurityContextHolder to anonymous SecurityContext
17:38:38.904 &amp#27;[39mDEBUG&amp#27;[0;39m [main] &amp#27;[36mo.s.security.web.FilterChainProxy&amp#27;[0;39m - Secured POST /api/v1/auth/login
17:38:38.933 &amp#27;[39mDEBUG&amp#27;[0;39m [main] &amp#27;[36mo.s.security.web.FilterChainProxy&amp#27;[0;39m - Securing POST /api/v1/customer/auth/register
17:38:38.933 &amp#27;[39mDEBUG&amp#27;[0;39m [main] &amp#27;[36mo.s.s.w.a.AnonymousAuthenticationFilter&amp#27;[0;39m - Set SecurityContextHolder to anonymous SecurityContext
17:38:38.933 &amp#27;[39mDEBUG&amp#27;[0;39m [main] &amp#27;[36mo.s.security.web.FilterChainProxy&amp#27;[0;39m - Secured POST /api/v1/customer/auth/register
17:38:38.961 &amp#27;[34mINFO &amp#27;[0;39m [main] &amp#27;[36mc.b.b.s.c.EmailVerificationService&amp#27;[0;39m - Mail not configured — verification email skipped for customer c2960c06-5da3-47c3-8f50-57a4423d1725
17:38:38.963 &amp#27;[39mDEBUG&amp#27;[0;39m [main] &amp#27;[36mo.s.security.web.FilterChainProxy&amp#27;[0;39m - Securing POST /api/v1/customer/auth/login
17:38:38.963 &amp#27;[39mDEBUG&amp#27;[0;39m [main] &amp#27;[36mo.s.s.w.a.AnonymousAuthenticationFilter&amp#27;[0;39m - Set SecurityContextHolder to anonymous SecurityContext
17:38:38.963 &amp#27;[39mDEBUG&amp#27;[0;39m [main] &amp#27;[36mo.s.security.web.FilterChainProxy&amp#27;[0;39m - Secured POST /api/v1/customer/auth/login
17:38:38.992 &amp#27;[39mDEBUG&amp#27;[0;39m [main] &amp#27;[36mo.s.security.web.FilterChainProxy&amp#27;[0;39m - Securing POST /api/v1/cart/items
17:38:38.992 &amp#27;[39mDEBUG&amp#27;[0;39m [main] &amp#27;[36mo.s.security.web.FilterChainProxy&amp#27;[0;39m - Secured POST /api/v1/cart/items
17:38:38.996 &amp#27;[39mDEBUG&amp#27;[0;39m [main] &amp#27;[36mo.s.security.web.FilterChainProxy&amp#27;[0;39m - Securing POST /api/v1/checkout
17:38:38.996 &amp#27;[39mDEBUG&amp#27;[0;39m [main] &amp#27;[36mo.s.security.web.FilterChainProxy&amp#27;[0;39m - Secured POST /api/v1/checkout
17:38:38.999 &amp#27;[34mINFO &amp#27;[0;39m [SimpleAsyncTaskExecutor-154] &amp#27;[36mc.b.b.s.c.OrderNotificationService&amp#27;[0;39m - Mail not configured — order confirmation skipped for order BB-20260506-1046E8.
17:38:39.000 &amp#27;[39mDEBUG&amp#27;[0;39m [main] &amp#27;[36mc.b.b.service.ws.AdminOrderWsService&amp#27;[0;39m - WS pushed NEW_ORDER for order BB-20260506-1046E8
17:38:39.000 &amp#27;[39mDEBUG&amp#27;[0;39m [main] &amp#27;[36mo.s.security.web.FilterChainProxy&amp#27;[0;39m - Securing POST /api/v1/customer/orders/6ec894b8-df9c-4af1-8821-f6dd3ce9be24/returns
17:38:39.001 &amp#27;[39mDEBUG&amp#27;[0;39m [main] &amp#27;[36mo.s.security.web.FilterChainProxy&amp#27;[0;39m - Secured POST /api/v1/customer/orders/6ec894b8-df9c-4af1-8821-f6dd3ce9be24/returns
]]></system-out>
  </testcase>
  <testcase name="createReturn_duplicateLineItemId_returns400" classname="com.bigbike.bigbike_backend.api.Phase1LReturnsApiTest" time="0.139">
    <system-out><![CDATA[17:38:39.005 &amp#27;[34mINFO &amp#27;[0;39m [main] &amp#27;[36mo.s.b.t.m.w.SpringBootMockServletContext&amp#27;[0;39m - Initializing Spring TestDispatcherServlet ''
17:38:39.005 &amp#27;[34mINFO &amp#27;[0;39m [main] &amp#27;[36mo.s.t.w.s.TestDispatcherServlet&amp#27;[0;39m - Initializing Servlet ''
17:38:39.007 &amp#27;[34mINFO &amp#27;[0;39m [main] &amp#27;[36mo.s.t.w.s.TestDispatcherServlet&amp#27;[0;39m - Completed initialization in 2 ms
17:38:39.008 &amp#27;[39mDEBUG&amp#27;[0;39m [main] &amp#27;[36mo.s.security.web.FilterChainProxy&amp#27;[0;39m - Securing POST /api/v1/auth/login
17:38:39.008 &amp#27;[39mDEBUG&amp#27;[0;39m [main] &amp#27;[36mo.s.s.w.a.AnonymousAuthenticationFilter&amp#27;[0;39m - Set SecurityContextHolder to anonymous SecurityContext
17:38:39.008 &amp#27;[39mDEBUG&amp#27;[0;39m [main] &amp#27;[36mo.s.security.web.FilterChainProxy&amp#27;[0;39m - Secured POST /api/v1/auth/login
17:38:39.036 &amp#27;[39mDEBUG&amp#27;[0;39m [main] &amp#27;[36mo.s.security.web.FilterChainProxy&amp#27;[0;39m - Securing POST /api/v1/auth/login
17:38:39.037 &amp#27;[39mDEBUG&amp#27;[0;39m [main] &amp#27;[36mo.s.s.w.a.AnonymousAuthenticationFilter&amp#27;[0;39m - Set SecurityContextHolder to anonymous SecurityContext
17:38:39.037 &amp#27;[39mDEBUG&amp#27;[0;39m [main] &amp#27;[36mo.s.security.web.FilterChainProxy&amp#27;[0;39m - Secured POST /api/v1/auth/login
17:38:39.068 &amp#27;[39mDEBUG&amp#27;[0;39m [main] &amp#27;[36mo.s.security.web.FilterChainProxy&amp#27;[0;39m - Securing POST /api/v1/customer/auth/register
17:38:39.068 &amp#27;[39mDEBUG&amp#27;[0;39m [main] &amp#27;[36mo.s.s.w.a.AnonymousAuthenticationFilter&amp#27;[0;39m - Set SecurityContextHolder to anonymous SecurityContext
17:38:39.068 &amp#27;[39mDEBUG&amp#27;[0;39m [main] &amp#27;[36mo.s.security.web.FilterChainProxy&amp#27;[0;39m - Secured POST /api/v1/customer/auth/register
17:38:39.096 &amp#27;[34mINFO &amp#27;[0;39m [main] &amp#27;[36mc.b.b.s.c.EmailVerificationService&amp#27;[0;39m - Mail not configured — verification email skipped for customer f60b0846-a9a3-4b11-9d45-df197f979800
17:38:39.098 &amp#27;[39mDEBUG&amp#27;[0;39m [main] &amp#27;[36mo.s.security.web.FilterChainProxy&amp#27;[0;39m - Securing POST /api/v1/customer/auth/login
17:38:39.098 &amp#27;[39mDEBUG&amp#27;[0;39m [main] &amp#27;[36mo.s.s.w.a.AnonymousAuthenticationFilter&amp#27;[0;39m - Set SecurityContextHolder to anonymous SecurityContext
17:38:39.098 &amp#27;[39mDEBUG&amp#27;[0;39m [main] &amp#27;[36mo.s.security.web.FilterChainProxy&amp#27;[0;39m - Secured POST /api/v1/customer/auth/login
17:38:39.130 &amp#27;[39mDEBUG&amp#27;[0;39m [main] &amp#27;[36mo.s.security.web.FilterChainProxy&amp#27;[0;39m - Securing POST /api/v1/cart/items
17:38:39.131 &amp#27;[39mDEBUG&amp#27;[0;39m [main] &amp#27;[36mo.s.security.web.FilterChainProxy&amp#27;[0;39m - Secured POST /api/v1/cart/items
17:38:39.133 &amp#27;[39mDEBUG&amp#27;[0;39m [main] &amp#27;[36mo.s.security.web.FilterChainProxy&amp#27;[0;39m - Securing POST /api/v1/checkout
17:38:39.134 &amp#27;[39mDEBUG&amp#27;[0;39m [main] &amp#27;[36mo.s.security.web.FilterChainProxy&amp#27;[0;39m - Secured POST /api/v1/checkout
17:38:39.137 &amp#27;[34mINFO &amp#27;[0;39m [SimpleAsyncTaskExecutor-156] &amp#27;[36mc.b.b.s.c.OrderNotificationService&amp#27;[0;39m - Mail not configured — order confirmation skipped for order BB-20260506-8576ED.
17:38:39.138 &amp#27;[39mDEBUG&amp#27;[0;39m [main] &amp#27;[36mc.b.b.service.ws.AdminOrderWsService&amp#27;[0;39m - WS pushed NEW_ORDER for order BB-20260506-8576ED
17:38:39.140 &amp#27;[39mDEBUG&amp#27;[0;39m [main] &amp#27;[36mo.s.security.web.FilterChainProxy&amp#27;[0;39m - Securing POST /api/v1/customer/orders/f6ca468a-9ccd-40d3-81aa-d67a5f4efb89/returns
17:38:39.141 &amp#27;[39mDEBUG&amp#27;[0;39m [main] &amp#27;[36mo.s.security.web.FilterChainProxy&amp#27;[0;39m - Secured POST /api/v1/customer/orders/f6ca468a-9ccd-40d3-81aa-d67a5f4efb89/returns
]]></system-out>
  </testcase>
  <testcase name="listReturns_withoutSession_returns401" classname="com.bigbike.bigbike_backend.api.Phase1LReturnsApiTest" time="0.067">
    <system-out><![CDATA[17:38:39.145 &amp#27;[34mINFO &amp#27;[0;39m [main] &amp#27;[36mo.s.b.t.m.w.SpringBootMockServletContext&amp#27;[0;39m - Initializing Spring TestDispatcherServlet ''
17:38:39.145 &amp#27;[34mINFO &amp#27;[0;39m [main] &amp#27;[36mo.s.t.w.s.TestDispatcherServlet&amp#27;[0;39m - Initializing Servlet ''
17:38:39.146 &amp#27;[34mINFO &amp#27;[0;39m [main] &amp#27;[36mo.s.t.w.s.TestDispatcherServlet&amp#27;[0;39m - Completed initialization in 1 ms
17:38:39.147 &amp#27;[39mDEBUG&amp#27;[0;39m [main] &amp#27;[36mo.s.security.web.FilterChainProxy&amp#27;[0;39m - Securing POST /api/v1/auth/login
17:38:39.147 &amp#27;[39mDEBUG&amp#27;[0;39m [main] &amp#27;[36mo.s.s.w.a.AnonymousAuthenticationFilter&amp#27;[0;39m - Set SecurityContextHolder to anonymous SecurityContext
17:38:39.147 &amp#27;[39mDEBUG&amp#27;[0;39m [main] &amp#27;[36mo.s.security.web.FilterChainProxy&amp#27;[0;39m - Secured POST /api/v1/auth/login
17:38:39.179 &amp#27;[39mDEBUG&amp#27;[0;39m [main] &amp#27;[36mo.s.security.web.FilterChainProxy&amp#27;[0;39m - Securing POST /api/v1/auth/login
17:38:39.179 &amp#27;[39mDEBUG&amp#27;[0;39m [main] &amp#27;[36mo.s.s.w.a.AnonymousAuthenticationFilter&amp#27;[0;39m - Set SecurityContextHolder to anonymous SecurityContext
17:38:39.179 &amp#27;[39mDEBUG&amp#27;[0;39m [main] &amp#27;[36mo.s.security.web.FilterChainProxy&amp#27;[0;39m - Secured POST /api/v1/auth/login
17:38:39.209 &amp#27;[39mDEBUG&amp#27;[0;39m [main] &amp#27;[36mo.s.security.web.FilterChainProxy&amp#27;[0;39m - Securing GET /api/v1/customer/orders/returns
17:38:39.209 &amp#27;[39mDEBUG&amp#27;[0;39m [main] &amp#27;[36mo.s.s.w.a.AnonymousAuthenticationFilter&amp#27;[0;39m - Set SecurityContextHolder to anonymous SecurityContext
]]></system-out>
  </testcase>
  <testcase name="adminListReturns_searchByOrderNumber_filtersResults" classname="com.bigbike.bigbike_backend.api.Phase1LReturnsApiTest" time="0.153">
    <system-out><![CDATA[17:38:39.214 &amp#27;[34mINFO &amp#27;[0;39m [main] &amp#27;[36mo.s.b.t.m.w.SpringBootMockServletContext&amp#27;[0;39m - Initializing Spring TestDispatcherServlet ''
17:38:39.214 &amp#27;[34mINFO &amp#27;[0;39m [main] &amp#27;[36mo.s.t.w.s.TestDispatcherServlet&amp#27;[0;39m - Initializing Servlet ''
17:38:39.215 &amp#27;[34mINFO &amp#27;[0;39m [main] &amp#27;[36mo.s.t.w.s.TestDispatcherServlet&amp#27;[0;39m - Completed initialization in 1 ms
17:38:39.216 &amp#27;[39mDEBUG&amp#27;[0;39m [main] &amp#27;[36mo.s.security.web.FilterChainProxy&amp#27;[0;39m - Securing POST /api/v1/auth/login
17:38:39.216 &amp#27;[39mDEBUG&amp#27;[0;39m [main] &amp#27;[36mo.s.s.w.a.AnonymousAuthenticationFilter&amp#27;[0;39m - Set SecurityContextHolder to anonymous SecurityContext
17:38:39.216 &amp#27;[39mDEBUG&amp#27;[0;39m [main] &amp#27;[36mo.s.security.web.FilterChainProxy&amp#27;[0;39m - Secured POST /api/v1/auth/login
17:38:39.249 &amp#27;[39mDEBUG&amp#27;[0;39m [main] &amp#27;[36mo.s.security.web.FilterChainProxy&amp#27;[0;39m - Securing POST /api/v1/auth/login
17:38:39.249 &amp#27;[39mDEBUG&amp#27;[0;39m [main] &amp#27;[36mo.s.s.w.a.AnonymousAuthenticationFilter&amp#27;[0;39m - Set SecurityContextHolder to anonymous SecurityContext
17:38:39.249 &amp#27;[39mDEBUG&amp#27;[0;39m [main] &amp#27;[36mo.s.security.web.FilterChainProxy&amp#27;[0;39m - Secured POST /api/v1/auth/login
17:38:39.279 &amp#27;[39mDEBUG&amp#27;[0;39m [main] &amp#27;[36mo.s.security.web.FilterChainProxy&amp#27;[0;39m - Securing POST /api/v1/customer/auth/register
17:38:39.279 &amp#27;[39mDEBUG&amp#27;[0;39m [main] &amp#27;[36mo.s.s.w.a.AnonymousAuthenticationFilter&amp#27;[0;39m - Set SecurityContextHolder to anonymous SecurityContext
17:38:39.279 &amp#27;[39mDEBUG&amp#27;[0;39m [main] &amp#27;[36mo.s.security.web.FilterChainProxy&amp#27;[0;39m - Secured POST /api/v1/customer/auth/register
17:38:39.311 &amp#27;[34mINFO &amp#27;[0;39m [main] &amp#27;[36mc.b.b.s.c.EmailVerificationService&amp#27;[0;39m - Mail not configured — verification email skipped for customer 0637c440-9afb-41ca-bff2-e68be6f27ede
17:38:39.312 &amp#27;[39mDEBUG&amp#27;[0;39m [main] &amp#27;[36mo.s.security.web.FilterChainProxy&amp#27;[0;39m - Securing POST /api/v1/customer/auth/login
17:38:39.312 &amp#27;[39mDEBUG&amp#27;[0;39m [main] &amp#27;[36mo.s.s.w.a.AnonymousAuthenticationFilter&amp#27;[0;39m - Set SecurityContextHolder to anonymous SecurityContext
17:38:39.313 &amp#27;[39mDEBUG&amp#27;[0;39m [main] &amp#27;[36mo.s.security.web.FilterChainProxy&amp#27;[0;39m - Secured POST /api/v1/customer/auth/login
17:38:39.344 &amp#27;[39mDEBUG&amp#27;[0;39m [main] &amp#27;[36mo.s.security.web.FilterChainProxy&amp#27;[0;39m - Securing POST /api/v1/cart/items
17:38:39.345 &amp#27;[39mDEBUG&amp#27;[0;39m [main] &amp#27;[36mo.s.security.web.FilterChainProxy&amp#27;[0;39m - Secured POST /api/v1/cart/items
17:38:39.348 &amp#27;[39mDEBUG&amp#27;[0;39m [main] &amp#27;[36mo.s.security.web.FilterChainProxy&amp#27;[0;39m - Securing POST /api/v1/checkout
17:38:39.349 &amp#27;[39mDEBUG&amp#27;[0;39m [main] &amp#27;[36mo.s.security.web.FilterChainProxy&amp#27;[0;39m - Secured POST /api/v1/checkout
17:38:39.352 &amp#27;[34mINFO &amp#27;[0;39m [SimpleAsyncTaskExecutor-158] &amp#27;[36mc.b.b.s.c.OrderNotificationService&amp#27;[0;39m - Mail not configured — order confirmation skipped for order BB-20260506-0072F6.
17:38:39.353 &amp#27;[39mDEBUG&amp#27;[0;39m [main] &amp#27;[36mc.b.b.service.ws.AdminOrderWsService&amp#27;[0;39m - WS pushed NEW_ORDER for order BB-20260506-0072F6
17:38:39.355 &amp#27;[39mDEBUG&amp#27;[0;39m [main] &amp#27;[36mo.s.security.web.FilterChainProxy&amp#27;[0;39m - Securing POST /api/v1/customer/orders/329fab68-1bd2-4543-800b-f6d647b7ac3d/returns
17:38:39.355 &amp#27;[39mDEBUG&amp#27;[0;39m [main] &amp#27;[36mo.s.security.web.FilterChainProxy&amp#27;[0;39m - Secured POST /api/v1/customer/orders/329fab68-1bd2-4543-800b-f6d647b7ac3d/returns
17:38:39.357 &amp#27;[34mINFO &amp#27;[0;39m [main] &amp#27;[36mc.b.b.s.c.OrderNotificationService&amp#27;[0;39m - Mail not configured — return-received notification skipped for RMA-001001.
17:38:39.358 &amp#27;[39mDEBUG&amp#27;[0;39m [main] &amp#27;[36mo.s.security.web.FilterChainProxy&amp#27;[0;39m - Securing GET /api/v1/admin/returns
17:38:39.359 &amp#27;[39mDEBUG&amp#27;[0;39m [main] &amp#27;[36mo.s.security.web.FilterChainProxy&amp#27;[0;39m - Secured GET /api/v1/admin/returns
]]></system-out>
  </testcase>
  <testcase name="createReturn_withoutSession_returns403" classname="com.bigbike.bigbike_backend.api.Phase1LReturnsApiTest" time="0.076">
    <system-out><![CDATA[17:38:39.367 &amp#27;[34mINFO &amp#27;[0;39m [main] &amp#27;[36mo.s.b.t.m.w.SpringBootMockServletContext&amp#27;[0;39m - Initializing Spring TestDispatcherServlet ''
17:38:39.367 &amp#27;[34mINFO &amp#27;[0;39m [main] &amp#27;[36mo.s.t.w.s.TestDispatcherServlet&amp#27;[0;39m - Initializing Servlet ''
17:38:39.368 &amp#27;[34mINFO &amp#27;[0;39m [main] &amp#27;[36mo.s.t.w.s.TestDispatcherServlet&amp#27;[0;39m - Completed initialization in 1 ms
17:38:39.369 &amp#27;[39mDEBUG&amp#27;[0;39m [main] &amp#27;[36mo.s.security.web.FilterChainProxy&amp#27;[0;39m - Securing POST /api/v1/auth/login
17:38:39.369 &amp#27;[39mDEBUG&amp#27;[0;39m [main] &amp#27;[36mo.s.s.w.a.AnonymousAuthenticationFilter&amp#27;[0;39m - Set SecurityContextHolder to anonymous SecurityContext
17:38:39.369 &amp#27;[39mDEBUG&amp#27;[0;39m [main] &amp#27;[36mo.s.security.web.FilterChainProxy&amp#27;[0;39m - Secured POST /api/v1/auth/login
17:38:39.398 &amp#27;[39mDEBUG&amp#27;[0;39m [main] &amp#27;[36mo.s.security.web.FilterChainProxy&amp#27;[0;39m - Securing POST /api/v1/auth/login
17:38:39.398 &amp#27;[39mDEBUG&amp#27;[0;39m [main] &amp#27;[36mo.s.s.w.a.AnonymousAuthenticationFilter&amp#27;[0;39m - Set SecurityContextHolder to anonymous SecurityContext
17:38:39.398 &amp#27;[39mDEBUG&amp#27;[0;39m [main] &amp#27;[36mo.s.security.web.FilterChainProxy&amp#27;[0;39m - Secured POST /api/v1/auth/login
17:38:39.440 &amp#27;[39mDEBUG&amp#27;[0;39m [main] &amp#27;[36mo.s.security.web.FilterChainProxy&amp#27;[0;39m - Securing POST /api/v1/customer/orders/4bff9f2a-89e2-442c-8981-2560649d6630/returns
]]></system-out>
  </testcase>
  <testcase name="adminUpdateReturnStatus_rmaRefunded_syncsOrderAndPayment" classname="com.bigbike.bigbike_backend.api.Phase1LReturnsApiTest" time="0.188">
    <system-out><![CDATA[17:38:39.443 &amp#27;[34mINFO &amp#27;[0;39m [main] &amp#27;[36mo.s.b.t.m.w.SpringBootMockServletContext&amp#27;[0;39m - Initializing Spring TestDispatcherServlet ''
17:38:39.443 &amp#27;[34mINFO &amp#27;[0;39m [main] &amp#27;[36mo.s.t.w.s.TestDispatcherServlet&amp#27;[0;39m - Initializing Servlet ''
17:38:39.444 &amp#27;[34mINFO &amp#27;[0;39m [main] &amp#27;[36mo.s.t.w.s.TestDispatcherServlet&amp#27;[0;39m - Completed initialization in 1 ms
17:38:39.444 &amp#27;[39mDEBUG&amp#27;[0;39m [main] &amp#27;[36mo.s.security.web.FilterChainProxy&amp#27;[0;39m - Securing POST /api/v1/auth/login
17:38:39.445 &amp#27;[39mDEBUG&amp#27;[0;39m [main] &amp#27;[36mo.s.s.w.a.AnonymousAuthenticationFilter&amp#27;[0;39m - Set SecurityContextHolder to anonymous SecurityContext
17:38:39.445 &amp#27;[39mDEBUG&amp#27;[0;39m [main] &amp#27;[36mo.s.security.web.FilterChainProxy&amp#27;[0;39m - Secured POST /api/v1/auth/login
17:38:39.479 &amp#27;[39mDEBUG&amp#27;[0;39m [main] &amp#27;[36mo.s.security.web.FilterChainProxy&amp#27;[0;39m - Securing POST /api/v1/auth/login
17:38:39.480 &amp#27;[39mDEBUG&amp#27;[0;39m [main] &amp#27;[36mo.s.s.w.a.AnonymousAuthenticationFilter&amp#27;[0;39m - Set SecurityContextHolder to anonymous SecurityContext
17:38:39.480 &amp#27;[39mDEBUG&amp#27;[0;39m [main] &amp#27;[36mo.s.security.web.FilterChainProxy&amp#27;[0;39m - Secured POST /api/v1/auth/login
17:38:39.517 &amp#27;[39mDEBUG&amp#27;[0;39m [main] &amp#27;[36mo.s.security.web.FilterChainProxy&amp#27;[0;39m - Securing POST /api/v1/customer/auth/register
17:38:39.517 &amp#27;[39mDEBUG&amp#27;[0;39m [main] &amp#27;[36mo.s.s.w.a.AnonymousAuthenticationFilter&amp#27;[0;39m - Set SecurityContextHolder to anonymous SecurityContext
17:38:39.517 &amp#27;[39mDEBUG&amp#27;[0;39m [main] &amp#27;[36mo.s.security.web.FilterChainProxy&amp#27;[0;39m - Secured POST /api/v1/customer/auth/register
17:38:39.550 &amp#27;[34mINFO &amp#27;[0;39m [main] &amp#27;[36mc.b.b.s.c.EmailVerificationService&amp#27;[0;39m - Mail not configured — verification email skipped for customer 9d7ae0b3-4c24-47c4-816f-bcf4243d4d2e
17:38:39.551 &amp#27;[39mDEBUG&amp#27;[0;39m [main] &amp#27;[36mo.s.security.web.FilterChainProxy&amp#27;[0;39m - Securing POST /api/v1/customer/auth/login
17:38:39.551 &amp#27;[39mDEBUG&amp#27;[0;39m [main] &amp#27;[36mo.s.s.w.a.AnonymousAuthenticationFilter&amp#27;[0;39m - Set SecurityContextHolder to anonymous SecurityContext
17:38:39.551 &amp#27;[39mDEBUG&amp#27;[0;39m [main] &amp#27;[36mo.s.security.web.FilterChainProxy&amp#27;[0;39m - Secured POST /api/v1/customer/auth/login
17:38:39.588 &amp#27;[39mDEBUG&amp#27;[0;39m [main] &amp#27;[36mo.s.security.web.FilterChainProxy&amp#27;[0;39m - Securing POST /api/v1/cart/items
17:38:39.589 &amp#27;[39mDEBUG&amp#27;[0;39m [main] &amp#27;[36mo.s.security.web.FilterChainProxy&amp#27;[0;39m - Secured POST /api/v1/cart/items
17:38:39.593 &amp#27;[39mDEBUG&amp#27;[0;39m [main] &amp#27;[36mo.s.security.web.FilterChainProxy&amp#27;[0;39m - Securing POST /api/v1/checkout
17:38:39.594 &amp#27;[39mDEBUG&amp#27;[0;39m [main] &amp#27;[36mo.s.security.web.FilterChainProxy&amp#27;[0;39m - Secured POST /api/v1/checkout
17:38:39.597 &amp#27;[34mINFO &amp#27;[0;39m [SimpleAsyncTaskExecutor-160] &amp#27;[36mc.b.b.s.c.OrderNotificationService&amp#27;[0;39m - Mail not configured — order confirmation skipped for order BB-20260506-6E557A.
17:38:39.598 &amp#27;[39mDEBUG&amp#27;[0;39m [main] &amp#27;[36mc.b.b.service.ws.AdminOrderWsService&amp#27;[0;39m - WS pushed NEW_ORDER for order BB-20260506-6E557A
17:38:39.601 &amp#27;[39mDEBUG&amp#27;[0;39m [main] &amp#27;[36mo.s.security.web.FilterChainProxy&amp#27;[0;39m - Securing POST /api/v1/customer/orders/1d522673-0c11-4716-b0a3-e183e37800a3/returns
17:38:39.602 &amp#27;[39mDEBUG&amp#27;[0;39m [main] &amp#27;[36mo.s.security.web.FilterChainProxy&amp#27;[0;39m - Secured POST /api/v1/customer/orders/1d522673-0c11-4716-b0a3-e183e37800a3/returns
17:38:39.604 &amp#27;[34mINFO &amp#27;[0;39m [main] &amp#27;[36mc.b.b.s.c.OrderNotificationService&amp#27;[0;39m - Mail not configured — return-received notification skipped for RMA-001002.
17:38:39.606 &amp#27;[39mDEBUG&amp#27;[0;39m [main] &amp#27;[36mo.s.security.web.FilterChainProxy&amp#27;[0;39m - Securing PATCH /api/v1/admin/returns/3c9f0c01-cf52-4de7-8c88-a4e4dd637b35/status
17:38:39.606 &amp#27;[39mDEBUG&amp#27;[0;39m [main] &amp#27;[36mo.s.security.web.FilterChainProxy&amp#27;[0;39m - Secured PATCH /api/v1/admin/returns/3c9f0c01-cf52-4de7-8c88-a4e4dd637b35/status
17:38:39.615 &amp#27;[39mDEBUG&amp#27;[0;39m [main] &amp#27;[36mo.s.security.web.FilterChainProxy&amp#27;[0;39m - Securing PATCH /api/v1/admin/returns/3c9f0c01-cf52-4de7-8c88-a4e4dd637b35/status
17:38:39.616 &amp#27;[39mDEBUG&amp#27;[0;39m [main] &amp#27;[36mo.s.security.web.FilterChainProxy&amp#27;[0;39m - Secured PATCH /api/v1/admin/returns/3c9f0c01-cf52-4de7-8c88-a4e4dd637b35/status
17:38:39.617 &amp#27;[34mINFO &amp#27;[0;39m [main] &amp#27;[36mc.b.b.s.c.OrderNotificationService&amp#27;[0;39m - Mail not configured — return-goods-received notification skipped for RMA-001002.
17:38:39.618 &amp#27;[39mDEBUG&amp#27;[0;39m [main] &amp#27;[36mo.s.security.web.FilterChainProxy&amp#27;[0;39m - Securing PATCH /api/v1/admin/returns/3c9f0c01-cf52-4de7-8c88-a4e4dd637b35/status
17:38:39.619 &amp#27;[39mDEBUG&amp#27;[0;39m [main] &amp#27;[36mo.s.security.web.FilterChainProxy&amp#27;[0;39m - Secured PATCH /api/v1/admin/returns/3c9f0c01-cf52-4de7-8c88-a4e4dd637b35/status
17:38:39.627 &amp#27;[39mDEBUG&amp#27;[0;39m [main] &amp#27;[36mc.b.b.service.ws.AdminOrderWsService&amp#27;[0;39m - WS pushed ORDER_REFUND_CREATED for order BB-20260506-6E557A
]]></system-out>
  </testcase>
  <testcase name="createReturn_quantityExceedsRemaining_returns400" classname="com.bigbike.bigbike_backend.api.Phase1LReturnsApiTest" time="0.156">
    <system-out><![CDATA[17:38:39.633 &amp#27;[34mINFO &amp#27;[0;39m [main] &amp#27;[36mo.s.b.t.m.w.SpringBootMockServletContext&amp#27;[0;39m - Initializing Spring TestDispatcherServlet ''
17:38:39.633 &amp#27;[34mINFO &amp#27;[0;39m [main] &amp#27;[36mo.s.t.w.s.TestDispatcherServlet&amp#27;[0;39m - Initializing Servlet ''
17:38:39.634 &amp#27;[34mINFO &amp#27;[0;39m [main] &amp#27;[36mo.s.t.w.s.TestDispatcherServlet&amp#27;[0;39m - Completed initialization in 1 ms
17:38:39.635 &amp#27;[39mDEBUG&amp#27;[0;39m [main] &amp#27;[36mo.s.security.web.FilterChainProxy&amp#27;[0;39m - Securing POST /api/v1/auth/login
17:38:39.636 &amp#27;[39mDEBUG&amp#27;[0;39m [main] &amp#27;[36mo.s.s.w.a.AnonymousAuthenticationFilter&amp#27;[0;39m - Set SecurityContextHolder to anonymous SecurityContext
17:38:39.636 &amp#27;[39mDEBUG&amp#27;[0;39m [main] &amp#27;[36mo.s.security.web.FilterChainProxy&amp#27;[0;39m - Secured POST /api/v1/auth/login
17:38:39.668 &amp#27;[39mDEBUG&amp#27;[0;39m [main] &amp#27;[36mo.s.security.web.FilterChainProxy&amp#27;[0;39m - Securing POST /api/v1/auth/login
17:38:39.668 &amp#27;[39mDEBUG&amp#27;[0;39m [main] &amp#27;[36mo.s.s.w.a.AnonymousAuthenticationFilter&amp#27;[0;39m - Set SecurityContextHolder to anonymous SecurityContext
17:38:39.668 &amp#27;[39mDEBUG&amp#27;[0;39m [main] &amp#27;[36mo.s.security.web.FilterChainProxy&amp#27;[0;39m - Secured POST /api/v1/auth/login
17:38:39.701 &amp#27;[39mDEBUG&amp#27;[0;39m [main] &amp#27;[36mo.s.security.web.FilterChainProxy&amp#27;[0;39m - Securing POST /api/v1/customer/auth/register
17:38:39.702 &amp#27;[39mDEBUG&amp#27;[0;39m [main] &amp#27;[36mo.s.s.w.a.AnonymousAuthenticationFilter&amp#27;[0;39m - Set SecurityContextHolder to anonymous SecurityContext
17:38:39.702 &amp#27;[39mDEBUG&amp#27;[0;39m [main] &amp#27;[36mo.s.security.web.FilterChainProxy&amp#27;[0;39m - Secured POST /api/v1/customer/auth/register
17:38:39.737 &amp#27;[34mINFO &amp#27;[0;39m [main] &amp#27;[36mc.b.b.s.c.EmailVerificationService&amp#27;[0;39m - Mail not configured — verification email skipped for customer 9d4a0752-47c9-48fd-af57-95b0f4bfee5e
17:38:39.738 &amp#27;[39mDEBUG&amp#27;[0;39m [main] &amp#27;[36mo.s.security.web.FilterChainProxy&amp#27;[0;39m - Securing POST /api/v1/customer/auth/login
17:38:39.738 &amp#27;[39mDEBUG&amp#27;[0;39m [main] &amp#27;[36mo.s.s.w.a.AnonymousAuthenticationFilter&amp#27;[0;39m - Set SecurityContextHolder to anonymous SecurityContext
17:38:39.739 &amp#27;[39mDEBUG&amp#27;[0;39m [main] &amp#27;[36mo.s.security.web.FilterChainProxy&amp#27;[0;39m - Secured POST /api/v1/customer/auth/login
17:38:39.772 &amp#27;[39mDEBUG&amp#27;[0;39m [main] &amp#27;[36mo.s.security.web.FilterChainProxy&amp#27;[0;39m - Securing POST /api/v1/cart/items
17:38:39.773 &amp#27;[39mDEBUG&amp#27;[0;39m [main] &amp#27;[36mo.s.security.web.FilterChainProxy&amp#27;[0;39m - Secured POST /api/v1/cart/items
17:38:39.776 &amp#27;[39mDEBUG&amp#27;[0;39m [main] &amp#27;[36mo.s.security.web.FilterChainProxy&amp#27;[0;39m - Securing POST /api/v1/checkout
17:38:39.777 &amp#27;[39mDEBUG&amp#27;[0;39m [main] &amp#27;[36mo.s.security.web.FilterChainProxy&amp#27;[0;39m - Secured POST /api/v1/checkout
17:38:39.780 &amp#27;[34mINFO &amp#27;[0;39m [SimpleAsyncTaskExecutor-162] &amp#27;[36mc.b.b.s.c.OrderNotificationService&amp#27;[0;39m - Mail not configured — order confirmation skipped for order BB-20260506-4127C8.
17:38:39.780 &amp#27;[39mDEBUG&amp#27;[0;39m [main] &amp#27;[36mc.b.b.service.ws.AdminOrderWsService&amp#27;[0;39m - WS pushed NEW_ORDER for order BB-20260506-4127C8
17:38:39.782 &amp#27;[39mDEBUG&amp#27;[0;39m [main] &amp#27;[36mo.s.security.web.FilterChainProxy&amp#27;[0;39m - Securing POST /api/v1/customer/orders/8f8d9796-466f-49d9-94b4-ba369aa7bbb1/returns
17:38:39.782 &amp#27;[39mDEBUG&amp#27;[0;39m [main] &amp#27;[36mo.s.security.web.FilterChainProxy&amp#27;[0;39m - Secured POST /api/v1/customer/orders/8f8d9796-466f-49d9-94b4-ba369aa7bbb1/returns
]]></system-out>
  </testcase>
  <testcase name="adminListReturns_filterByStatus_returnsPendingOnly" classname="com.bigbike.bigbike_backend.api.Phase1LReturnsApiTest" time="0.159">
    <system-out><![CDATA[17:38:39.789 &amp#27;[34mINFO &amp#27;[0;39m [main] &amp#27;[36mo.s.b.t.m.w.SpringBootMockServletContext&amp#27;[0;39m - Initializing Spring TestDispatcherServlet ''
17:38:39.789 &amp#27;[34mINFO &amp#27;[0;39m [main] &amp#27;[36mo.s.t.w.s.TestDispatcherServlet&amp#27;[0;39m - Initializing Servlet ''
17:38:39.790 &amp#27;[34mINFO &amp#27;[0;39m [main] &amp#27;[36mo.s.t.w.s.TestDispatcherServlet&amp#27;[0;39m - Completed initialization in 1 ms
17:38:39.791 &amp#27;[39mDEBUG&amp#27;[0;39m [main] &amp#27;[36mo.s.security.web.FilterChainProxy&amp#27;[0;39m - Securing POST /api/v1/auth/login
17:38:39.791 &amp#27;[39mDEBUG&amp#27;[0;39m [main] &amp#27;[36mo.s.s.w.a.AnonymousAuthenticationFilter&amp#27;[0;39m - Set SecurityContextHolder to anonymous SecurityContext
17:38:39.791 &amp#27;[39mDEBUG&amp#27;[0;39m [main] &amp#27;[36mo.s.security.web.FilterChainProxy&amp#27;[0;39m - Secured POST /api/v1/auth/login
17:38:39.826 &amp#27;[39mDEBUG&amp#27;[0;39m [main] &amp#27;[36mo.s.security.web.FilterChainProxy&amp#27;[0;39m - Securing POST /api/v1/auth/login
17:38:39.827 &amp#27;[39mDEBUG&amp#27;[0;39m [main] &amp#27;[36mo.s.s.w.a.AnonymousAuthenticationFilter&amp#27;[0;39m - Set SecurityContextHolder to anonymous SecurityContext
17:38:39.827 &amp#27;[39mDEBUG&amp#27;[0;39m [main] &amp#27;[36mo.s.security.web.FilterChainProxy&amp#27;[0;39m - Secured POST /api/v1/auth/login
17:38:39.859 &amp#27;[39mDEBUG&amp#27;[0;39m [main] &amp#27;[36mo.s.security.web.FilterChainProxy&amp#27;[0;39m - Securing POST /api/v1/customer/auth/register
17:38:39.859 &amp#27;[39mDEBUG&amp#27;[0;39m [main] &amp#27;[36mo.s.s.w.a.AnonymousAuthenticationFilter&amp#27;[0;39m - Set SecurityContextHolder to anonymous SecurityContext
17:38:39.859 &amp#27;[39mDEBUG&amp#27;[0;39m [main] &amp#27;[36mo.s.security.web.FilterChainProxy&amp#27;[0;39m - Secured POST /api/v1/customer/auth/register
17:38:39.890 &amp#27;[34mINFO &amp#27;[0;39m [main] &amp#27;[36mc.b.b.s.c.EmailVerificationService&amp#27;[0;39m - Mail not configured — verification email skipped for customer 86cfd61f-2260-4cf0-a7c5-da1d2d4e764c
17:38:39.891 &amp#27;[39mDEBUG&amp#27;[0;39m [main] &amp#27;[36mo.s.security.web.FilterChainProxy&amp#27;[0;39m - Securing POST /api/v1/customer/auth/login
17:38:39.891 &amp#27;[39mDEBUG&amp#27;[0;39m [main] &amp#27;[36mo.s.s.w.a.AnonymousAuthenticationFilter&amp#27;[0;39m - Set SecurityContextHolder to anonymous SecurityContext
17:38:39.891 &amp#27;[39mDEBUG&amp#27;[0;39m [main] &amp#27;[36mo.s.security.web.FilterChainProxy&amp#27;[0;39m - Secured POST /api/v1/customer/auth/login
17:38:39.924 &amp#27;[39mDEBUG&amp#27;[0;39m [main] &amp#27;[36mo.s.security.web.FilterChainProxy&amp#27;[0;39m - Securing POST /api/v1/cart/items
17:38:39.925 &amp#27;[39mDEBUG&amp#27;[0;39m [main] &amp#27;[36mo.s.security.web.FilterChainProxy&amp#27;[0;39m - Secured POST /api/v1/cart/items
17:38:39.929 &amp#27;[39mDEBUG&amp#27;[0;39m [main] &amp#27;[36mo.s.security.web.FilterChainProxy&amp#27;[0;39m - Securing POST /api/v1/checkout
17:38:39.929 &amp#27;[39mDEBUG&amp#27;[0;39m [main] &amp#27;[36mo.s.security.web.FilterChainProxy&amp#27;[0;39m - Secured POST /api/v1/checkout
17:38:39.934 &amp#27;[34mINFO &amp#27;[0;39m [SimpleAsyncTaskExecutor-164] &amp#27;[36mc.b.b.s.c.OrderNotificationService&amp#27;[0;39m - Mail not configured — order confirmation skipped for order BB-20260506-7A846A.
17:38:39.935 &amp#27;[39mDEBUG&amp#27;[0;39m [main] &amp#27;[36mc.b.b.service.ws.AdminOrderWsService&amp#27;[0;39m - WS pushed NEW_ORDER for order BB-20260506-7A846A
17:38:39.937 &amp#27;[39mDEBUG&amp#27;[0;39m [main] &amp#27;[36mo.s.security.web.FilterChainProxy&amp#27;[0;39m - Securing POST /api/v1/customer/orders/b984d035-1a47-440d-bf5d-d067ee45403b/returns
17:38:39.938 &amp#27;[39mDEBUG&amp#27;[0;39m [main] &amp#27;[36mo.s.security.web.FilterChainProxy&amp#27;[0;39m - Secured POST /api/v1/customer/orders/b984d035-1a47-440d-bf5d-d067ee45403b/returns
17:38:39.940 &amp#27;[34mINFO &amp#27;[0;39m [main] &amp#27;[36mc.b.b.s.c.OrderNotificationService&amp#27;[0;39m - Mail not configured — return-received notification skipped for RMA-001003.
17:38:39.941 &amp#27;[39mDEBUG&amp#27;[0;39m [main] &amp#27;[36mo.s.security.web.FilterChainProxy&amp#27;[0;39m - Securing GET /api/v1/admin/returns
17:38:39.942 &amp#27;[39mDEBUG&amp#27;[0;39m [main] &amp#27;[36mo.s.security.web.FilterChainProxy&amp#27;[0;39m - Secured GET /api/v1/admin/returns
]]></system-out>
  </testcase>
  <testcase name="createReturn_nonExistentOrder_returns404" classname="com.bigbike.bigbike_backend.api.Phase1LReturnsApiTest" time="0.143">
    <system-out><![CDATA[17:38:39.948 &amp#27;[34mINFO &amp#27;[0;39m [main] &amp#27;[36mo.s.b.t.m.w.SpringBootMockServletContext&amp#27;[0;39m - Initializing Spring TestDispatcherServlet ''
17:38:39.948 &amp#27;[34mINFO &amp#27;[0;39m [main] &amp#27;[36mo.s.t.w.s.TestDispatcherServlet&amp#27;[0;39m - Initializing Servlet ''
17:38:39.949 &amp#27;[34mINFO &amp#27;[0;39m [main] &amp#27;[36mo.s.t.w.s.TestDispatcherServlet&amp#27;[0;39m - Completed initialization in 1 ms
17:38:39.950 &amp#27;[39mDEBUG&amp#27;[0;39m [main] &amp#27;[36mo.s.security.web.FilterChainProxy&amp#27;[0;39m - Securing POST /api/v1/auth/login
17:38:39.950 &amp#27;[39mDEBUG&amp#27;[0;39m [main] &amp#27;[36mo.s.s.w.a.AnonymousAuthenticationFilter&amp#27;[0;39m - Set SecurityContextHolder to anonymous SecurityContext
17:38:39.950 &amp#27;[39mDEBUG&amp#27;[0;39m [main] &amp#27;[36mo.s.security.web.FilterChainProxy&amp#27;[0;39m - Secured POST /api/v1/auth/login
17:38:39.980 &amp#27;[39mDEBUG&amp#27;[0;39m [main] &amp#27;[36mo.s.security.web.FilterChainProxy&amp#27;[0;39m - Securing POST /api/v1/auth/login
17:38:39.981 &amp#27;[39mDEBUG&amp#27;[0;39m [main] &amp#27;[36mo.s.s.w.a.AnonymousAuthenticationFilter&amp#27;[0;39m - Set SecurityContextHolder to anonymous SecurityContext
17:38:39.981 &amp#27;[39mDEBUG&amp#27;[0;39m [main] &amp#27;[36mo.s.security.web.FilterChainProxy&amp#27;[0;39m - Secured POST /api/v1/auth/login
17:38:40.012 &amp#27;[39mDEBUG&amp#27;[0;39m [main] &amp#27;[36mo.s.security.web.FilterChainProxy&amp#27;[0;39m - Securing POST /api/v1/customer/auth/register
17:38:40.012 &amp#27;[39mDEBUG&amp#27;[0;39m [main] &amp#27;[36mo.s.s.w.a.AnonymousAuthenticationFilter&amp#27;[0;39m - Set SecurityContextHolder to anonymous SecurityContext
17:38:40.012 &amp#27;[39mDEBUG&amp#27;[0;39m [main] &amp#27;[36mo.s.security.web.FilterChainProxy&amp#27;[0;39m - Secured POST /api/v1/customer/auth/register
17:38:40.045 &amp#27;[34mINFO &amp#27;[0;39m [main] &amp#27;[36mc.b.b.s.c.EmailVerificationService&amp#27;[0;39m - Mail not configured — verification email skipped for customer b1211130-1e11-4f06-b3ff-787362afc297
17:38:40.045 &amp#27;[39mDEBUG&amp#27;[0;39m [main] &amp#27;[36mo.s.security.web.FilterChainProxy&amp#27;[0;39m - Securing POST /api/v1/customer/auth/login
17:38:40.047 &amp#27;[39mDEBUG&amp#27;[0;39m [main] &amp#27;[36mo.s.s.w.a.AnonymousAuthenticationFilter&amp#27;[0;39m - Set SecurityContextHolder to anonymous SecurityContext
17:38:40.047 &amp#27;[39mDEBUG&amp#27;[0;39m [main] &amp#27;[36mo.s.security.web.FilterChainProxy&amp#27;[0;39m - Secured POST /api/v1/customer/auth/login
17:38:40.086 &amp#27;[39mDEBUG&amp#27;[0;39m [main] &amp#27;[36mo.s.security.web.FilterChainProxy&amp#27;[0;39m - Securing POST /api/v1/customer/orders/238cbcbe-5562-47e3-a0ad-916fcedb7cd4/returns
17:38:40.087 &amp#27;[39mDEBUG&amp#27;[0;39m [main] &amp#27;[36mo.s.security.web.FilterChainProxy&amp#27;[0;39m - Secured POST /api/v1/customer/orders/238cbcbe-5562-47e3-a0ad-916fcedb7cd4/returns
]]></system-out>
  </testcase>
  <testcase name="getReturn_otherCustomer_returns404" classname="com.bigbike.bigbike_backend.api.Phase1LReturnsApiTest" time="0.252">
    <system-out><![CDATA[17:38:40.092 &amp#27;[34mINFO &amp#27;[0;39m [main] &amp#27;[36mo.s.b.t.m.w.SpringBootMockServletContext&amp#27;[0;39m - Initializing Spring TestDispatcherServlet ''
17:38:40.092 &amp#27;[34mINFO &amp#27;[0;39m [main] &amp#27;[36mo.s.t.w.s.TestDispatcherServlet&amp#27;[0;39m - Initializing Servlet ''
17:38:40.095 &amp#27;[34mINFO &amp#27;[0;39m [main] &amp#27;[36mo.s.t.w.s.TestDispatcherServlet&amp#27;[0;39m - Completed initialization in 3 ms
17:38:40.096 &amp#27;[39mDEBUG&amp#27;[0;39m [main] &amp#27;[36mo.s.security.web.FilterChainProxy&amp#27;[0;39m - Securing POST /api/v1/auth/login
17:38:40.097 &amp#27;[39mDEBUG&amp#27;[0;39m [main] &amp#27;[36mo.s.s.w.a.AnonymousAuthenticationFilter&amp#27;[0;39m - Set SecurityContextHolder to anonymous SecurityContext
17:38:40.097 &amp#27;[39mDEBUG&amp#27;[0;39m [main] &amp#27;[36mo.s.security.web.FilterChainProxy&amp#27;[0;39m - Secured POST /api/v1/auth/login
17:38:40.150 &amp#27;[39mDEBUG&amp#27;[0;39m [main] &amp#27;[36mo.s.security.web.FilterChainProxy&amp#27;[0;39m - Securing POST /api/v1/auth/login
17:38:40.150 &amp#27;[39mDEBUG&amp#27;[0;39m [main] &amp#27;[36mo.s.s.w.a.AnonymousAuthenticationFilter&amp#27;[0;39m - Set SecurityContextHolder to anonymous SecurityContext
17:38:40.150 &amp#27;[39mDEBUG&amp#27;[0;39m [main] &amp#27;[36mo.s.security.web.FilterChainProxy&amp#27;[0;39m - Secured POST /api/v1/auth/login
17:38:40.185 &amp#27;[39mDEBUG&amp#27;[0;39m [main] &amp#27;[36mo.s.security.web.FilterChainProxy&amp#27;[0;39m - Securing POST /api/v1/customer/auth/register
17:38:40.185 &amp#27;[39mDEBUG&amp#27;[0;39m [main] &amp#27;[36mo.s.s.w.a.AnonymousAuthenticationFilter&amp#27;[0;39m - Set SecurityContextHolder to anonymous SecurityContext
17:38:40.185 &amp#27;[39mDEBUG&amp#27;[0;39m [main] &amp#27;[36mo.s.security.web.FilterChainProxy&amp#27;[0;39m - Secured POST /api/v1/customer/auth/register
17:38:40.219 &amp#27;[34mINFO &amp#27;[0;39m [main] &amp#27;[36mc.b.b.s.c.EmailVerificationService&amp#27;[0;39m - Mail not configured — verification email skipped for customer 2a81eab5-b322-47b3-be05-e8c9e4878acd
17:38:40.221 &amp#27;[39mDEBUG&amp#27;[0;39m [main] &amp#27;[36mo.s.security.web.FilterChainProxy&amp#27;[0;39m - Securing POST /api/v1/customer/auth/login
17:38:40.222 &amp#27;[39mDEBUG&amp#27;[0;39m [main] &amp#27;[36mo.s.s.w.a.AnonymousAuthenticationFilter&amp#27;[0;39m - Set SecurityContextHolder to anonymous SecurityContext
17:38:40.222 &amp#27;[39mDEBUG&amp#27;[0;39m [main] &amp#27;[36mo.s.security.web.FilterChainProxy&amp#27;[0;39m - Secured POST /api/v1/customer/auth/login
17:38:40.259 &amp#27;[39mDEBUG&amp#27;[0;39m [main] &amp#27;[36mo.s.security.web.FilterChainProxy&amp#27;[0;39m - Securing POST /api/v1/cart/items
17:38:40.259 &amp#27;[39mDEBUG&amp#27;[0;39m [main] &amp#27;[36mo.s.security.web.FilterChainProxy&amp#27;[0;39m - Secured POST /api/v1/cart/items
17:38:40.263 &amp#27;[39mDEBUG&amp#27;[0;39m [main] &amp#27;[36mo.s.security.web.FilterChainProxy&amp#27;[0;39m - Securing POST /api/v1/checkout
17:38:40.263 &amp#27;[39mDEBUG&amp#27;[0;39m [main] &amp#27;[36mo.s.security.web.FilterChainProxy&amp#27;[0;39m - Secured POST /api/v1/checkout
17:38:40.268 &amp#27;[34mINFO &amp#27;[0;39m [SimpleAsyncTaskExecutor-166] &amp#27;[36mc.b.b.s.c.OrderNotificationService&amp#27;[0;39m - Mail not configured — order confirmation skipped for order BB-20260506-A4AB6B.
17:38:40.269 &amp#27;[39mDEBUG&amp#27;[0;39m [main] &amp#27;[36mc.b.b.service.ws.AdminOrderWsService&amp#27;[0;39m - WS pushed NEW_ORDER for order BB-20260506-A4AB6B
17:38:40.271 &amp#27;[39mDEBUG&amp#27;[0;39m [main] &amp#27;[36mo.s.security.web.FilterChainProxy&amp#27;[0;39m - Securing POST /api/v1/customer/orders/f27c6ec4-12d9-4a41-a827-b88c32989c9d/returns
17:38:40.271 &amp#27;[39mDEBUG&amp#27;[0;39m [main] &amp#27;[36mo.s.security.web.FilterChainProxy&amp#27;[0;39m - Secured POST /api/v1/customer/orders/f27c6ec4-12d9-4a41-a827-b88c32989c9d/returns
17:38:40.273 &amp#27;[34mINFO &amp#27;[0;39m [main] &amp#27;[36mc.b.b.s.c.OrderNotificationService&amp#27;[0;39m - Mail not configured — return-received notification skipped for RMA-001004.
17:38:40.274 &amp#27;[39mDEBUG&amp#27;[0;39m [main] &amp#27;[36mo.s.security.web.FilterChainProxy&amp#27;[0;39m - Securing POST /api/v1/customer/auth/register
17:38:40.274 &amp#27;[39mDEBUG&amp#27;[0;39m [main] &amp#27;[36mo.s.s.w.a.AnonymousAuthenticationFilter&amp#27;[0;39m - Set SecurityContextHolder to anonymous SecurityContext
17:38:40.274 &amp#27;[39mDEBUG&amp#27;[0;39m [main] &amp#27;[36mo.s.security.web.FilterChainProxy&amp#27;[0;39m - Secured POST /api/v1/customer/auth/register
17:38:40.306 &amp#27;[34mINFO &amp#27;[0;39m [main] &amp#27;[36mc.b.b.s.c.EmailVerificationService&amp#27;[0;39m - Mail not configured — verification email skipped for customer 2638fc63-4a58-46d6-8a6f-0633e21743f6
17:38:40.307 &amp#27;[39mDEBUG&amp#27;[0;39m [main] &amp#27;[36mo.s.security.web.FilterChainProxy&amp#27;[0;39m - Securing POST /api/v1/customer/auth/login
17:38:40.307 &amp#27;[39mDEBUG&amp#27;[0;39m [main] &amp#27;[36mo.s.s.w.a.AnonymousAuthenticationFilter&amp#27;[0;39m - Set SecurityContextHolder to anonymous SecurityContext
17:38:40.307 &amp#27;[39mDEBUG&amp#27;[0;39m [main] &amp#27;[36mo.s.security.web.FilterChainProxy&amp#27;[0;39m - Secured POST /api/v1/customer/auth/login
17:38:40.339 &amp#27;[39mDEBUG&amp#27;[0;39m [main] &amp#27;[36mo.s.security.web.FilterChainProxy&amp#27;[0;39m - Securing GET /api/v1/customer/orders/returns/becf33d8-4b25-4239-a168-805f709bd119
17:38:40.340 &amp#27;[39mDEBUG&amp#27;[0;39m [main] &amp#27;[36mo.s.security.web.FilterChainProxy&amp#27;[0;39m - Secured GET /api/v1/customer/orders/returns/becf33d8-4b25-4239-a168-805f709bd119
]]></system-out>
  </testcase>
  <testcase name="createReturn_otherCustomerOrder_returns404" classname="com.bigbike.bigbike_backend.api.Phase1LReturnsApiTest" time="0.217">
    <system-out><![CDATA[17:38:40.344 &amp#27;[34mINFO &amp#27;[0;39m [main] &amp#27;[36mo.s.b.t.m.w.SpringBootMockServletContext&amp#27;[0;39m - Initializing Spring TestDispatcherServlet ''
17:38:40.344 &amp#27;[34mINFO &amp#27;[0;39m [main] &amp#27;[36mo.s.t.w.s.TestDispatcherServlet&amp#27;[0;39m - Initializing Servlet ''
17:38:40.347 &amp#27;[34mINFO &amp#27;[0;39m [main] &amp#27;[36mo.s.t.w.s.TestDispatcherServlet&amp#27;[0;39m - Completed initialization in 3 ms
17:38:40.347 &amp#27;[39mDEBUG&amp#27;[0;39m [main] &amp#27;[36mo.s.security.web.FilterChainProxy&amp#27;[0;39m - Securing POST /api/v1/auth/login
17:38:40.348 &amp#27;[39mDEBUG&amp#27;[0;39m [main] &amp#27;[36mo.s.s.w.a.AnonymousAuthenticationFilter&amp#27;[0;39m - Set SecurityContextHolder to anonymous SecurityContext
17:38:40.348 &amp#27;[39mDEBUG&amp#27;[0;39m [main] &amp#27;[36mo.s.security.web.FilterChainProxy&amp#27;[0;39m - Secured POST /api/v1/auth/login
17:38:40.382 &amp#27;[39mDEBUG&amp#27;[0;39m [main] &amp#27;[36mo.s.security.web.FilterChainProxy&amp#27;[0;39m - Securing POST /api/v1/auth/login
17:38:40.382 &amp#27;[39mDEBUG&amp#27;[0;39m [main] &amp#27;[36mo.s.s.w.a.AnonymousAuthenticationFilter&amp#27;[0;39m - Set SecurityContextHolder to anonymous SecurityContext
17:38:40.382 &amp#27;[39mDEBUG&amp#27;[0;39m [main] &amp#27;[36mo.s.security.web.FilterChainProxy&amp#27;[0;39m - Secured POST /api/v1/auth/login
17:38:40.411 &amp#27;[39mDEBUG&amp#27;[0;39m [main] &amp#27;[36mo.s.security.web.FilterChainProxy&amp#27;[0;39m - Securing POST /api/v1/customer/auth/register
17:38:40.412 &amp#27;[39mDEBUG&amp#27;[0;39m [main] &amp#27;[36mo.s.s.w.a.AnonymousAuthenticationFilter&amp#27;[0;39m - Set SecurityContextHolder to anonymous SecurityContext
17:38:40.412 &amp#27;[39mDEBUG&amp#27;[0;39m [main] &amp#27;[36mo.s.security.web.FilterChainProxy&amp#27;[0;39m - Secured POST /api/v1/customer/auth/register
17:38:40.451 &amp#27;[34mINFO &amp#27;[0;39m [main] &amp#27;[36mc.b.b.s.c.EmailVerificationService&amp#27;[0;39m - Mail not configured — verification email skipped for customer 1123d7e6-1b40-4dbe-8a8e-eddc36802d55
17:38:40.452 &amp#27;[39mDEBUG&amp#27;[0;39m [main] &amp#27;[36mo.s.security.web.FilterChainProxy&amp#27;[0;39m - Securing POST /api/v1/customer/auth/login
17:38:40.452 &amp#27;[39mDEBUG&amp#27;[0;39m [main] &amp#27;[36mo.s.s.w.a.AnonymousAuthenticationFilter&amp#27;[0;39m - Set SecurityContextHolder to anonymous SecurityContext
17:38:40.452 &amp#27;[39mDEBUG&amp#27;[0;39m [main] &amp#27;[36mo.s.security.web.FilterChainProxy&amp#27;[0;39m - Secured POST /api/v1/customer/auth/login
17:38:40.483 &amp#27;[39mDEBUG&amp#27;[0;39m [main] &amp#27;[36mo.s.security.web.FilterChainProxy&amp#27;[0;39m - Securing POST /api/v1/cart/items
17:38:40.484 &amp#27;[39mDEBUG&amp#27;[0;39m [main] &amp#27;[36mo.s.security.web.FilterChainProxy&amp#27;[0;39m - Secured POST /api/v1/cart/items
17:38:40.487 &amp#27;[39mDEBUG&amp#27;[0;39m [main] &amp#27;[36mo.s.security.web.FilterChainProxy&amp#27;[0;39m - Securing POST /api/v1/checkout
17:38:40.488 &amp#27;[39mDEBUG&amp#27;[0;39m [main] &amp#27;[36mo.s.security.web.FilterChainProxy&amp#27;[0;39m - Secured POST /api/v1/checkout
17:38:40.492 &amp#27;[34mINFO &amp#27;[0;39m [SimpleAsyncTaskExecutor-168] &amp#27;[36mc.b.b.s.c.OrderNotificationService&amp#27;[0;39m - Mail not configured — order confirmation skipped for order BB-20260506-0A94ED.
17:38:40.492 &amp#27;[39mDEBUG&amp#27;[0;39m [main] &amp#27;[36mc.b.b.service.ws.AdminOrderWsService&amp#27;[0;39m - WS pushed NEW_ORDER for order BB-20260506-0A94ED
17:38:40.494 &amp#27;[39mDEBUG&amp#27;[0;39m [main] &amp#27;[36mo.s.security.web.FilterChainProxy&amp#27;[0;39m - Securing POST /api/v1/customer/auth/register
17:38:40.494 &amp#27;[39mDEBUG&amp#27;[0;39m [main] &amp#27;[36mo.s.s.w.a.AnonymousAuthenticationFilter&amp#27;[0;39m - Set SecurityContextHolder to anonymous SecurityContext
17:38:40.494 &amp#27;[39mDEBUG&amp#27;[0;39m [main] &amp#27;[36mo.s.security.web.FilterChainProxy&amp#27;[0;39m - Secured POST /api/v1/customer/auth/register
17:38:40.523 &amp#27;[34mINFO &amp#27;[0;39m [main] &amp#27;[36mc.b.b.s.c.EmailVerificationService&amp#27;[0;39m - Mail not configured — verification email skipped for customer 814025c3-3140-4683-a4c7-1bc10b46bd91
17:38:40.525 &amp#27;[39mDEBUG&amp#27;[0;39m [main] &amp#27;[36mo.s.security.web.FilterChainProxy&amp#27;[0;39m - Securing POST /api/v1/customer/auth/login
17:38:40.525 &amp#27;[39mDEBUG&amp#27;[0;39m [main] &amp#27;[36mo.s.s.w.a.AnonymousAuthenticationFilter&amp#27;[0;39m - Set SecurityContextHolder to anonymous SecurityContext
17:38:40.525 &amp#27;[39mDEBUG&amp#27;[0;39m [main] &amp#27;[36mo.s.security.web.FilterChainProxy&amp#27;[0;39m - Secured POST /api/v1/customer/auth/login
17:38:40.556 &amp#27;[39mDEBUG&amp#27;[0;39m [main] &amp#27;[36mo.s.security.web.FilterChainProxy&amp#27;[0;39m - Securing POST /api/v1/customer/orders/378dad4e-d3f1-477f-aa1a-d368bee33d8d/returns
17:38:40.557 &amp#27;[39mDEBUG&amp#27;[0;39m [main] &amp#27;[36mo.s.security.web.FilterChainProxy&amp#27;[0;39m - Secured POST /api/v1/customer/orders/378dad4e-d3f1-477f-aa1a-d368bee33d8d/returns
]]></system-out>
  </testcase>
  <testcase name="adminUpdateReturnStatus_fullLifecycle_completedAndStockRestored" classname="com.bigbike.bigbike_backend.api.Phase1LReturnsApiTest" time="0.149">
    <system-out><![CDATA[17:38:40.562 &amp#27;[34mINFO &amp#27;[0;39m [main] &amp#27;[36mo.s.b.t.m.w.SpringBootMockServletContext&amp#27;[0;39m - Initializing Spring TestDispatcherServlet ''
17:38:40.562 &amp#27;[34mINFO &amp#27;[0;39m [main] &amp#27;[36mo.s.t.w.s.TestDispatcherServlet&amp#27;[0;39m - Initializing Servlet ''
17:38:40.563 &amp#27;[34mINFO &amp#27;[0;39m [main] &amp#27;[36mo.s.t.w.s.TestDispatcherServlet&amp#27;[0;39m - Completed initialization in 1 ms
17:38:40.564 &amp#27;[39mDEBUG&amp#27;[0;39m [main] &amp#27;[36mo.s.security.web.FilterChainProxy&amp#27;[0;39m - Securing POST /api/v1/auth/login
17:38:40.564 &amp#27;[39mDEBUG&amp#27;[0;39m [main] &amp#27;[36mo.s.s.w.a.AnonymousAuthenticationFilter&amp#27;[0;39m - Set SecurityContextHolder to anonymous SecurityContext
17:38:40.564 &amp#27;[39mDEBUG&amp#27;[0;39m [main] &amp#27;[36mo.s.security.web.FilterChainProxy&amp#27;[0;39m - Secured POST /api/v1/auth/login
17:38:40.596 &amp#27;[39mDEBUG&amp#27;[0;39m [main] &amp#27;[36mo.s.security.web.FilterChainProxy&amp#27;[0;39m - Securing POST /api/v1/auth/login
17:38:40.596 &amp#27;[39mDEBUG&amp#27;[0;39m [main] &amp#27;[36mo.s.s.w.a.AnonymousAuthenticationFilter&amp#27;[0;39m - Set SecurityContextHolder to anonymous SecurityContext
17:38:40.596 &amp#27;[39mDEBUG&amp#27;[0;39m [main] &amp#27;[36mo.s.security.web.FilterChainProxy&amp#27;[0;39m - Secured POST /api/v1/auth/login
17:38:40.628 &amp#27;[39mDEBUG&amp#27;[0;39m [main] &amp#27;[36mo.s.security.web.FilterChainProxy&amp#27;[0;39m - Securing POST /api/v1/customer/auth/register
17:38:40.628 &amp#27;[39mDEBUG&amp#27;[0;39m [main] &amp#27;[36mo.s.s.w.a.AnonymousAuthenticationFilter&amp#27;[0;39m - Set SecurityContextHolder to anonymous SecurityContext
17:38:40.628 &amp#27;[39mDEBUG&amp#27;[0;39m [main] &amp#27;[36mo.s.security.web.FilterChainProxy&amp#27;[0;39m - Secured POST /api/v1/customer/auth/register
17:38:40.657 &amp#27;[34mINFO &amp#27;[0;39m [main] &amp#27;[36mc.b.b.s.c.EmailVerificationService&amp#27;[0;39m - Mail not configured — verification email skipped for customer ebbaf619-ac45-4df8-86d3-0892447044c9
17:38:40.659 &amp#27;[39mDEBUG&amp#27;[0;39m [main] &amp#27;[36mo.s.security.web.FilterChainProxy&amp#27;[0;39m - Securing POST /api/v1/customer/auth/login
17:38:40.659 &amp#27;[39mDEBUG&amp#27;[0;39m [main] &amp#27;[36mo.s.s.w.a.AnonymousAuthenticationFilter&amp#27;[0;39m - Set SecurityContextHolder to anonymous SecurityContext
17:38:40.659 &amp#27;[39mDEBUG&amp#27;[0;39m [main] &amp#27;[36mo.s.security.web.FilterChainProxy&amp#27;[0;39m - Secured POST /api/v1/customer/auth/login
17:38:40.690 &amp#27;[39mDEBUG&amp#27;[0;39m [main] &amp#27;[36mo.s.security.web.FilterChainProxy&amp#27;[0;39m - Securing POST /api/v1/cart/items
17:38:40.690 &amp#27;[39mDEBUG&amp#27;[0;39m [main] &amp#27;[36mo.s.security.web.FilterChainProxy&amp#27;[0;39m - Secured POST /api/v1/cart/items
17:38:40.693 &amp#27;[39mDEBUG&amp#27;[0;39m [main] &amp#27;[36mo.s.security.web.FilterChainProxy&amp#27;[0;39m - Securing POST /api/v1/checkout
17:38:40.694 &amp#27;[39mDEBUG&amp#27;[0;39m [main] &amp#27;[36mo.s.security.web.FilterChainProxy&amp#27;[0;39m - Secured POST /api/v1/checkout
17:38:40.697 &amp#27;[34mINFO &amp#27;[0;39m [SimpleAsyncTaskExecutor-170] &amp#27;[36mc.b.b.s.c.OrderNotificationService&amp#27;[0;39m - Mail not configured — order confirmation skipped for order BB-20260506-7C806A.
17:38:40.697 &amp#27;[39mDEBUG&amp#27;[0;39m [main] &amp#27;[36mc.b.b.service.ws.AdminOrderWsService&amp#27;[0;39m - WS pushed NEW_ORDER for order BB-20260506-7C806A
17:38:40.699 &amp#27;[39mDEBUG&amp#27;[0;39m [main] &amp#27;[36mo.s.security.web.FilterChainProxy&amp#27;[0;39m - Securing POST /api/v1/customer/orders/38c93912-6dac-4e42-9251-21984495b8a2/returns
17:38:40.700 &amp#27;[39mDEBUG&amp#27;[0;39m [main] &amp#27;[36mo.s.security.web.FilterChainProxy&amp#27;[0;39m - Secured POST /api/v1/customer/orders/38c93912-6dac-4e42-9251-21984495b8a2/returns
17:38:40.701 &amp#27;[34mINFO &amp#27;[0;39m [main] &amp#27;[36mc.b.b.s.c.OrderNotificationService&amp#27;[0;39m - Mail not configured — return-received notification skipped for RMA-001005.
17:38:40.702 &amp#27;[39mDEBUG&amp#27;[0;39m [main] &amp#27;[36mo.s.security.web.FilterChainProxy&amp#27;[0;39m - Securing PATCH /api/v1/admin/returns/053e9688-8322-429e-905d-1a3d133f326b/status
17:38:40.703 &amp#27;[39mDEBUG&amp#27;[0;39m [main] &amp#27;[36mo.s.security.web.FilterChainProxy&amp#27;[0;39m - Secured PATCH /api/v1/admin/returns/053e9688-8322-429e-905d-1a3d133f326b/status
17:38:40.705 &amp#27;[39mDEBUG&amp#27;[0;39m [main] &amp#27;[36mo.s.security.web.FilterChainProxy&amp#27;[0;39m - Securing PATCH /api/v1/admin/returns/053e9688-8322-429e-905d-1a3d133f326b/status
17:38:40.705 &amp#27;[39mDEBUG&amp#27;[0;39m [main] &amp#27;[36mo.s.security.web.FilterChainProxy&amp#27;[0;39m - Secured PATCH /api/v1/admin/returns/053e9688-8322-429e-905d-1a3d133f326b/status
17:38:40.705 &amp#27;[34mINFO &amp#27;[0;39m [main] &amp#27;[36mc.b.b.s.c.OrderNotificationService&amp#27;[0;39m - Mail not configured — return-goods-received notification skipped for RMA-001005.
17:38:40.706 &amp#27;[39mDEBUG&amp#27;[0;39m [main] &amp#27;[36mo.s.security.web.FilterChainProxy&amp#27;[0;39m - Securing PATCH /api/v1/admin/returns/053e9688-8322-429e-905d-1a3d133f326b/status
17:38:40.707 &amp#27;[39mDEBUG&amp#27;[0;39m [main] &amp#27;[36mo.s.security.web.FilterChainProxy&amp#27;[0;39m - Secured PATCH /api/v1/admin/returns/053e9688-8322-429e-905d-1a3d133f326b/status
]]></system-out>
  </testcase>
  <testcase name="adminUpdateReturnStatus_toApproved_succeeds" classname="com.bigbike.bigbike_backend.api.Phase1LReturnsApiTest" time="0.174">
    <system-out><![CDATA[17:38:40.711 &amp#27;[34mINFO &amp#27;[0;39m [main] &amp#27;[36mo.s.b.t.m.w.SpringBootMockServletContext&amp#27;[0;39m - Initializing Spring TestDispatcherServlet ''
17:38:40.711 &amp#27;[34mINFO &amp#27;[0;39m [main] &amp#27;[36mo.s.t.w.s.TestDispatcherServlet&amp#27;[0;39m - Initializing Servlet ''
17:38:40.712 &amp#27;[34mINFO &amp#27;[0;39m [main] &amp#27;[36mo.s.t.w.s.TestDispatcherServlet&amp#27;[0;39m - Completed initialization in 1 ms
17:38:40.713 &amp#27;[39mDEBUG&amp#27;[0;39m [main] &amp#27;[36mo.s.security.web.FilterChainProxy&amp#27;[0;39m - Securing POST /api/v1/auth/login
17:38:40.713 &amp#27;[39mDEBUG&amp#27;[0;39m [main] &amp#27;[36mo.s.s.w.a.AnonymousAuthenticationFilter&amp#27;[0;39m - Set SecurityContextHolder to anonymous SecurityContext
17:38:40.713 &amp#27;[39mDEBUG&amp#27;[0;39m [main] &amp#27;[36mo.s.security.web.FilterChainProxy&amp#27;[0;39m - Secured POST /api/v1/auth/login
17:38:40.743 &amp#27;[39mDEBUG&amp#27;[0;39m [main] &amp#27;[36mo.s.security.web.FilterChainProxy&amp#27;[0;39m - Securing POST /api/v1/auth/login
17:38:40.743 &amp#27;[39mDEBUG&amp#27;[0;39m [main] &amp#27;[36mo.s.s.w.a.AnonymousAuthenticationFilter&amp#27;[0;39m - Set SecurityContextHolder to anonymous SecurityContext
17:38:40.743 &amp#27;[39mDEBUG&amp#27;[0;39m [main] &amp#27;[36mo.s.security.web.FilterChainProxy&amp#27;[0;39m - Secured POST /api/v1/auth/login
17:38:40.775 &amp#27;[39mDEBUG&amp#27;[0;39m [main] &amp#27;[36mo.s.security.web.FilterChainProxy&amp#27;[0;39m - Securing POST /api/v1/customer/auth/register
17:38:40.775 &amp#27;[39mDEBUG&amp#27;[0;39m [main] &amp#27;[36mo.s.s.w.a.AnonymousAuthenticationFilter&amp#27;[0;39m - Set SecurityContextHolder to anonymous SecurityContext
17:38:40.775 &amp#27;[39mDEBUG&amp#27;[0;39m [main] &amp#27;[36mo.s.security.web.FilterChainProxy&amp#27;[0;39m - Secured POST /api/v1/customer/auth/register
17:38:40.805 &amp#27;[34mINFO &amp#27;[0;39m [main] &amp#27;[36mc.b.b.s.c.EmailVerificationService&amp#27;[0;39m - Mail not configured — verification email skipped for customer 0cb0cc50-9bc4-4261-a571-56478c3d2457
17:38:40.807 &amp#27;[39mDEBUG&amp#27;[0;39m [main] &amp#27;[36mo.s.security.web.FilterChainProxy&amp#27;[0;39m - Securing POST /api/v1/customer/auth/login
17:38:40.807 &amp#27;[39mDEBUG&amp#27;[0;39m [main] &amp#27;[36mo.s.s.w.a.AnonymousAuthenticationFilter&amp#27;[0;39m - Set SecurityContextHolder to anonymous SecurityContext
17:38:40.807 &amp#27;[39mDEBUG&amp#27;[0;39m [main] &amp#27;[36mo.s.security.web.FilterChainProxy&amp#27;[0;39m - Secured POST /api/v1/customer/auth/login
17:38:40.840 &amp#27;[39mDEBUG&amp#27;[0;39m [main] &amp#27;[36mo.s.security.web.FilterChainProxy&amp#27;[0;39m - Securing POST /api/v1/cart/items
17:38:40.845 &amp#27;[39mDEBUG&amp#27;[0;39m [main] &amp#27;[36mo.s.security.web.FilterChainProxy&amp#27;[0;39m - Secured POST /api/v1/cart/items
17:38:40.852 &amp#27;[39mDEBUG&amp#27;[0;39m [main] &amp#27;[36mo.s.security.web.FilterChainProxy&amp#27;[0;39m - Securing POST /api/v1/checkout
17:38:40.854 &amp#27;[39mDEBUG&amp#27;[0;39m [main] &amp#27;[36mo.s.security.web.FilterChainProxy&amp#27;[0;39m - Secured POST /api/v1/checkout
17:38:40.863 &amp#27;[34mINFO &amp#27;[0;39m [SimpleAsyncTaskExecutor-172] &amp#27;[36mc.b.b.s.c.OrderNotificationService&amp#27;[0;39m - Mail not configured — order confirmation skipped for order BB-20260506-678C69.
17:38:40.866 &amp#27;[39mDEBUG&amp#27;[0;39m [main] &amp#27;[36mc.b.b.service.ws.AdminOrderWsService&amp#27;[0;39m - WS pushed NEW_ORDER for order BB-20260506-678C69
17:38:40.871 &amp#27;[39mDEBUG&amp#27;[0;39m [main] &amp#27;[36mo.s.security.web.FilterChainProxy&amp#27;[0;39m - Securing POST /api/v1/customer/orders/4155e29d-6851-48ff-8318-4dadbbfb4562/returns
17:38:40.872 &amp#27;[39mDEBUG&amp#27;[0;39m [main] &amp#27;[36mo.s.security.web.FilterChainProxy&amp#27;[0;39m - Secured POST /api/v1/customer/orders/4155e29d-6851-48ff-8318-4dadbbfb4562/returns
17:38:40.876 &amp#27;[34mINFO &amp#27;[0;39m [main] &amp#27;[36mc.b.b.s.c.OrderNotificationService&amp#27;[0;39m - Mail not configured — return-received notification skipped for RMA-001006.
17:38:40.877 &amp#27;[39mDEBUG&amp#27;[0;39m [main] &amp#27;[36mo.s.security.web.FilterChainProxy&amp#27;[0;39m - Securing PATCH /api/v1/admin/returns/6c6d2e39-a954-4712-8d28-7ba758f87afc/status
17:38:40.879 &amp#27;[39mDEBUG&amp#27;[0;39m [main] &amp#27;[36mo.s.security.web.FilterChainProxy&amp#27;[0;39m - Secured PATCH /api/v1/admin/returns/6c6d2e39-a954-4712-8d28-7ba758f87afc/status
]]></system-out>
  </testcase>
  <testcase name="adminUpdateReturnStatus_invalidTransition_pendingToCompleted_returns400" classname="com.bigbike.bigbike_backend.api.Phase1LReturnsApiTest" time="0.155">
    <system-out><![CDATA[17:38:40.887 &amp#27;[34mINFO &amp#27;[0;39m [main] &amp#27;[36mo.s.b.t.m.w.SpringBootMockServletContext&amp#27;[0;39m - Initializing Spring TestDispatcherServlet ''
17:38:40.887 &amp#27;[34mINFO &amp#27;[0;39m [main] &amp#27;[36mo.s.t.w.s.TestDispatcherServlet&amp#27;[0;39m - Initializing Servlet ''
17:38:40.889 &amp#27;[34mINFO &amp#27;[0;39m [main] &amp#27;[36mo.s.t.w.s.TestDispatcherServlet&amp#27;[0;39m - Completed initialization in 2 ms
17:38:40.890 &amp#27;[39mDEBUG&amp#27;[0;39m [main] &amp#27;[36mo.s.security.web.FilterChainProxy&amp#27;[0;39m - Securing POST /api/v1/auth/login
17:38:40.891 &amp#27;[39mDEBUG&amp#27;[0;39m [main] &amp#27;[36mo.s.s.w.a.AnonymousAuthenticationFilter&amp#27;[0;39m - Set SecurityContextHolder to anonymous SecurityContext
17:38:40.891 &amp#27;[39mDEBUG&amp#27;[0;39m [main] &amp#27;[36mo.s.security.web.FilterChainProxy&amp#27;[0;39m - Secured POST /api/v1/auth/login
17:38:40.930 &amp#27;[39mDEBUG&amp#27;[0;39m [main] &amp#27;[36mo.s.security.web.FilterChainProxy&amp#27;[0;39m - Securing POST /api/v1/auth/login
17:38:40.930 &amp#27;[39mDEBUG&amp#27;[0;39m [main] &amp#27;[36mo.s.s.w.a.AnonymousAuthenticationFilter&amp#27;[0;39m - Set SecurityContextHolder to anonymous SecurityContext
17:38:40.930 &amp#27;[39mDEBUG&amp#27;[0;39m [main] &amp#27;[36mo.s.security.web.FilterChainProxy&amp#27;[0;39m - Secured POST /api/v1/auth/login
17:38:40.960 &amp#27;[39mDEBUG&amp#27;[0;39m [main] &amp#27;[36mo.s.security.web.FilterChainProxy&amp#27;[0;39m - Securing POST /api/v1/customer/auth/register
17:38:40.960 &amp#27;[39mDEBUG&amp#27;[0;39m [main] &amp#27;[36mo.s.s.w.a.AnonymousAuthenticationFilter&amp#27;[0;39m - Set SecurityContextHolder to anonymous SecurityContext
17:38:40.960 &amp#27;[39mDEBUG&amp#27;[0;39m [main] &amp#27;[36mo.s.security.web.FilterChainProxy&amp#27;[0;39m - Secured POST /api/v1/customer/auth/register
17:38:40.990 &amp#27;[34mINFO &amp#27;[0;39m [main] &amp#27;[36mc.b.b.s.c.EmailVerificationService&amp#27;[0;39m - Mail not configured — verification email skipped for customer 38763914-1049-42ac-ac0f-7c9ff1db1758
17:38:40.991 &amp#27;[39mDEBUG&amp#27;[0;39m [main] &amp#27;[36mo.s.security.web.FilterChainProxy&amp#27;[0;39m - Securing POST /api/v1/customer/auth/login
17:38:40.992 &amp#27;[39mDEBUG&amp#27;[0;39m [main] &amp#27;[36mo.s.s.w.a.AnonymousAuthenticationFilter&amp#27;[0;39m - Set SecurityContextHolder to anonymous SecurityContext
17:38:40.992 &amp#27;[39mDEBUG&amp#27;[0;39m [main] &amp#27;[36mo.s.security.web.FilterChainProxy&amp#27;[0;39m - Secured POST /api/v1/customer/auth/login
17:38:41.024 &amp#27;[39mDEBUG&amp#27;[0;39m [main] &amp#27;[36mo.s.security.web.FilterChainProxy&amp#27;[0;39m - Securing POST /api/v1/cart/items
17:38:41.024 &amp#27;[39mDEBUG&amp#27;[0;39m [main] &amp#27;[36mo.s.security.web.FilterChainProxy&amp#27;[0;39m - Secured POST /api/v1/cart/items
17:38:41.028 &amp#27;[39mDEBUG&amp#27;[0;39m [main] &amp#27;[36mo.s.security.web.FilterChainProxy&amp#27;[0;39m - Securing POST /api/v1/checkout
17:38:41.029 &amp#27;[39mDEBUG&amp#27;[0;39m [main] &amp#27;[36mo.s.security.web.FilterChainProxy&amp#27;[0;39m - Secured POST /api/v1/checkout
17:38:41.031 &amp#27;[34mINFO &amp#27;[0;39m [SimpleAsyncTaskExecutor-174] &amp#27;[36mc.b.b.s.c.OrderNotificationService&amp#27;[0;39m - Mail not configured — order confirmation skipped for order BB-20260506-87FF46.
17:38:41.032 &amp#27;[39mDEBUG&amp#27;[0;39m [main] &amp#27;[36mc.b.b.service.ws.AdminOrderWsService&amp#27;[0;39m - WS pushed NEW_ORDER for order BB-20260506-87FF46
17:38:41.034 &amp#27;[39mDEBUG&amp#27;[0;39m [main] &amp#27;[36mo.s.security.web.FilterChainProxy&amp#27;[0;39m - Securing POST /api/v1/customer/orders/900750ec-c536-45e6-bba0-92480f497fc8/returns
17:38:41.035 &amp#27;[39mDEBUG&amp#27;[0;39m [main] &amp#27;[36mo.s.security.web.FilterChainProxy&amp#27;[0;39m - Secured POST /api/v1/customer/orders/900750ec-c536-45e6-bba0-92480f497fc8/returns
17:38:41.036 &amp#27;[34mINFO &amp#27;[0;39m [main] &amp#27;[36mc.b.b.s.c.OrderNotificationService&amp#27;[0;39m - Mail not configured — return-received notification skipped for RMA-001007.
17:38:41.037 &amp#27;[39mDEBUG&amp#27;[0;39m [main] &amp#27;[36mo.s.security.web.FilterChainProxy&amp#27;[0;39m - Securing PATCH /api/v1/admin/returns/626b622f-efaf-40a9-9043-437aa437cc7d/status
17:38:41.038 &amp#27;[39mDEBUG&amp#27;[0;39m [main] &amp#27;[36mo.s.security.web.FilterChainProxy&amp#27;[0;39m - Secured PATCH /api/v1/admin/returns/626b622f-efaf-40a9-9043-437aa437cc7d/status
]]></system-out>
  </testcase>
  <testcase name="adminListReturns_authenticated_returnsPaginatedResult" classname="com.bigbike.bigbike_backend.api.Phase1LReturnsApiTest" time="0.071">
    <system-out><![CDATA[17:38:41.042 &amp#27;[34mINFO &amp#27;[0;39m [main] &amp#27;[36mo.s.b.t.m.w.SpringBootMockServletContext&amp#27;[0;39m - Initializing Spring TestDispatcherServlet ''
17:38:41.042 &amp#27;[34mINFO &amp#27;[0;39m [main] &amp#27;[36mo.s.t.w.s.TestDispatcherServlet&amp#27;[0;39m - Initializing Servlet ''
17:38:41.044 &amp#27;[34mINFO &amp#27;[0;39m [main] &amp#27;[36mo.s.t.w.s.TestDispatcherServlet&amp#27;[0;39m - Completed initialization in 2 ms
17:38:41.044 &amp#27;[39mDEBUG&amp#27;[0;39m [main] &amp#27;[36mo.s.security.web.FilterChainProxy&amp#27;[0;39m - Securing POST /api/v1/auth/login
17:38:41.044 &amp#27;[39mDEBUG&amp#27;[0;39m [main] &amp#27;[36mo.s.s.w.a.AnonymousAuthenticationFilter&amp#27;[0;39m - Set SecurityContextHolder to anonymous SecurityContext
17:38:41.045 &amp#27;[39mDEBUG&amp#27;[0;39m [main] &amp#27;[36mo.s.security.web.FilterChainProxy&amp#27;[0;39m - Secured POST /api/v1/auth/login
17:38:41.076 &amp#27;[39mDEBUG&amp#27;[0;39m [main] &amp#27;[36mo.s.security.web.FilterChainProxy&amp#27;[0;39m - Securing POST /api/v1/auth/login
17:38:41.077 &amp#27;[39mDEBUG&amp#27;[0;39m [main] &amp#27;[36mo.s.s.w.a.AnonymousAuthenticationFilter&amp#27;[0;39m - Set SecurityContextHolder to anonymous SecurityContext
17:38:41.077 &amp#27;[39mDEBUG&amp#27;[0;39m [main] &amp#27;[36mo.s.security.web.FilterChainProxy&amp#27;[0;39m - Secured POST /api/v1/auth/login
17:38:41.107 &amp#27;[39mDEBUG&amp#27;[0;39m [main] &amp#27;[36mo.s.security.web.FilterChainProxy&amp#27;[0;39m - Securing GET /api/v1/admin/returns
17:38:41.107 &amp#27;[39mDEBUG&amp#27;[0;39m [main] &amp#27;[36mo.s.security.web.FilterChainProxy&amp#27;[0;39m - Secured GET /api/v1/admin/returns
]]></system-out>
  </testcase>
  <testcase name="createReturn_completedOrder_returns201WithReturnNumber" classname="com.bigbike.bigbike_backend.api.Phase1LReturnsApiTest" time="0.143">
    <system-out><![CDATA[17:38:41.114 &amp#27;[34mINFO &amp#27;[0;39m [main] &amp#27;[36mo.s.b.t.m.w.SpringBootMockServletContext&amp#27;[0;39m - Initializing Spring TestDispatcherServlet ''
17:38:41.114 &amp#27;[34mINFO &amp#27;[0;39m [main] &amp#27;[36mo.s.t.w.s.TestDispatcherServlet&amp#27;[0;39m - Initializing Servlet ''
17:38:41.116 &amp#27;[34mINFO &amp#27;[0;39m [main] &amp#27;[36mo.s.t.w.s.TestDispatcherServlet&amp#27;[0;39m - Completed initialization in 2 ms
17:38:41.116 &amp#27;[39mDEBUG&amp#27;[0;39m [main] &amp#27;[36mo.s.security.web.FilterChainProxy&amp#27;[0;39m - Securing POST /api/v1/auth/login
17:38:41.117 &amp#27;[39mDEBUG&amp#27;[0;39m [main] &amp#27;[36mo.s.s.w.a.AnonymousAuthenticationFilter&amp#27;[0;39m - Set SecurityContextHolder to anonymous SecurityContext
17:38:41.117 &amp#27;[39mDEBUG&amp#27;[0;39m [main] &amp#27;[36mo.s.security.web.FilterChainProxy&amp#27;[0;39m - Secured POST /api/v1/auth/login
17:38:41.149 &amp#27;[39mDEBUG&amp#27;[0;39m [main] &amp#27;[36mo.s.security.web.FilterChainProxy&amp#27;[0;39m - Securing POST /api/v1/auth/login
17:38:41.149 &amp#27;[39mDEBUG&amp#27;[0;39m [main] &amp#27;[36mo.s.s.w.a.AnonymousAuthenticationFilter&amp#27;[0;39m - Set SecurityContextHolder to anonymous SecurityContext
17:38:41.149 &amp#27;[39mDEBUG&amp#27;[0;39m [main] &amp#27;[36mo.s.security.web.FilterChainProxy&amp#27;[0;39m - Secured POST /api/v1/auth/login
17:38:41.180 &amp#27;[39mDEBUG&amp#27;[0;39m [main] &amp#27;[36mo.s.security.web.FilterChainProxy&amp#27;[0;39m - Securing POST /api/v1/customer/auth/register
17:38:41.180 &amp#27;[39mDEBUG&amp#27;[0;39m [main] &amp#27;[36mo.s.s.w.a.AnonymousAuthenticationFilter&amp#27;[0;39m - Set SecurityContextHolder to anonymous SecurityContext
17:38:41.180 &amp#27;[39mDEBUG&amp#27;[0;39m [main] &amp#27;[36mo.s.security.web.FilterChainProxy&amp#27;[0;39m - Secured POST /api/v1/customer/auth/register
17:38:41.208 &amp#27;[34mINFO &amp#27;[0;39m [main] &amp#27;[36mc.b.b.s.c.EmailVerificationService&amp#27;[0;39m - Mail not configured — verification email skipped for customer 53bff4ef-f93b-4aad-a3b6-123a24c23b61
17:38:41.209 &amp#27;[39mDEBUG&amp#27;[0;39m [main] &amp#27;[36mo.s.security.web.FilterChainProxy&amp#27;[0;39m - Securing POST /api/v1/customer/auth/login
17:38:41.209 &amp#27;[39mDEBUG&amp#27;[0;39m [main] &amp#27;[36mo.s.s.w.a.AnonymousAuthenticationFilter&amp#27;[0;39m - Set SecurityContextHolder to anonymous SecurityContext
17:38:41.209 &amp#27;[39mDEBUG&amp#27;[0;39m [main] &amp#27;[36mo.s.security.web.FilterChainProxy&amp#27;[0;39m - Secured POST /api/v1/customer/auth/login
17:38:41.239 &amp#27;[39mDEBUG&amp#27;[0;39m [main] &amp#27;[36mo.s.security.web.FilterChainProxy&amp#27;[0;39m - Securing POST /api/v1/cart/items
17:38:41.240 &amp#27;[39mDEBUG&amp#27;[0;39m [main] &amp#27;[36mo.s.security.web.FilterChainProxy&amp#27;[0;39m - Secured POST /api/v1/cart/items
17:38:41.243 &amp#27;[39mDEBUG&amp#27;[0;39m [main] &amp#27;[36mo.s.security.web.FilterChainProxy&amp#27;[0;39m - Securing POST /api/v1/checkout
17:38:41.244 &amp#27;[39mDEBUG&amp#27;[0;39m [main] &amp#27;[36mo.s.security.web.FilterChainProxy&amp#27;[0;39m - Secured POST /api/v1/checkout
17:38:41.247 &amp#27;[34mINFO &amp#27;[0;39m [SimpleAsyncTaskExecutor-176] &amp#27;[36mc.b.b.s.c.OrderNotificationService&amp#27;[0;39m - Mail not configured — order confirmation skipped for order BB-20260506-F6A2D9.
17:38:41.248 &amp#27;[39mDEBUG&amp#27;[0;39m [main] &amp#27;[36mc.b.b.service.ws.AdminOrderWsService&amp#27;[0;39m - WS pushed NEW_ORDER for order BB-20260506-F6A2D9
17:38:41.250 &amp#27;[39mDEBUG&amp#27;[0;39m [main] &amp#27;[36mo.s.security.web.FilterChainProxy&amp#27;[0;39m - Securing POST /api/v1/customer/orders/97aee2d0-75d8-4cd1-9f2c-c8e7eae5119a/returns
17:38:41.250 &amp#27;[39mDEBUG&amp#27;[0;39m [main] &amp#27;[36mo.s.security.web.FilterChainProxy&amp#27;[0;39m - Secured POST /api/v1/customer/orders/97aee2d0-75d8-4cd1-9f2c-c8e7eae5119a/returns
17:38:41.252 &amp#27;[34mINFO &amp#27;[0;39m [main] &amp#27;[36mc.b.b.s.c.OrderNotificationService&amp#27;[0;39m - Mail not configured — return-received notification skipped for RMA-001008.
]]></system-out>
  </testcase>
  <testcase name="createReturn_duplicate_returns400" classname="com.bigbike.bigbike_backend.api.Phase1LReturnsApiTest" time="0.145">
    <system-out><![CDATA[17:38:41.257 &amp#27;[34mINFO &amp#27;[0;39m [main] &amp#27;[36mo.s.b.t.m.w.SpringBootMockServletContext&amp#27;[0;39m - Initializing Spring TestDispatcherServlet ''
17:38:41.257 &amp#27;[34mINFO &amp#27;[0;39m [main] &amp#27;[36mo.s.t.w.s.TestDispatcherServlet&amp#27;[0;39m - Initializing Servlet ''
17:38:41.259 &amp#27;[34mINFO &amp#27;[0;39m [main] &amp#27;[36mo.s.t.w.s.TestDispatcherServlet&amp#27;[0;39m - Completed initialization in 2 ms
17:38:41.259 &amp#27;[39mDEBUG&amp#27;[0;39m [main] &amp#27;[36mo.s.security.web.FilterChainProxy&amp#27;[0;39m - Securing POST /api/v1/auth/login
17:38:41.260 &amp#27;[39mDEBUG&amp#27;[0;39m [main] &amp#27;[36mo.s.s.w.a.AnonymousAuthenticationFilter&amp#27;[0;39m - Set SecurityContextHolder to anonymous SecurityContext
17:38:41.260 &amp#27;[39mDEBUG&amp#27;[0;39m [main] &amp#27;[36mo.s.security.web.FilterChainProxy&amp#27;[0;39m - Secured POST /api/v1/auth/login
17:38:41.292 &amp#27;[39mDEBUG&amp#27;[0;39m [main] &amp#27;[36mo.s.security.web.FilterChainProxy&amp#27;[0;39m - Securing POST /api/v1/auth/login
17:38:41.292 &amp#27;[39mDEBUG&amp#27;[0;39m [main] &amp#27;[36mo.s.s.w.a.AnonymousAuthenticationFilter&amp#27;[0;39m - Set SecurityContextHolder to anonymous SecurityContext
17:38:41.292 &amp#27;[39mDEBUG&amp#27;[0;39m [main] &amp#27;[36mo.s.security.web.FilterChainProxy&amp#27;[0;39m - Secured POST /api/v1/auth/login
17:38:41.322 &amp#27;[39mDEBUG&amp#27;[0;39m [main] &amp#27;[36mo.s.security.web.FilterChainProxy&amp#27;[0;39m - Securing POST /api/v1/customer/auth/register
17:38:41.322 &amp#27;[39mDEBUG&amp#27;[0;39m [main] &amp#27;[36mo.s.s.w.a.AnonymousAuthenticationFilter&amp#27;[0;39m - Set SecurityContextHolder to anonymous SecurityContext
17:38:41.322 &amp#27;[39mDEBUG&amp#27;[0;39m [main] &amp#27;[36mo.s.security.web.FilterChainProxy&amp#27;[0;39m - Secured POST /api/v1/customer/auth/register
17:38:41.350 &amp#27;[34mINFO &amp#27;[0;39m [main] &amp#27;[36mc.b.b.s.c.EmailVerificationService&amp#27;[0;39m - Mail not configured — verification email skipped for customer c8c99813-fb88-4e1f-8c0f-91f8a295f98b
17:38:41.352 &amp#27;[39mDEBUG&amp#27;[0;39m [main] &amp#27;[36mo.s.security.web.FilterChainProxy&amp#27;[0;39m - Securing POST /api/v1/customer/auth/login
17:38:41.352 &amp#27;[39mDEBUG&amp#27;[0;39m [main] &amp#27;[36mo.s.s.w.a.AnonymousAuthenticationFilter&amp#27;[0;39m - Set SecurityContextHolder to anonymous SecurityContext
[...]
17:38:41.967 &amp#27;[39mDEBUG&amp#27;[0;39m [main] &amp#27;[36mo.s.security.web.FilterChainProxy&amp#27;[0;39m - Secured GET /api/v1/customer/orders/returns
]]></system-out>
  </testcase>
  <testcase name="adminListReturns_noAuth_returns401" classname="com.bigbike.bigbike_backend.api.Phase1LReturnsApiTest" time="0.115">
    <system-out><![CDATA[17:38:41.972 &amp#27;[34mINFO &amp#27;[0;39m [main] &amp#27;[36mo.s.b.t.m.w.SpringBootMockServletContext&amp#27;[0;39m - Initializing Spring TestDispatcherServlet ''
17:38:41.973 &amp#27;[34mINFO &amp#27;[0;39m [main] &amp#27;[36mo.s.t.w.s.TestDispatcherServlet&amp#27;[0;39m - Initializing Servlet ''
17:38:41.974 &amp#27;[34mINFO &amp#27;[0;39m [main] &amp#27;[36mo.s.t.w.s.TestDispatcherServlet&amp#27;[0;39m - Completed initialization in 1 ms
17:38:41.975 &amp#27;[39mDEBUG&amp#27;[0;39m [main] &amp#27;[36mo.s.security.web.FilterChainProxy&amp#27;[0;39m - Securing POST /api/v1/auth/login
17:38:41.975 &amp#27;[39mDEBUG&amp#27;[0;39m [main] &amp#27;[36mo.s.s.w.a.AnonymousAuthenticationFilter&amp#27;[0;39m - Set SecurityContextHolder to anonymous SecurityContext
17:38:41.975 &amp#27;[39mDEBUG&amp#27;[0;39m [main] &amp#27;[36mo.s.security.web.FilterChainProxy&amp#27;[0;39m - Secured POST /api/v1/auth/login
17:38:42.034 &amp#27;[39mDEBUG&amp#27;[0;39m [main] &amp#27;[36mo.s.security.web.FilterChainProxy&amp#27;[0;39m - Securing POST /api/v1/auth/login
17:38:42.035 &amp#27;[39mDEBUG&amp#27;[0;39m [main] &amp#27;[36mo.s.s.w.a.AnonymousAuthenticationFilter&amp#27;[0;39m - Set SecurityContextHolder to anonymous SecurityContext
17:38:42.035 &amp#27;[39mDEBUG&amp#27;[0;39m [main] &amp#27;[36mo.s.security.web.FilterChainProxy&amp#27;[0;39m - Secured POST /api/v1/auth/login
17:38:42.081 &amp#27;[39mDEBUG&amp#27;[0;39m [main] &amp#27;[36mo.s.security.web.FilterChainProxy&amp#27;[0;39m - Securing GET /api/v1/admin/returns
17:38:42.083 &amp#27;[39mDEBUG&amp#27;[0;39m [main] &amp#27;[36mo.s.s.w.a.AnonymousAuthenticationFilter&amp#27;[0;39m - Set SecurityContextHolder to anonymous SecurityContext
]]></system-out>
  </testcase>
  <testcase name="getReturn_ownReturn_returnsFullDetail" classname="com.bigbike.bigbike_backend.api.Phase1LReturnsApiTest" time="0.192">
    <system-out><![CDATA[17:38:42.089 &amp#27;[34mINFO &amp#27;[0;39m [main] &amp#27;[36mo.s.b.t.m.w.SpringBootMockServletContext&amp#27;[0;39m - Initializing Spring TestDispatcherServlet ''
17:38:42.089 &amp#27;[34mINFO &amp#27;[0;39m [main] &amp#27;[36mo.s.t.w.s.TestDispatcherServlet&amp#27;[0;39m - Initializing Servlet ''
17:38:42.090 &amp#27;[34mINFO &amp#27;[0;39m [main] &amp#27;[36mo.s.t.w.s.TestDispatcherServlet&amp#27;[0;39m - Completed initialization in 1 ms
17:38:42.090 &amp#27;[39mDEBUG&amp#27;[0;39m [main] &amp#27;[36mo.s.security.web.FilterChainProxy&amp#27;[0;39m - Securing POST /api/v1/auth/login
17:38:42.090 &amp#27;[39mDEBUG&amp#27;[0;39m [main] &amp#27;[36mo.s.s.w.a.AnonymousAuthenticationFilter&amp#27;[0;39m - Set SecurityContextHolder to anonymous SecurityContext
17:38:42.090 &amp#27;[39mDEBUG&amp#27;[0;39m [main] &amp#27;[36mo.s.security.web.FilterChainProxy&amp#27;[0;39m - Secured POST /api/v1/auth/login
17:38:42.132 &amp#27;[39mDEBUG&amp#27;[0;39m [main] &amp#27;[36mo.s.security.web.FilterChainProxy&amp#27;[0;39m - Securing POST /api/v1/auth/login
17:38:42.133 &amp#27;[39mDEBUG&amp#27;[0;39m [main] &amp#27;[36mo.s.s.w.a.AnonymousAuthenticationFilter&amp#27;[0;39m - Set SecurityContextHolder to anonymous SecurityContext
17:38:42.133 &amp#27;[39mDEBUG&amp#27;[0;39m [main] &amp#27;[36mo.s.security.web.FilterChainProxy&amp#27;[0;39m - Secured POST /api/v1/auth/login
17:38:42.178 &amp#27;[39mDEBUG&amp#27;[0;39m [main] &amp#27;[36mo.s.security.web.FilterChainProxy&amp#27;[0;39m - Securing POST /api/v1/customer/auth/register
17:38:42.178 &amp#27;[39mDEBUG&amp#27;[0;39m [main] &amp#27;[36mo.s.s.w.a.AnonymousAuthenticationFilter&amp#27;[0;39m - Set SecurityContextHolder to anonymous SecurityContext
17:38:42.178 &amp#27;[39mDEBUG&amp#27;[0;39m [main] &amp#27;[36mo.s.security.web.FilterChainProxy&amp#27;[0;39m - Secured POST /api/v1/customer/auth/register
17:38:42.222 &amp#27;[34mINFO &amp#27;[0;39m [main] &amp#27;[36mc.b.b.s.c.EmailVerificationService&amp#27;[0;39m - Mail not configured — verification email skipped for customer 19f9c268-1406-4e63-a7f4-37ae28579cdc
17:38:42.223 &amp#27;[39mDEBUG&amp#27;[0;39m [main] &amp#27;[36mo.s.security.web.FilterChainProxy&amp#27;[0;39m - Securing POST /api/v1/customer/auth/login
17:38:42.223 &amp#27;[39mDEBUG&amp#27;[0;39m [main] &amp#27;[36mo.s.s.w.a.AnonymousAuthenticationFilter&amp#27;[0;39m - Set SecurityContextHolder to anonymous SecurityContext
17:38:42.223 &amp#27;[39mDEBUG&amp#27;[0;39m [main] &amp#27;[36mo.s.security.web.FilterChainProxy&amp#27;[0;39m - Secured POST /api/v1/customer/auth/login
17:38:42.259 &amp#27;[39mDEBUG&amp#27;[0;39m [main] &amp#27;[36mo.s.security.web.FilterChainProxy&amp#27;[0;39m - Securing POST /api/v1/cart/items
17:38:42.260 &amp#27;[39mDEBUG&amp#27;[0;39m [main] &amp#27;[36mo.s.security.web.FilterChainProxy&amp#27;[0;39m - Secured POST /api/v1/cart/items
17:38:42.262 &amp#27;[39mDEBUG&amp#27;[0;39m [main] &amp#27;[36mo.s.security.web.FilterChainProxy&amp#27;[0;39m - Securing POST /api/v1/checkout
17:38:42.263 &amp#27;[39mDEBUG&amp#27;[0;39m [main] &amp#27;[36mo.s.security.web.FilterChainProxy&amp#27;[0;39m - Secured POST /api/v1/checkout
17:38:42.266 &amp#27;[34mINFO &amp#27;[0;39m [SimpleAsyncTaskExecutor-186] &amp#27;[36mc.b.b.s.c.OrderNotificationService&amp#27;[0;39m - Mail not configured — order confirmation skipped for order BB-20260506-992CD6.
17:38:42.267 &amp#27;[39mDEBUG&amp#27;[0;39m [main] &amp#27;[36mc.b.b.service.ws.AdminOrderWsService&amp#27;[0;39m - WS pushed NEW_ORDER for order BB-20260506-992CD6
17:38:42.270 &amp#27;[39mDEBUG&amp#27;[0;39m [main] &amp#27;[36mo.s.security.web.FilterChainProxy&amp#27;[0;39m - Securing POST /api/v1/customer/orders/9c3dbef4-4da1-4e43-98b5-c832f821df33/returns
17:38:42.271 &amp#27;[39mDEBUG&amp#27;[0;39m [main] &amp#27;[36mo.s.security.web.FilterChainProxy&amp#27;[0;39m - Secured POST /api/v1/customer/orders/9c3dbef4-4da1-4e43-98b5-c832f821df33/returns
17:38:42.273 &amp#27;[34mINFO &amp#27;[0;39m [main] &amp#27;[36mc.b.b.s.c.OrderNotificationService&amp#27;[0;39m - Mail not configured — return-received notification skipped for RMA-001012.
17:38:42.275 &amp#27;[39mDEBUG&amp#27;[0;39m [main] &amp#27;[36mo.s.security.web.FilterChainProxy&amp#27;[0;39m - Securing GET /api/v1/customer/orders/returns/5f9a0266-f763-43ea-b586-1f33a8dffbf8
17:38:42.275 &amp#27;[39mDEBUG&amp#27;[0;39m [main] &amp#27;[36mo.s.security.web.FilterChainProxy&amp#27;[0;39m - Secured GET /api/v1/customer/orders/returns/5f9a0266-f763-43ea-b586-1f33a8dffbf8
]]></system-out>
  </testcase>
  <testcase name="createReturn_itemProductNameDerivedFromDB" classname="com.bigbike.bigbike_backend.api.Phase1LReturnsApiTest" time="0.203">
    <system-out><![CDATA[17:38:42.282 &amp#27;[34mINFO &amp#27;[0;39m [main] &amp#27;[36mo.s.b.t.m.w.SpringBootMockServletContext&amp#27;[0;39m - Initializing Spring TestDispatcherServlet ''
17:38:42.282 &amp#27;[34mINFO &amp#27;[0;39m [main] &amp#27;[36mo.s.t.w.s.TestDispatcherServlet&amp#27;[0;39m - Initializing Servlet ''
17:38:42.283 &amp#27;[34mINFO &amp#27;[0;39m [main] &amp#27;[36mo.s.t.w.s.TestDispatcherServlet&amp#27;[0;39m - Completed initialization in 1 ms
17:38:42.284 &amp#27;[39mDEBUG&amp#27;[0;39m [main] &amp#27;[36mo.s.security.web.FilterChainProxy&amp#27;[0;39m - Securing POST /api/v1/auth/login
17:38:42.284 &amp#27;[39mDEBUG&amp#27;[0;39m [main] &amp#27;[36mo.s.s.w.a.AnonymousAuthenticationFilter&amp#27;[0;39m - Set SecurityContextHolder to anonymous SecurityContext
17:38:42.284 &amp#27;[39mDEBUG&amp#27;[0;39m [main] &amp#27;[36mo.s.security.web.FilterChainProxy&amp#27;[0;39m - Secured POST /api/v1/auth/login
17:38:42.329 &amp#27;[39mDEBUG&amp#27;[0;39m [main] &amp#27;[36mo.s.security.web.FilterChainProxy&amp#27;[0;39m - Securing POST /api/v1/auth/login
17:38:42.329 &amp#27;[39mDEBUG&amp#27;[0;39m [main] &amp#27;[36mo.s.s.w.a.AnonymousAuthenticationFilter&amp#27;[0;39m - Set SecurityContextHolder to anonymous SecurityContext
17:38:42.329 &amp#27;[39mDEBUG&amp#27;[0;39m [main] &amp#27;[36mo.s.security.web.FilterChainProxy&amp#27;[0;39m - Secured POST /api/v1/auth/login
17:38:42.386 &amp#27;[39mDEBUG&amp#27;[0;39m [main] &amp#27;[36mo.s.security.web.FilterChainProxy&amp#27;[0;39m - Securing POST /api/v1/customer/auth/register
17:38:42.386 &amp#27;[39mDEBUG&amp#27;[0;39m [main] &amp#27;[36mo.s.s.w.a.AnonymousAuthenticationFilter&amp#27;[0;39m - Set SecurityContextHolder to anonymous SecurityContext
17:38:42.386 &amp#27;[39mDEBUG&amp#27;[0;39m [main] &amp#27;[36mo.s.security.web.FilterChainProxy&amp#27;[0;39m - Secured POST /api/v1/customer/auth/register
17:38:42.422 &amp#27;[34mINFO &amp#27;[0;39m [main] &amp#27;[36mc.b.b.s.c.EmailVerificationService&amp#27;[0;39m - Mail not configured — verification email skipped for customer cbc45d26-48bf-4d33-81a4-c81d5d6f3e51
17:38:42.424 &amp#27;[39mDEBUG&amp#27;[0;39m [main] &amp#27;[36mo.s.security.web.FilterChainProxy&amp#27;[0;39m - Securing POST /api/v1/customer/auth/login
17:38:42.424 &amp#27;[39mDEBUG&amp#27;[0;39m [main] &amp#27;[36mo.s.s.w.a.AnonymousAuthenticationFilter&amp#27;[0;39m - Set SecurityContextHolder to anonymous SecurityContext
17:38:42.424 &amp#27;[39mDEBUG&amp#27;[0;39m [main] &amp#27;[36mo.s.security.web.FilterChainProxy&amp#27;[0;39m - Secured POST /api/v1/customer/auth/login
17:38:42.464 &amp#27;[39mDEBUG&amp#27;[0;39m [main] &amp#27;[36mo.s.security.web.FilterChainProxy&amp#27;[0;39m - Securing POST /api/v1/cart/items
17:38:42.465 &amp#27;[39mDEBUG&amp#27;[0;39m [main] &amp#27;[36mo.s.security.web.FilterChainProxy&amp#27;[0;39m - Secured POST /api/v1/cart/items
17:38:42.469 &amp#27;[39mDEBUG&amp#27;[0;39m [main] &amp#27;[36mo.s.security.web.FilterChainProxy&amp#27;[0;39m - Securing POST /api/v1/checkout
17:38:42.470 &amp#27;[39mDEBUG&amp#27;[0;39m [main] &amp#27;[36mo.s.security.web.FilterChainProxy&amp#27;[0;39m - Secured POST /api/v1/checkout
17:38:42.474 &amp#27;[34mINFO &amp#27;[0;39m [SimpleAsyncTaskExecutor-188] &amp#27;[36mc.b.b.s.c.OrderNotificationService&amp#27;[0;39m - Mail not configured — order confirmation skipped for order BB-20260506-DA72CC.
17:38:42.475 &amp#27;[39mDEBUG&amp#27;[0;39m [main] &amp#27;[36mc.b.b.service.ws.AdminOrderWsService&amp#27;[0;39m - WS pushed NEW_ORDER for order BB-20260506-DA72CC
17:38:42.477 &amp#27;[39mDEBUG&amp#27;[0;39m [main] &amp#27;[36mo.s.security.web.FilterChainProxy&amp#27;[0;39m - Securing POST /api/v1/customer/orders/bc86944d-1985-44cb-b844-e15bec59d5cd/returns
17:38:42.478 &amp#27;[39mDEBUG&amp#27;[0;39m [main] &amp#27;[36mo.s.security.web.FilterChainProxy&amp#27;[0;39m - Secured POST /api/v1/customer/orders/bc86944d-1985-44cb-b844-e15bec59d5cd/returns
17:38:42.481 &amp#27;[34mINFO &amp#27;[0;39m [main] &amp#27;[36mc.b.b.s.c.OrderNotificationService&amp#27;[0;39m - Mail not configured — return-received notification skipped for RMA-001013.
]]></system-out>
  </testcase>
  <testcase name="createReturn_invalidReason_returns400" classname="com.bigbike.bigbike_backend.api.Phase1LReturnsApiTest" time="0.212">
    <system-out><![CDATA[17:38:42.486 &amp#27;[34mINFO &amp#27;[0;39m [main] &amp#27;[36mo.s.b.t.m.w.SpringBootMockServletContext&amp#27;[0;39m - Initializing Spring TestDispatcherServlet ''
17:38:42.486 &amp#27;[34mINFO &amp#27;[0;39m [main] &amp#27;[36mo.s.t.w.s.TestDispatcherServlet&amp#27;[0;39m - Initializing Servlet ''
17:38:42.488 &amp#27;[34mINFO &amp#27;[0;39m [main] &amp#27;[36mo.s.t.w.s.TestDispatcherServlet&amp#27;[0;39m - Completed initialization in 2 ms
17:38:42.489 &amp#27;[39mDEBUG&amp#27;[0;39m [main] &amp#27;[36mo.s.security.web.FilterChainProxy&amp#27;[0;39m - Securing POST /api/v1/auth/login
17:38:42.489 &amp#27;[39mDEBUG&amp#27;[0;39m [main] &amp#27;[36mo.s.s.w.a.AnonymousAuthenticationFilter&amp#27;[0;39m - Set SecurityContextHolder to anonymous SecurityContext
17:38:42.490 &amp#27;[39mDEBUG&amp#27;[0;39m [main] &amp#27;[36mo.s.security.web.FilterChainProxy&amp#27;[0;39m - Secured POST /api/v1/auth/login
17:38:42.538 &amp#27;[39mDEBUG&amp#27;[0;39m [main] &amp#27;[36mo.s.security.web.FilterChainProxy&amp#27;[0;39m - Securing POST /api/v1/auth/login
17:38:42.538 &amp#27;[39mDEBUG&amp#27;[0;39m [main] &amp#27;[36mo.s.s.w.a.AnonymousAuthenticationFilter&amp#27;[0;39m - Set SecurityContextHolder to anonymous SecurityContext
17:38:42.538 &amp#27;[39mDEBUG&amp#27;[0;39m [main] &amp#27;[36mo.s.security.web.FilterChainProxy&amp#27;[0;39m - Secured POST /api/v1/auth/login
17:38:42.581 &amp#27;[39mDEBUG&amp#27;[0;39m [main] &amp#27;[36mo.s.security.web.FilterChainProxy&amp#27;[0;39m - Securing POST /api/v1/customer/auth/register
17:38:42.582 &amp#27;[39mDEBUG&amp#27;[0;39m [main] &amp#27;[36mo.s.s.w.a.AnonymousAuthenticationFilter&amp#27;[0;39m - Set SecurityContextHolder to anonymous SecurityContext
17:38:42.582 &amp#27;[39mDEBUG&amp#27;[0;39m [main] &amp#27;[36mo.s.security.web.FilterChainProxy&amp#27;[0;39m - Secured POST /api/v1/customer/auth/register
17:38:42.620 &amp#27;[34mINFO &amp#27;[0;39m [main] &amp#27;[36mc.b.b.s.c.EmailVerificationService&amp#27;[0;39m - Mail not configured — verification email skipped for customer 87c8f675-1d3b-4dd2-9901-1a61e69bade6
17:38:42.621 &amp#27;[39mDEBUG&amp#27;[0;39m [main] &amp#27;[36mo.s.security.web.FilterChainProxy&amp#27;[0;39m - Securing POST /api/v1/customer/auth/login
17:38:42.621 &amp#27;[39mDEBUG&amp#27;[0;39m [main] &amp#27;[36mo.s.s.w.a.AnonymousAuthenticationFilter&amp#27;[0;39m - Set SecurityContextHolder to anonymous SecurityContext
17:38:42.621 &amp#27;[39mDEBUG&amp#27;[0;39m [main] &amp#27;[36mo.s.security.web.FilterChainProxy&amp#27;[0;39m - Secured POST /api/v1/customer/auth/login
17:38:42.669 &amp#27;[39mDEBUG&amp#27;[0;39m [main] &amp#27;[36mo.s.security.web.FilterChainProxy&amp#27;[0;39m - Securing POST /api/v1/cart/items
17:38:42.672 &amp#27;[39mDEBUG&amp#27;[0;39m [main] &amp#27;[36mo.s.security.web.FilterChainProxy&amp#27;[0;39m - Secured POST /api/v1/cart/items
17:38:42.678 &amp#27;[39mDEBUG&amp#27;[0;39m [main] &amp#27;[36mo.s.security.web.FilterChainProxy&amp#27;[0;39m - Securing POST /api/v1/checkout
17:38:42.680 &amp#27;[39mDEBUG&amp#27;[0;39m [main] &amp#27;[36mo.s.security.web.FilterChainProxy&amp#27;[0;39m - Secured POST /api/v1/checkout
17:38:42.686 &amp#27;[34mINFO &amp#27;[0;39m [SimpleAsyncTaskExecutor-190] &amp#27;[36mc.b.b.s.c.OrderNotificationService&amp#27;[0;39m - Mail not configured — order confirmation skipped for order BB-20260506-0DB69E.
17:38:42.687 &amp#27;[39mDEBUG&amp#27;[0;39m [main] &amp#27;[36mc.b.b.service.ws.AdminOrderWsService&amp#27;[0;39m - WS pushed NEW_ORDER for order BB-20260506-0DB69E
17:38:42.692 &amp#27;[39mDEBUG&amp#27;[0;39m [main] &amp#27;[36mo.s.security.web.FilterChainProxy&amp#27;[0;39m - Securing POST /api/v1/customer/orders/776d572f-79a0-4d0c-9022-c041b7e9ae9e/returns
17:38:42.693 &amp#27;[39mDEBUG&amp#27;[0;39m [main] &amp#27;[36mo.s.security.web.FilterChainProxy&amp#27;[0;39m - Secured POST /api/v1/customer/orders/776d572f-79a0-4d0c-9022-c041b7e9ae9e/returns
]]></system-out>
  </testcase>
  <testcase name="adminGetReturn_includesOrderNumberAndCustomerEmail" classname="com.bigbike.bigbike_backend.api.Phase1LReturnsApiTest" time="0.218">
    <system-out><![CDATA[17:38:42.699 &amp#27;[34mINFO &amp#27;[0;39m [main] &amp#27;[36mo.s.b.t.m.w.SpringBootMockServletContext&amp#27;[0;39m - Initializing Spring TestDispatcherServlet ''
17:38:42.699 &amp#27;[34mINFO &amp#27;[0;39m [main] &amp#27;[36mo.s.t.w.s.TestDispatcherServlet&amp#27;[0;39m - Initializing Servlet ''
17:38:42.701 &amp#27;[34mINFO &amp#27;[0;39m [main] &amp#27;[36mo.s.t.w.s.TestDispatcherServlet&amp#27;[0;39m - Completed initialization in 2 ms
17:38:42.702 &amp#27;[39mDEBUG&amp#27;[0;39m [main] &amp#27;[36mo.s.security.web.FilterChainProxy&amp#27;[0;39m - Securing POST /api/v1/auth/login
17:38:42.703 &amp#27;[39mDEBUG&amp#27;[0;39m [main] &amp#27;[36mo.s.s.w.a.AnonymousAuthenticationFilter&amp#27;[0;39m - Set SecurityContextHolder to anonymous SecurityContext
17:38:42.703 &amp#27;[39mDEBUG&amp#27;[0;39m [main] &amp#27;[36mo.s.security.web.FilterChainProxy&amp#27;[0;39m - Secured POST /api/v1/auth/login
17:38:42.745 &amp#27;[39mDEBUG&amp#27;[0;39m [main] &amp#27;[36mo.s.security.web.FilterChainProxy&amp#27;[0;39m - Securing POST /api/v1/auth/login
17:38:42.745 &amp#27;[39mDEBUG&amp#27;[0;39m [main] &amp#27;[36mo.s.s.w.a.AnonymousAuthenticationFilter&amp#27;[0;39m - Set SecurityContextHolder to anonymous SecurityContext
17:38:42.745 &amp#27;[39mDEBUG&amp#27;[0;39m [main] &amp#27;[36mo.s.security.web.FilterChainProxy&amp#27;[0;39m - Secured POST /api/v1/auth/login
17:38:42.797 &amp#27;[39mDEBUG&amp#27;[0;39m [main] &amp#27;[36mo.s.security.web.FilterChainProxy&amp#27;[0;39m - Securing POST /api/v1/customer/auth/register
17:38:42.797 &amp#27;[39mDEBUG&amp#27;[0;39m [main] &amp#27;[36mo.s.s.w.a.AnonymousAuthenticationFilter&amp#27;[0;39m - Set SecurityContextHolder to anonymous SecurityContext
17:38:42.797 &amp#27;[39mDEBUG&amp#27;[0;39m [main] &amp#27;[36mo.s.security.web.FilterChainProxy&amp#27;[0;39m - Secured POST /api/v1/customer/auth/register
17:38:42.837 &amp#27;[34mINFO &amp#27;[0;39m [main] &amp#27;[36mc.b.b.s.c.EmailVerificationService&amp#27;[0;39m - Mail not configured — verification email skipped for customer 9eef909b-a03f-4d8c-9cea-7900be679f3e
17:38:42.839 &amp#27;[39mDEBUG&amp#27;[0;39m [main] &amp#27;[36mo.s.security.web.FilterChainProxy&amp#27;[0;39m - Securing POST /api/v1/customer/auth/login
17:38:42.839 &amp#27;[39mDEBUG&amp#27;[0;39m [main] &amp#27;[36mo.s.s.w.a.AnonymousAuthenticationFilter&amp#27;[0;39m - Set SecurityContextHolder to anonymous SecurityContext
17:38:42.839 &amp#27;[39mDEBUG&amp#27;[0;39m [main] &amp#27;[36mo.s.security.web.FilterChainProxy&amp#27;[0;39m - Secured POST /api/v1/customer/auth/login
17:38:42.885 &amp#27;[39mDEBUG&amp#27;[0;39m [main] &amp#27;[36mo.s.security.web.FilterChainProxy&amp#27;[0;39m - Securing POST /api/v1/cart/items
17:38:42.887 &amp#27;[39mDEBUG&amp#27;[0;39m [main] &amp#27;[36mo.s.security.web.FilterChainProxy&amp#27;[0;39m - Secured POST /api/v1/cart/items
17:38:42.892 &amp#27;[39mDEBUG&amp#27;[0;39m [main] &amp#27;[36mo.s.security.web.FilterChainProxy&amp#27;[0;39m - Securing POST /api/v1/checkout
17:38:42.894 &amp#27;[39mDEBUG&amp#27;[0;39m [main] &amp#27;[36mo.s.security.web.FilterChainProxy&amp#27;[0;39m - Secured POST /api/v1/checkout
17:38:42.899 &amp#27;[34mINFO &amp#27;[0;39m [SimpleAsyncTaskExecutor-192] &amp#27;[36mc.b.b.s.c.OrderNotificationService&amp#27;[0;39m - Mail not configured — order confirmation skipped for order BB-20260506-B7A3C9.
17:38:42.900 &amp#27;[39mDEBUG&amp#27;[0;39m [main] &amp#27;[36mc.b.b.service.ws.AdminOrderWsService&amp#27;[0;39m - WS pushed NEW_ORDER for order BB-20260506-B7A3C9
17:38:42.903 &amp#27;[39mDEBUG&amp#27;[0;39m [main] &amp#27;[36mo.s.security.web.FilterChainProxy&amp#27;[0;39m - Securing POST /api/v1/customer/orders/b27c1991-2fb2-4b14-8beb-5fe28ec95f61/returns
17:38:42.904 &amp#27;[39mDEBUG&amp#27;[0;39m [main] &amp#27;[36mo.s.security.web.FilterChainProxy&amp#27;[0;39m - Secured POST /api/v1/customer/orders/b27c1991-2fb2-4b14-8beb-5fe28ec95f61/returns
17:38:42.906 &amp#27;[34mINFO &amp#27;[0;39m [main] &amp#27;[36mc.b.b.s.c.OrderNotificationService&amp#27;[0;39m - Mail not configured — return-received notification skipped for RMA-001014.
17:38:42.910 &amp#27;[39mDEBUG&amp#27;[0;39m [main] &amp#27;[36mo.s.security.web.FilterChainProxy&amp#27;[0;39m - Securing GET /api/v1/admin/returns/fa4c2f7f-3306-4e7d-b5f5-9afa0b3c9f5f
17:38:42.911 &amp#27;[39mDEBUG&amp#27;[0;39m [main] &amp#27;[36mo.s.security.web.FilterChainProxy&amp#27;[0;39m - Secured GET /api/v1/admin/returns/fa4c2f7f-3306-4e7d-b5f5-9afa0b3c9f5f
]]></system-out>
  </testcase>
</testsuite>